
> tokpulse-dashboard@0.1.0 build /workspace/packages/dashboard
> vite build

vite v5.4.21 building for production...
transforming...
✓ 2773 modules transformed.
rendering chunks...
computing gzip size...
dist/index.html                              0.95 kB │ gzip:   0.45 kB
dist/assets/index-BLhZCYHg.css              26.69 kB │ gzip:   5.25 kB
dist/assets/utils-B-dksMZM.js                0.37 kB │ gzip:   0.24 kB
dist/assets/StreakWidget-9Sb9L0cF.js         0.49 kB │ gzip:   0.31 kB
dist/assets/MediaWidget-ClJotclX.js          0.50 kB │ gzip:   0.34 kB
dist/assets/ExportButton-B4X8sVZ3.js         0.64 kB │ gzip:   0.48 kB
dist/assets/FunnelChart-D06WXP9a.js          0.65 kB │ gzip:   0.38 kB
dist/assets/ProPanel-BeoolWxh.js             0.66 kB │ gzip:   0.43 kB
dist/assets/SettingsDrawer-CIxNhX0A.js       0.66 kB │ gzip:   0.35 kB
dist/assets/XPBar-CekNgW9R.js                0.69 kB │ gzip:   0.44 kB
dist/assets/Leaderboard-OVQocZMC.js          0.72 kB │ gzip:   0.38 kB
dist/assets/ActivityFeed-ByyNhDQP.js         0.80 kB │ gzip:   0.45 kB
dist/assets/ChannelShareChart-DUb7_6Mh.js    0.84 kB │ gzip:   0.51 kB
dist/assets/TrialBanner-wvaDNyoK.js          1.73 kB │ gzip:   1.03 kB
dist/assets/SupportWidget-T49Q6sRK.js        2.00 kB │ gzip:   1.00 kB
dist/assets/CommandPalette-DfaoLPOE.js       2.17 kB │ gzip:   1.23 kB
dist/assets/state-Bas5hVkg.js                3.59 kB │ gzip:   1.58 kB
dist/assets/icons-DYOvYiVw.js               12.26 kB │ gzip:   2.98 kB
dist/assets/index-BFwua8M-.js               17.17 kB │ gzip:   5.67 kB
dist/assets/ReactShowcase-D_tshhMi.js       34.68 kB │ gzip:   9.05 kB
dist/assets/motion-C8Z7gdyz.js             112.27 kB │ gzip:  37.09 kB
dist/assets/react-DnQQq7lD.js              140.99 kB │ gzip:  45.30 kB
dist/assets/charts-BSsubsQc.js             390.81 kB │ gzip: 105.91 kB
✓ built in 12.42s
