
> tokpulse-hydrogen@1.0.0 build /workspace/packages/tokpulse-hydrogen
> shopify app build

â–â–â–‚â–‚â–ƒâ–ƒâ–„â–„â–…â–…â–†â–†â–‡â–‡â–ˆâ–ˆâ–‡â–‡â–†â–†â–…â–…â–„â–„â–ƒâ–ƒâ–‚â–‚â–â–â–â–â–‚â–‚â–ƒâ–ƒâ–„â–„â–…â–…â–†â–†â–‡â–‡â–ˆâ–ˆâ–‡â–‡â–†â–†â–…â–…â–„â–„â–ƒâ–ƒâ–‚â–‚â–â–â–â–â–‚â–‚â–ƒâ–ƒâ–„â–„â–…â–…â–†â–†â–‡â–‡â–ˆâ–ˆâ–‡â–‡â–†â–†
â–…â–…â–„â–„â–ƒâ–ƒâ–‚â–‚â–â–
Installing dependencies ...
[2K[1A[2K[1A[2K[1A[2K[Gâ–â–â–â–‚â–‚â–ƒâ–ƒâ–„â–„â–…â–…â–†â–†â–‡â–‡â–ˆâ–ˆâ–‡â–‡â–†â–†â–…â–…â–„â–„â–ƒâ–ƒâ–‚â–‚â–â–â–â–â–‚â–‚â–ƒâ–ƒâ–„â–„â–…â–…â–†â–†â–‡â–‡â–ˆâ–ˆâ–‡â–‡â–†â–†â–…â–…â–„â–„â–ƒâ–ƒâ–‚â–‚â–â–â–â–â–‚â–‚â–ƒâ–ƒâ–„â–„â–…â–…â–†â–†â–‡â–‡â–ˆâ–ˆâ–‡â–‡â–†
Installing dependencies ...
[2K[1A[2K[1A[2K[Gâ–â–â–â–â–‚â–‚â–ƒâ–ƒâ–„â–„â–…â–…â–†â–†â–‡â–‡â–ˆâ–ˆâ–‡â–‡â–†â–†â–…â–…â–„â–„â–ƒâ–ƒâ–‚â–‚â–â–â–â–â–‚â–‚â–ƒâ–ƒâ–„â–„â–…â–…â–†â–†â–‡â–‡â–ˆâ–ˆâ–‡â–‡â–†â–†â–…â–…â–„â–„â–ƒâ–ƒâ–‚â–‚â–â–â–â–â–‚â–‚â–ƒâ–ƒâ–„â–„â–…â–…â–†â–†â–‡â–‡â–ˆâ–ˆâ–‡â–‡
Installing dependencies ...
[2K[1A[2K[1A[2K[Gâ–‚â–â–â–â–â–‚â–‚â–ƒâ–ƒâ–„â–„â–…â–…â–†â–†â–‡â–‡â–ˆâ–ˆâ–‡â–‡â–†â–†â–…â–…â–„â–„â–ƒâ–ƒâ–‚â–‚â–â–â–â–â–‚â–‚â–ƒâ–ƒâ–„â–„â–…â–…â–†â–†â–‡â–‡â–ˆâ–ˆâ–‡â–‡â–†â–†â–…â–…â–„â–„â–ƒâ–ƒâ–‚â–‚â–â–â–â–â–‚â–‚â–ƒâ–ƒâ–„â–„â–…â–…â–†â–†â–‡â–‡â–ˆâ–ˆâ–‡
Installing dependencies ...
[2K[1A[2K[1A[2K[Gâ–‚â–‚â–â–â–â–â–‚â–‚â–ƒâ–ƒâ–„â–„â–…â–…â–†â–†â–‡â–‡â–ˆâ–ˆâ–‡â–‡â–†â–†â–…â–…â–„â–„â–ƒâ–ƒâ–‚â–‚â–â–â–â–â–‚â–‚â–ƒâ–ƒâ–„â–„â–…â–…â–†â–†â–‡â–‡â–ˆâ–ˆâ–‡â–‡â–†â–†â–…â–…â–„â–„â–ƒâ–ƒâ–‚â–‚â–â–â–â–â–‚â–‚â–ƒâ–ƒâ–„â–„â–…â–…â–†â–†â–‡â–‡â–ˆâ–ˆ
Installing dependencies ...
[2K[1A[2K[1A[2K[Gâ–ƒâ–‚â–‚â–â–â–â–â–‚â–‚â–ƒâ–ƒâ–„â–„â–…â–…â–†â–†â–‡â–‡â–ˆâ–ˆâ–‡â–‡â–†â–†â–…â–…â–„â–„â–ƒâ–ƒâ–‚â–‚â–â–â–â–â–‚â–‚â–ƒâ–ƒâ–„â–„â–…â–…â–†â–†â–‡â–‡â–ˆâ–ˆâ–‡â–‡â–†â–†â–…â–…â–„â–„â–ƒâ–ƒâ–‚â–‚â–â–â–â–â–‚â–‚â–ƒâ–ƒâ–„â–„â–…â–…â–†â–†â–‡â–‡â–ˆ
Installing dependencies ...
[2K[1A[2K[1A[2K[Gâ–ƒâ–ƒâ–‚â–‚â–â–â–â–â–‚â–‚â–ƒâ–ƒâ–„â–„â–…â–…â–†â–†â–‡â–‡â–ˆâ–ˆâ–‡â–‡â–†â–†â–…â–…â–„â–„â–ƒâ–ƒâ–‚â–‚â–â–â–â–â–‚â–‚â–ƒâ–ƒâ–„â–„â–…â–…â–†â–†â–‡â–‡â–ˆâ–ˆâ–‡â–‡â–†â–†â–…â–…â–„â–„â–ƒâ–ƒâ–‚â–‚â–â–â–â–â–‚â–‚â–ƒâ–ƒâ–„â–„â–…â–…â–†â–†â–‡â–‡
Installing dependencies ...
[2K[1A[2K[1A[2K[Gâ–„â–ƒâ–ƒâ–‚â–‚â–â–â–â–â–‚â–‚â–ƒâ–ƒâ–„â–„â–…â–…â–†â–†â–‡â–‡â–ˆâ–ˆâ–‡â–‡â–†â–†â–…â–…â–„â–„â–ƒâ–ƒâ–‚â–‚â–â–â–â–â–‚â–‚â–ƒâ–ƒâ–„â–„â–…â–…â–†â–†â–‡â–‡â–ˆâ–ˆâ–‡â–‡â–†â–†â–…â–…â–„â–„â–ƒâ–ƒâ–‚â–‚â–â–â–â–â–‚â–‚â–ƒâ–ƒâ–„â–„â–…â–…â–†â–†â–‡
Installing dependencies ...
[2K[1A[2K[1A[2K[Gâ–„â–„â–ƒâ–ƒâ–‚â–‚â–â–â–â–â–‚â–‚â–ƒâ–ƒâ–„â–„â–…â–…â–†â–†â–‡â–‡â–ˆâ–ˆâ–‡â–‡â–†â–†â–…â–…â–„â–„â–ƒâ–ƒâ–‚â–‚â–â–â–â–â–‚â–‚â–ƒâ–ƒâ–„â–„â–…â–…â–†â–†â–‡â–‡â–ˆâ–ˆâ–‡â–‡â–†â–†â–…â–…â–„â–„â–ƒâ–ƒâ–‚â–‚â–â–â–â–â–‚â–‚â–ƒâ–ƒâ–„â–„â–…â–…â–†â–†
Installing dependencies ...
[2K[1A[2K[1A[2K[Gâ–…â–„â–„â–ƒâ–ƒâ–‚â–‚â–â–â–â–â–‚â–‚â–ƒâ–ƒâ–„â–„â–…â–…â–†â–†â–‡â–‡â–ˆâ–ˆâ–‡â–‡â–†â–†â–…â–…â–„â–„â–ƒâ–ƒâ–‚â–‚â–â–â–â–â–‚â–‚â–ƒâ–ƒâ–„â–„â–…â–…â–†â–†â–‡â–‡â–ˆâ–ˆâ–‡â–‡â–†â–†â–…â–…â–„â–„â–ƒâ–ƒâ–‚â–‚â–â–â–â–â–‚â–‚â–ƒâ–ƒâ–„â–„â–…â–…â–†
Installing dependencies ...
[2K[1A[2K[1A[2K[Gâ–…â–…â–„â–„â–ƒâ–ƒâ–‚â–‚â–â–â–â–â–‚â–‚â–ƒâ–ƒâ–„â–„â–…â–…â–†â–†â–‡â–‡â–ˆâ–ˆâ–‡â–‡â–†â–†â–…â–…â–„â–„â–ƒâ–ƒâ–‚â–‚â–â–â–â–â–‚â–‚â–ƒâ–ƒâ–„â–„â–…â–…â–†â–†â–‡â–‡â–ˆâ–ˆâ–‡â–‡â–†â–†â–…â–…â–„â–„â–ƒâ–ƒâ–‚â–‚â–â–â–â–â–‚â–‚â–ƒâ–ƒâ–„â–„â–…â–…
Installing dependencies ...
[2K[1A[2K[1A[2K[Gâ–†â–…â–…â–„â–„â–ƒâ–ƒâ–‚â–‚â–â–â–â–â–‚â–‚â–ƒâ–ƒâ–„â–„â–…â–…â–†â–†â–‡â–‡â–ˆâ–ˆâ–‡â–‡â–†â–†â–…â–…â–„â–„â–ƒâ–ƒâ–‚â–‚â–â–â–â–â–‚â–‚â–ƒâ–ƒâ–„â–„â–…â–…â–†â–†â–‡â–‡â–ˆâ–ˆâ–‡â–‡â–†â–†â–…â–…â–„â–„â–ƒâ–ƒâ–‚â–‚â–â–â–â–â–‚â–‚â–ƒâ–ƒâ–„â–„â–…
Installing dependencies ...
[2K[1A[2K[1A[2K[Gâ–†â–†â–…â–…â–„â–„â–ƒâ–ƒâ–‚â–‚â–â–â–â–â–‚â–‚â–ƒâ–ƒâ–„â–„â–…â–…â–†â–†â–‡â–‡â–ˆâ–ˆâ–‡â–‡â–†â–†â–…â–…â–„â–„â–ƒâ–ƒâ–‚â–‚â–â–â–â–â–‚â–‚â–ƒâ–ƒâ–„â–„â–…â–…â–†â–†â–‡â–‡â–ˆâ–ˆâ–‡â–‡â–†â–†â–…â–…â–„â–„â–ƒâ–ƒâ–‚â–‚â–â–â–â–â–‚â–‚â–ƒâ–ƒâ–„â–„
Installing dependencies ...
[2K[1A[2K[1A[2K[Gâ–‡â–†â–†â–…â–…â–„â–„â–ƒâ–ƒâ–‚â–‚â–â–â–â–â–‚â–‚â–ƒâ–ƒâ–„â–„â–…â–…â–†â–†â–‡â–‡â–ˆâ–ˆâ–‡â–‡â–†â–†â–…â–…â–„â–„â–ƒâ–ƒâ–‚â–‚â–â–â–â–â–‚â–‚â–ƒâ–ƒâ–„â–„â–…â–…â–†â–†â–‡â–‡â–ˆâ–ˆâ–‡â–‡â–†â–†â–…â–…â–„â–„â–ƒâ–ƒâ–‚â–‚â–â–â–â–â–‚â–‚â–ƒâ–ƒâ–„
Installing dependencies ...
[2K[1A[2K[1A[2K[Gâ–‡â–‡â–†â–†â–…â–…â–„â–„â–ƒâ–ƒâ–‚â–‚â–â–â–â–â–‚â–‚â–ƒâ–ƒâ–„â–„â–…â–…â–†â–†â–‡â–‡â–ˆâ–ˆâ–‡â–‡â–†â–†â–…â–…â–„â–„â–ƒâ–ƒâ–‚â–‚â–â–â–â–â–‚â–‚â–ƒâ–ƒâ–„â–„â–…â–…â–†â–†â–‡â–‡â–ˆâ–ˆâ–‡â–‡â–†â–†â–…â–…â–„â–„â–ƒâ–ƒâ–‚â–‚â–â–â–â–â–‚â–‚â–ƒâ–ƒ
Installing dependencies ...
[2K[1A[2K[1A[2K[Gâ–ˆâ–‡â–‡â–†â–†â–…â–…â–„â–„â–ƒâ–ƒâ–‚â–‚â–â–â–â–â–‚â–‚â–ƒâ–ƒâ–„â–„â–…â–…â–†â–†â–‡â–‡â–ˆâ–ˆâ–‡â–‡â–†â–†â–…â–…â–„â–„â–ƒâ–ƒâ–‚â–‚â–â–â–â–â–‚â–‚â–ƒâ–ƒâ–„â–„â–…â–…â–†â–†â–‡â–‡â–ˆâ–ˆâ–‡â–‡â–†â–†â–…â–…â–„â–„â–ƒâ–ƒâ–‚â–‚â–â–â–â–â–‚â–‚â–ƒ
Installing dependencies ...
[2K[1A[2K[1A[2K[Gâ–ˆâ–ˆâ–‡â–‡â–†â–†â–…â–…â–„â–„â–ƒâ–ƒâ–‚â–‚â–â–â–â–â–‚â–‚â–ƒâ–ƒâ–„â–„â–…â–…â–†â–†â–‡â–‡â–ˆâ–ˆâ–‡â–‡â–†â–†â–…â–…â–„â–„â–ƒâ–ƒâ–‚â–‚â–â–â–â–â–‚â–‚â–ƒâ–ƒâ–„â–„â–…â–…â–†â–†â–‡â–‡â–ˆâ–ˆâ–‡â–‡â–†â–†â–…â–…â–„â–„â–ƒâ–ƒâ–‚â–‚â–â–â–â–â–‚â–‚
Installing dependencies ...
[2K[1A[2K[1A[2K[Gâ–‡â–ˆâ–ˆâ–‡â–‡â–†â–†â–…â–…â–„â–„â–ƒâ–ƒâ–‚â–‚â–â–â–â–â–‚â–‚â–ƒâ–ƒâ–„â–„â–…â–…â–†â–†â–‡â–‡â–ˆâ–ˆâ–‡â–‡â–†â–†â–…â–…â–„â–„â–ƒâ–ƒâ–‚â–‚â–â–â–â–â–‚â–‚â–ƒâ–ƒâ–„â–„â–…â–…â–†â–†â–‡â–‡â–ˆâ–ˆâ–‡â–‡â–†â–†â–…â–…â–„â–„â–ƒâ–ƒâ–‚â–‚â–â–â–â–â–‚
Installing dependencies ...
[2K[1A[2K[1A[2K[Gâ–‡â–‡â–ˆâ–ˆâ–‡â–‡â–†â–†â–…â–…â–„â–„â–ƒâ–ƒâ–‚â–‚â–â–â–â–â–‚â–‚â–ƒâ–ƒâ–„â–„â–…â–…â–†â–†â–‡â–‡â–ˆâ–ˆâ–‡â–‡â–†â–†â–…â–…â–„â–„â–ƒâ–ƒâ–‚â–‚â–â–â–â–â–‚â–‚â–ƒâ–ƒâ–„â–„â–…â–…â–†â–†â–‡â–‡â–ˆâ–ˆâ–‡â–‡â–†â–†â–…â–…â–„â–„â–ƒâ–ƒâ–‚â–‚â–â–â–â–
Installing dependencies ...
[2K[1A[2K[1A[2K[Gâ–†â–‡â–‡â–ˆâ–ˆâ–‡â–‡â–†â–†â–…â–…â–„â–„â–ƒâ–ƒâ–‚â–‚â–â–â–â–â–‚â–‚â–ƒâ–ƒâ–„â–„â–…â–…â–†â–†â–‡â–‡â–ˆâ–ˆâ–‡â–‡â–†â–†â–…â–…â–„â–„â–ƒâ–ƒâ–‚â–‚â–â–â–â–â–‚â–‚â–ƒâ–ƒâ–„â–„â–…â–…â–†â–†â–‡â–‡â–ˆâ–ˆâ–‡â–‡â–†â–†â–…â–…â–„â–„â–ƒâ–ƒâ–‚â–‚â–â–â–
Installing dependencies ...
[2K[1A[2K[1A[2K[Gâ–†â–†â–‡â–‡â–ˆâ–ˆâ–‡â–‡â–†â–†â–…â–…â–„â–„â–ƒâ–ƒâ–‚â–‚â–â–â–â–â–‚â–‚â–ƒâ–ƒâ–„â–„â–…â–…â–†â–†â–‡â–‡â–ˆâ–ˆâ–‡â–‡â–†â–†â–…â–…â–„â–„â–ƒâ–ƒâ–‚â–‚â–â–â–â–â–‚â–‚â–ƒâ–ƒâ–„â–„â–…â–…â–†â–†â–‡â–‡â–ˆâ–ˆâ–‡â–‡â–†â–†â–…â–…â–„â–„â–ƒâ–ƒâ–‚â–‚â–â–
Installing dependencies ...
[2K[1A[2K[1A[2K[Gâ–…â–†â–†â–‡â–‡â–ˆâ–ˆâ–‡â–‡â–†â–†â–…â–…â–„â–„â–ƒâ–ƒâ–‚â–‚â–â–â–â–â–‚â–‚â–ƒâ–ƒâ–„â–„â–…â–…â–†â–†â–‡â–‡â–ˆâ–ˆâ–‡â–‡â–†â–†â–…â–…â–„â–„â–ƒâ–ƒâ–‚â–‚â–â–â–â–â–‚â–‚â–ƒâ–ƒâ–„â–„â–…â–…â–†â–†â–‡â–‡â–ˆâ–ˆâ–‡â–‡â–†â–†â–…â–…â–„â–„â–ƒâ–ƒâ–‚â–‚â–
Installing dependencies ...
[2K[1A[2K[1A[2K[Gâ–…â–…â–†â–†â–‡â–‡â–ˆâ–ˆâ–‡â–‡â–†â–†â–…â–…â–„â–„â–ƒâ–ƒâ–‚â–‚â–â–â–â–â–‚â–‚â–ƒâ–ƒâ–„â–„â–…â–…â–†â–†â–‡â–‡â–ˆâ–ˆâ–‡â–‡â–†â–†â–…â–…â–„â–„â–ƒâ–ƒâ–‚â–‚â–â–â–â–â–‚â–‚â–ƒâ–ƒâ–„â–„â–…â–…â–†â–†â–‡â–‡â–ˆâ–ˆâ–‡â–‡â–†â–†â–…â–…â–„â–„â–ƒâ–ƒâ–‚â–‚
Installing dependencies ...
[2K[1A[2K[1A[2K[Gâ–„â–…â–…â–†â–†â–‡â–‡â–ˆâ–ˆâ–‡â–‡â–†â–†â–…â–…â–„â–„â–ƒâ–ƒâ–‚â–‚â–â–â–â–â–‚â–‚â–ƒâ–ƒâ–„â–„â–…â–…â–†â–†â–‡â–‡â–ˆâ–ˆâ–‡â–‡â–†â–†â–…â–…â–„â–„â–ƒâ–ƒâ–‚â–‚â–â–â–â–â–‚â–‚â–ƒâ–ƒâ–„â–„â–…â–…â–†â–†â–‡â–‡â–ˆâ–ˆâ–‡â–‡â–†â–†â–…â–…â–„â–„â–ƒâ–ƒâ–‚
Installing dependencies ...
[2K[1A[2K[1A[2K[Gâ–„â–„â–…â–…â–†â–†â–‡â–‡â–ˆâ–ˆâ–‡â–‡â–†â–†â–…â–…â–„â–„â–ƒâ–ƒâ–‚â–‚â–â–â–â–â–‚â–‚â–ƒâ–ƒâ–„â–„â–…â–…â–†â–†â–‡â–‡â–ˆâ–ˆâ–‡â–‡â–†â–†â–…â–…â–„â–„â–ƒâ–ƒâ–‚â–‚â–â–â–â–â–‚â–‚â–ƒâ–ƒâ–„â–„â–…â–…â–†â–†â–‡â–‡â–ˆâ–ˆâ–‡â–‡â–†â–†â–…â–…â–„â–„â–ƒâ–ƒ
Installing dependencies ...
[2K[1A[2K[1A[2K[Gâ–ƒâ–„â–„â–…â–…â–†â–†â–‡â–‡â–ˆâ–ˆâ–‡â–‡â–†â–†â–…â–…â–„â–„â–ƒâ–ƒâ–‚â–‚â–â–â–â–â–‚â–‚â–ƒâ–ƒâ–„â–„â–…â–…â–†â–†â–‡â–‡â–ˆâ–ˆâ–‡â–‡â–†â–†â–…â–…â–„â–„â–ƒâ–ƒâ–‚â–‚â–â–â–â–â–‚â–‚â–ƒâ–ƒâ–„â–„â–…â–…â–†â–†â–‡â–‡â–ˆâ–ˆâ–‡â–‡â–†â–†â–…â–…â–„â–„â–ƒ
Installing dependencies ...
[2K[1A[2K[1A[2K[Gâ–ƒâ–ƒâ–„â–„â–…â–…â–†â–†â–‡â–‡â–ˆâ–ˆâ–‡â–‡â–†â–†â–…â–…â–„â–„â–ƒâ–ƒâ–‚â–‚â–â–â–â–â–‚â–‚â–ƒâ–ƒâ–„â–„â–…â–…â–†â–†â–‡â–‡â–ˆâ–ˆâ–‡â–‡â–†â–†â–…â–…â–„â–„â–ƒâ–ƒâ–‚â–‚â–â–â–â–â–‚â–‚â–ƒâ–ƒâ–„â–„â–…â–…â–†â–†â–‡â–‡â–ˆâ–ˆâ–‡â–‡â–†â–†â–…â–…â–„â–„
Installing dependencies ...
[2K[1A[2K[1A[2K[Gâ–‚â–ƒâ–ƒâ–„â–„â–…â–…â–†â–†â–‡â–‡â–ˆâ–ˆâ–‡â–‡â–†â–†â–…â–…â–„â–„â–ƒâ–ƒâ–‚â–‚â–â–â–â–â–‚â–‚â–ƒâ–ƒâ–„â–„â–…â–…â–†â–†â–‡â–‡â–ˆâ–ˆâ–‡â–‡â–†â–†â–…â–…â–„â–„â–ƒâ–ƒâ–‚â–‚â–â–â–â–â–‚â–‚â–ƒâ–ƒâ–„â–„â–…â–…â–†â–†â–‡â–‡â–ˆâ–ˆâ–‡â–‡â–†â–†â–…â–…â–„
Installing dependencies ...
[2K[1A[2K[1A[2K[Gâ–‚â–‚â–ƒâ–ƒâ–„â–„â–…â–…â–†â–†â–‡â–‡â–ˆâ–ˆâ–‡â–‡â–†â–†â–…â–…â–„â–„â–ƒâ–ƒâ–‚â–‚â–â–â–â–â–‚â–‚â–ƒâ–ƒâ–„â–„â–…â–…â–†â–†â–‡â–‡â–ˆâ–ˆâ–‡â–‡â–†â–†â–…â–…â–„â–„â–ƒâ–ƒâ–‚â–‚â–â–â–â–â–‚â–‚â–ƒâ–ƒâ–„â–„â–…â–…â–†â–†â–‡â–‡â–ˆâ–ˆâ–‡â–‡â–†â–†â–…â–…
Installing dependencies ...
[2K[1A[2K[1A[2K[Gâ–â–‚â–‚â–ƒâ–ƒâ–„â–„â–…â–…â–†â–†â–‡â–‡â–ˆâ–ˆâ–‡â–‡â–†â–†â–…â–…â–„â–„â–ƒâ–ƒâ–‚â–‚â–â–â–â–â–‚â–‚â–ƒâ–ƒâ–„â–„â–…â–…â–†â–†â–‡â–‡â–ˆâ–ˆâ–‡â–‡â–†â–†â–…â–…â–„â–„â–ƒâ–ƒâ–‚â–‚â–â–â–â–â–‚â–‚â–ƒâ–ƒâ–„â–„â–…â–…â–†â–†â–‡â–‡â–ˆâ–ˆâ–‡â–‡â–†â–†â–…
Installing dependencies ...
[2K[1A[2K[1A[2K[Gâ–â–â–‚â–‚â–ƒâ–ƒâ–„â–„â–…â–…â–†â–†â–‡â–‡â–ˆâ–ˆâ–‡â–‡â–†â–†â–…â–…â–„â–„â–ƒâ–ƒâ–‚â–‚â–â–â–â–â–‚â–‚â–ƒâ–ƒâ–„â–„â–…â–…â–†â–†â–‡â–‡â–ˆâ–ˆâ–‡â–‡â–†â–†â–…â–…â–„â–„â–ƒâ–ƒâ–‚â–‚â–â–â–â–â–‚â–‚â–ƒâ–ƒâ–„â–„â–…â–…â–†â–†â–‡â–‡â–ˆâ–ˆâ–‡â–‡â–†â–†
Installing dependencies ...
[2K[1A[2K[1A[2K[Gâ–â–â–â–‚â–‚â–ƒâ–ƒâ–„â–„â–…â–…â–†â–†â–‡â–‡â–ˆâ–ˆâ–‡â–‡â–†â–†â–…â–…â–„â–„â–ƒâ–ƒâ–‚â–‚â–â–â–â–â–‚â–‚â–ƒâ–ƒâ–„â–„â–…â–…â–†â–†â–‡â–‡â–ˆâ–ˆâ–‡â–‡â–†â–†â–…â–…â–„â–„â–ƒâ–ƒâ–‚â–‚â–â–â–â–â–‚â–‚â–ƒâ–ƒâ–„â–„â–…â–…â–†â–†â–‡â–‡â–ˆâ–ˆâ–‡â–‡â–†
Installing dependencies ...
[2K[1A[2K[1A[2K[Gâ–â–â–â–â–‚â–‚â–ƒâ–ƒâ–„â–„â–…â–…â–†â–†â–‡â–‡â–ˆâ–ˆâ–‡â–‡â–†â–†â–…â–…â–„â–„â–ƒâ–ƒâ–‚â–‚â–â–â–â–â–‚â–‚â–ƒâ–ƒâ–„â–„â–…â–…â–†â–†â–‡â–‡â–ˆâ–ˆâ–‡â–‡â–†â–†â–…â–…â–„â–„â–ƒâ–ƒâ–‚â–‚â–â–â–â–â–‚â–‚â–ƒâ–ƒâ–„â–„â–…â–…â–†â–†â–‡â–‡â–ˆâ–ˆâ–‡â–‡
Installing dependencies ...
[2K[1A[2K[1A[2K[Gâ–‚â–â–â–â–â–‚â–‚â–ƒâ–ƒâ–„â–„â–…â–…â–†â–†â–‡â–‡â–ˆâ–ˆâ–‡â–‡â–†â–†â–…â–…â–„â–„â–ƒâ–ƒâ–‚â–‚â–â–â–â–â–‚â–‚â–ƒâ–ƒâ–„â–„â–…â–…â–†â–†â–‡â–‡â–ˆâ–ˆâ–‡â–‡â–†â–†â–…â–…â–„â–„â–ƒâ–ƒâ–‚â–‚â–â–â–â–â–‚â–‚â–ƒâ–ƒâ–„â–„â–…â–…â–†â–†â–‡â–‡â–ˆâ–ˆâ–‡
Installing dependencies ...
[2K[1A[2K[1A[2K[Gâ–‚â–‚â–â–â–â–â–‚â–‚â–ƒâ–ƒâ–„â–„â–…â–…â–†â–†â–‡â–‡â–ˆâ–ˆâ–‡â–‡â–†â–†â–…â–…â–„â–„â–ƒâ–ƒâ–‚â–‚â–â–â–â–â–‚â–‚â–ƒâ–ƒâ–„â–„â–…â–…â–†â–†â–‡â–‡â–ˆâ–ˆâ–‡â–‡â–†â–†â–…â–…â–„â–„â–ƒâ–ƒâ–‚â–‚â–â–â–â–â–‚â–‚â–ƒâ–ƒâ–„â–„â–…â–…â–†â–†â–‡â–‡â–ˆâ–ˆ
Installing dependencies ...
[2K[1A[2K[1A[2K[Gâ–ƒâ–‚â–‚â–â–â–â–â–‚â–‚â–ƒâ–ƒâ–„â–„â–…â–…â–†â–†â–‡â–‡â–ˆâ–ˆâ–‡â–‡â–†â–†â–…â–…â–„â–„â–ƒâ–ƒâ–‚â–‚â–â–â–â–â–‚â–‚â–ƒâ–ƒâ–„â–„â–…â–…â–†â–†â–‡â–‡â–ˆâ–ˆâ–‡â–‡â–†â–†â–…â–…â–„â–„â–ƒâ–ƒâ–‚â–‚â–â–â–â–â–‚â–‚â–ƒâ–ƒâ–„â–„â–…â–…â–†â–†â–‡â–‡â–ˆ
Installing dependencies ...
[2K[1A[2K[1A[2K[Gâ–ƒâ–ƒâ–‚â–‚â–â–â–â–â–‚â–‚â–ƒâ–ƒâ–„â–„â–…â–…â–†â–†â–‡â–‡â–ˆâ–ˆâ–‡â–‡â–†â–†â–…â–…â–„â–„â–ƒâ–ƒâ–‚â–‚â–â–â–â–â–‚â–‚â–ƒâ–ƒâ–„â–„â–…â–…â–†â–†â–‡â–‡â–ˆâ–ˆâ–‡â–‡â–†â–†â–…â–…â–„â–„â–ƒâ–ƒâ–‚â–‚â–â–â–â–â–‚â–‚â–ƒâ–ƒâ–„â–„â–…â–…â–†â–†â–‡â–‡
Installing dependencies ...
[2K[1A[2K[1A[2K[Gâ–„â–ƒâ–ƒâ–‚â–‚â–â–â–â–â–‚â–‚â–ƒâ–ƒâ–„â–„â–…â–…â–†â–†â–‡â–‡â–ˆâ–ˆâ–‡â–‡â–†â–†â–…â–…â–„â–„â–ƒâ–ƒâ–‚â–‚â–â–â–â–â–‚â–‚â–ƒâ–ƒâ–„â–„â–…â–…â–†â–†â–‡â–‡â–ˆâ–ˆâ–‡â–‡â–†â–†â–…â–…â–„â–„â–ƒâ–ƒâ–‚â–‚â–â–â–â–â–‚â–‚â–ƒâ–ƒâ–„â–„â–…â–…â–†â–†â–‡
Installing dependencies ...
[2K[1A[2K[1A[2K[Gâ–„â–„â–ƒâ–ƒâ–‚â–‚â–â–â–â–â–‚â–‚â–ƒâ–ƒâ–„â–„â–…â–…â–†â–†â–‡â–‡â–ˆâ–ˆâ–‡â–‡â–†â–†â–…â–…â–„â–„â–ƒâ–ƒâ–‚â–‚â–â–â–â–â–‚â–‚â–ƒâ–ƒâ–„â–„â–…â–…â–†â–†â–‡â–‡â–ˆâ–ˆâ–‡â–‡â–†â–†â–…â–…â–„â–„â–ƒâ–ƒâ–‚â–‚â–â–â–â–â–‚â–‚â–ƒâ–ƒâ–„â–„â–…â–…â–†â–†
Installing dependencies ...
[2K[1A[2K[1A[2K[Gâ–…â–„â–„â–ƒâ–ƒâ–‚â–‚â–â–â–â–â–‚â–‚â–ƒâ–ƒâ–„â–„â–…â–…â–†â–†â–‡â–‡â–ˆâ–ˆâ–‡â–‡â–†â–†â–…â–…â–„â–„â–ƒâ–ƒâ–‚â–‚â–â–â–â–â–‚â–‚â–ƒâ–ƒâ–„â–„â–…â–…â–†â–†â–‡â–‡â–ˆâ–ˆâ–‡â–‡â–†â–†â–…â–…â–„â–„â–ƒâ–ƒâ–‚â–‚â–â–â–â–â–‚â–‚â–ƒâ–ƒâ–„â–„â–…â–…â–†
Installing dependencies ...
[2K[1A[2K[1A[2K[Gâ–…â–…â–„â–„â–ƒâ–ƒâ–‚â–‚â–â–â–â–â–‚â–‚â–ƒâ–ƒâ–„â–„â–…â–…â–†â–†â–‡â–‡â–ˆâ–ˆâ–‡â–‡â–†â–†â–…â–…â–„â–„â–ƒâ–ƒâ–‚â–‚â–â–â–â–â–‚â–‚â–ƒâ–ƒâ–„â–„â–…â–…â–†â–†â–‡â–‡â–ˆâ–ˆâ–‡â–‡â–†â–†â–…â–…â–„â–„â–ƒâ–ƒâ–‚â–‚â–â–â–â–â–‚â–‚â–ƒâ–ƒâ–„â–„â–…â–…
Installing dependencies ...
[2K[1A[2K[1A[2K[Gâ–†â–…â–…â–„â–„â–ƒâ–ƒâ–‚â–‚â–â–â–â–â–‚â–‚â–ƒâ–ƒâ–„â–„â–…â–…â–†â–†â–‡â–‡â–ˆâ–ˆâ–‡â–‡â–†â–†â–…â–…â–„â–„â–ƒâ–ƒâ–‚â–‚â–â–â–â–â–‚â–‚â–ƒâ–ƒâ–„â–„â–…â–…â–†â–†â–‡â–‡â–ˆâ–ˆâ–‡â–‡â–†â–†â–…â–…â–„â–„â–ƒâ–ƒâ–‚â–‚â–â–â–â–â–‚â–‚â–ƒâ–ƒâ–„â–„â–…
Installing dependencies ...
[2K[1A[2K[1A[2K[Gâ–†â–†â–…â–…â–„â–„â–ƒâ–ƒâ–‚â–‚â–â–â–â–â–‚â–‚â–ƒâ–ƒâ–„â–„â–…â–…â–†â–†â–‡â–‡â–ˆâ–ˆâ–‡â–‡â–†â–†â–…â–…â–„â–„â–ƒâ–ƒâ–‚â–‚â–â–â–â–â–‚â–‚â–ƒâ–ƒâ–„â–„â–…â–…â–†â–†â–‡â–‡â–ˆâ–ˆâ–‡â–‡â–†â–†â–…â–…â–„â–„â–ƒâ–ƒâ–‚â–‚â–â–â–â–â–‚â–‚â–ƒâ–ƒâ–„â–„
Installing dependencies ...
[2K[1A[2K[1A[2K[Gâ–‡â–†â–†â–…â–…â–„â–„â–ƒâ–ƒâ–‚â–‚â–â–â–â–â–‚â–‚â–ƒâ–ƒâ–„â–„â–…â–…â–†â–†â–‡â–‡â–ˆâ–ˆâ–‡â–‡â–†â–†â–…â–…â–„â–„â–ƒâ–ƒâ–‚â–‚â–â–â–â–â–‚â–‚â–ƒâ–ƒâ–„â–„â–…â–…â–†â–†â–‡â–‡â–ˆâ–ˆâ–‡â–‡â–†â–†â–…â–…â–„â–„â–ƒâ–ƒâ–‚â–‚â–â–â–â–â–‚â–‚â–ƒâ–ƒâ–„
Installing dependencies ...
[2K[1A[2K[1A[2K[Gâ–‡â–‡â–†â–†â–…â–…â–„â–„â–ƒâ–ƒâ–‚â–‚â–â–â–â–â–‚â–‚â–ƒâ–ƒâ–„â–„â–…â–…â–†â–†â–‡â–‡â–ˆâ–ˆâ–‡â–‡â–†â–†â–…â–…â–„â–„â–ƒâ–ƒâ–‚â–‚â–â–â–â–â–‚â–‚â–ƒâ–ƒâ–„â–„â–…â–…â–†â–†â–‡â–‡â–ˆâ–ˆâ–‡â–‡â–†â–†â–…â–…â–„â–„â–ƒâ–ƒâ–‚â–‚â–â–â–â–â–‚â–‚â–ƒâ–ƒ
Installing dependencies ...
[2K[1A[2K[1A[2K[Gâ–ˆâ–‡â–‡â–†â–†â–…â–…â–„â–„â–ƒâ–ƒâ–‚â–‚â–â–â–â–â–‚â–‚â–ƒâ–ƒâ–„â–„â–…â–…â–†â–†â–‡â–‡â–ˆâ–ˆâ–‡â–‡â–†â–†â–…â–…â–„â–„â–ƒâ–ƒâ–‚â–‚â–â–â–â–â–‚â–‚â–ƒâ–ƒâ–„â–„â–…â–…â–†â–†â–‡â–‡â–ˆâ–ˆâ–‡â–‡â–†â–†â–…â–…â–„â–„â–ƒâ–ƒâ–‚â–‚â–â–â–â–â–‚â–‚â–ƒ
Installing dependencies ...
[2K[1A[2K[1A[2K[Gâ–ˆâ–ˆâ–‡â–‡â–†â–†â–…â–…â–„â–„â–ƒâ–ƒâ–‚â–‚â–â–â–â–â–‚â–‚â–ƒâ–ƒâ–„â–„â–…â–…â–†â–†â–‡â–‡â–ˆâ–ˆâ–‡â–‡â–†â–†â–…â–…â–„â–„â–ƒâ–ƒâ–‚â–‚â–â–â–â–â–‚â–‚â–ƒâ–ƒâ–„â–„â–…â–…â–†â–†â–‡â–‡â–ˆâ–ˆâ–‡â–‡â–†â–†â–…â–…â–„â–„â–ƒâ–ƒâ–‚â–‚â–â–â–â–â–‚â–‚
Installing dependencies ...
[2K[1A[2K[1A[2K[Gâ–‡â–ˆâ–ˆâ–‡â–‡â–†â–†â–…â–…â–„â–„â–ƒâ–ƒâ–‚â–‚â–â–â–â–â–‚â–‚â–ƒâ–ƒâ–„â–„â–…â–…â–†â–†â–‡â–‡â–ˆâ–ˆâ–‡â–‡â–†â–†â–…â–…â–„â–„â–ƒâ–ƒâ–‚â–‚â–â–â–â–â–‚â–‚â–ƒâ–ƒâ–„â–„â–…â–…â–†â–†â–‡â–‡â–ˆâ–ˆâ–‡â–‡â–†â–†â–…â–…â–„â–„â–ƒâ–ƒâ–‚â–‚â–â–â–â–â–‚
Installing dependencies ...
[2K[1A[2K[1A[2K[Gâ–‡â–‡â–ˆâ–ˆâ–‡â–‡â–†â–†â–…â–…â–„â–„â–ƒâ–ƒâ–‚â–‚â–â–â–â–â–‚â–‚â–ƒâ–ƒâ–„â–„â–…â–…â–†â–†â–‡â–‡â–ˆâ–ˆâ–‡â–‡â–†â–†â–…â–…â–„â–„â–ƒâ–ƒâ–‚â–‚â–â–â–â–â–‚â–‚â–ƒâ–ƒâ–„â–„â–…â–…â–†â–†â–‡â–‡â–ˆâ–ˆâ–‡â–‡â–†â–†â–…â–…â–„â–„â–ƒâ–ƒâ–‚â–‚â–â–â–â–
Installing dependencies ...
[2K[1A[2K[1A[2K[Gâ–†â–‡â–‡â–ˆâ–ˆâ–‡â–‡â–†â–†â–…â–…â–„â–„â–ƒâ–ƒâ–‚â–‚â–â–â–â–â–‚â–‚â–ƒâ–ƒâ–„â–„â–…â–…â–†â–†â–‡â–‡â–ˆâ–ˆâ–‡â–‡â–†â–†â–…â–…â–„â–„â–ƒâ–ƒâ–‚â–‚â–â–â–â–â–‚â–‚â–ƒâ–ƒâ–„â–„â–…â–…â–†â–†â–‡â–‡â–ˆâ–ˆâ–‡â–‡â–†â–†â–…â–…â–„â–„â–ƒâ–ƒâ–‚â–‚â–â–â–
Installing dependencies ...
[2K[1A[2K[1A[2K[Gâ–†â–†â–‡â–‡â–ˆâ–ˆâ–‡â–‡â–†â–†â–…â–…â–„â–„â–ƒâ–ƒâ–‚â–‚â–â–â–â–â–‚â–‚â–ƒâ–ƒâ–„â–„â–…â–…â–†â–†â–‡â–‡â–ˆâ–ˆâ–‡â–‡â–†â–†â–…â–…â–„â–„â–ƒâ–ƒâ–‚â–‚â–â–â–â–â–‚â–‚â–ƒâ–ƒâ–„â–„â–…â–…â–†â–†â–‡â–‡â–ˆâ–ˆâ–‡â–‡â–†â–†â–…â–…â–„â–„â–ƒâ–ƒâ–‚â–‚â–â–
Installing dependencies ...
[2K[1A[2K[1A[2K[Gâ–…â–†â–†â–‡â–‡â–ˆâ–ˆâ–‡â–‡â–†â–†â–…â–…â–„â–„â–ƒâ–ƒâ–‚â–‚â–â–â–â–â–‚â–‚â–ƒâ–ƒâ–„â–„â–…â–…â–†â–†â–‡â–‡â–ˆâ–ˆâ–‡â–‡â–†â–†â–…â–…â–„â–„â–ƒâ–ƒâ–‚â–‚â–â–â–â–â–‚â–‚â–ƒâ–ƒâ–„â–„â–…â–…â–†â–†â–‡â–‡â–ˆâ–ˆâ–‡â–‡â–†â–†â–…â–…â–„â–„â–ƒâ–ƒâ–‚â–‚â–
Installing dependencies ...
[2K[1A[2K[1A[2K[Gâ–…â–…â–†â–†â–‡â–‡â–ˆâ–ˆâ–‡â–‡â–†â–†â–…â–…â–„â–„â–ƒâ–ƒâ–‚â–‚â–â–â–â–â–‚â–‚â–ƒâ–ƒâ–„â–„â–…â–…â–†â–†â–‡â–‡â–ˆâ–ˆâ–‡â–‡â–†â–†â–…â–…â–„â–„â–ƒâ–ƒâ–‚â–‚â–â–â–â–â–‚â–‚â–ƒâ–ƒâ–„â–„â–…â–…â–†â–†â–‡â–‡â–ˆâ–ˆâ–‡â–‡â–†â–†â–…â–…â–„â–„â–ƒâ–ƒâ–‚â–‚
Installing dependencies ...
[2K[1A[2K[1A[2K[Gâ–„â–…â–…â–†â–†â–‡â–‡â–ˆâ–ˆâ–‡â–‡â–†â–†â–…â–…â–„â–„â–ƒâ–ƒâ–‚â–‚â–â–â–â–â–‚â–‚â–ƒâ–ƒâ–„â–„â–…â–…â–†â–†â–‡â–‡â–ˆâ–ˆâ–‡â–‡â–†â–†â–…â–…â–„â–„â–ƒâ–ƒâ–‚â–‚â–â–â–â–â–‚â–‚â–ƒâ–ƒâ–„â–„â–…â–…â–†â–†â–‡â–‡â–ˆâ–ˆâ–‡â–‡â–†â–†â–…â–…â–„â–„â–ƒâ–ƒâ–‚
Installing dependencies ...
[2K[1A[2K[1A[2K[Gâ–„â–„â–…â–…â–†â–†â–‡â–‡â–ˆâ–ˆâ–‡â–‡â–†â–†â–…â–…â–„â–„â–ƒâ–ƒâ–‚â–‚â–â–â–â–â–‚â–‚â–ƒâ–ƒâ–„â–„â–…â–…â–†â–†â–‡â–‡â–ˆâ–ˆâ–‡â–‡â–†â–†â–…â–…â–„â–„â–ƒâ–ƒâ–‚â–‚â–â–â–â–â–‚â–‚â–ƒâ–ƒâ–„â–„â–…â–…â–†â–†â–‡â–‡â–ˆâ–ˆâ–‡â–‡â–†â–†â–…â–…â–„â–„â–ƒâ–ƒ
Installing dependencies ...
[2K[1A[2K[1A[2K[Gâ–ƒâ–„â–„â–…â–…â–†â–†â–‡â–‡â–ˆâ–ˆâ–‡â–‡â–†â–†â–…â–…â–„â–„â–ƒâ–ƒâ–‚â–‚â–â–â–â–â–‚â–‚â–ƒâ–ƒâ–„â–„â–…â–…â–†â–†â–‡â–‡â–ˆâ–ˆâ–‡â–‡â–†â–†â–…â–…â–„â–„â–ƒâ–ƒâ–‚â–‚â–â–â–â–â–‚â–‚â–ƒâ–ƒâ–„â–„â–…â–…â–†â–†â–‡â–‡â–ˆâ–ˆâ–‡â–‡â–†â–†â–…â–…â–„â–„â–ƒ
Installing dependencies ...
[2K[1A[2K[1A[2K[Gâ–ƒâ–ƒâ–„â–„â–…â–…â–†â–†â–‡â–‡â–ˆâ–ˆâ–‡â–‡â–†â–†â–…â–…â–„â–„â–ƒâ–ƒâ–‚â–‚â–â–â–â–â–‚â–‚â–ƒâ–ƒâ–„â–„â–…â–…â–†â–†â–‡â–‡â–ˆâ–ˆâ–‡â–‡â–†â–†â–…â–…â–„â–„â–ƒâ–ƒâ–‚â–‚â–â–â–â–â–‚â–‚â–ƒâ–ƒâ–„â–„â–…â–…â–†â–†â–‡â–‡â–ˆâ–ˆâ–‡â–‡â–†â–†â–…â–…â–„â–„
Installing dependencies ...
[2K[1A[2K[1A[2K[Gâ–‚â–ƒâ–ƒâ–„â–„â–…â–…â–†â–†â–‡â–‡â–ˆâ–ˆâ–‡â–‡â–†â–†â–…â–…â–„â–„â–ƒâ–ƒâ–‚â–‚â–â–â–â–â–‚â–‚â–ƒâ–ƒâ–„â–„â–…â–…â–†â–†â–‡â–‡â–ˆâ–ˆâ–‡â–‡â–†â–†â–…â–…â–„â–„â–ƒâ–ƒâ–‚â–‚â–â–â–â–â–‚â–‚â–ƒâ–ƒâ–„â–„â–…â–…â–†â–†â–‡â–‡â–ˆâ–ˆâ–‡â–‡â–†â–†â–…â–…â–„
Installing dependencies ...
[2K[1A[2K[1A[2K[Gâ–‚â–‚â–ƒâ–ƒâ–„â–„â–…â–…â–†â–†â–‡â–‡â–ˆâ–ˆâ–‡â–‡â–†â–†â–…â–…â–„â–„â–ƒâ–ƒâ–‚â–‚â–â–â–â–â–‚â–‚â–ƒâ–ƒâ–„â–„â–…â–…â–†â–†â–‡â–‡â–ˆâ–ˆâ–‡â–‡â–†â–†â–…â–…â–„â–„â–ƒâ–ƒâ–‚â–‚â–â–â–â–â–‚â–‚â–ƒâ–ƒâ–„â–„â–…â–…â–†â–†â–‡â–‡â–ˆâ–ˆâ–‡â–‡â–†â–†â–…â–…
Installing dependencies ...
[2K[1A[2K[1A[2K[Gâ–â–‚â–‚â–ƒâ–ƒâ–„â–„â–…â–…â–†â–†â–‡â–‡â–ˆâ–ˆâ–‡â–‡â–†â–†â–…â–…â–„â–„â–ƒâ–ƒâ–‚â–‚â–â–â–â–â–‚â–‚â–ƒâ–ƒâ–„â–„â–…â–…â–†â–†â–‡â–‡â–ˆâ–ˆâ–‡â–‡â–†â–†â–…â–…â–„â–„â–ƒâ–ƒâ–‚â–‚â–â–â–â–â–‚â–‚â–ƒâ–ƒâ–„â–„â–…â–…â–†â–†â–‡â–‡â–ˆâ–ˆâ–‡â–‡â–†â–†â–…
Installing dependencies ...
[2K[1A[2K[1A[2K[Gâ–â–â–‚â–‚â–ƒâ–ƒâ–„â–„â–…â–…â–†â–†â–‡â–‡â–ˆâ–ˆâ–‡â–‡â–†â–†â–…â–…â–„â–„â–ƒâ–ƒâ–‚â–‚â–â–â–â–â–‚â–‚â–ƒâ–ƒâ–„â–„â–…â–…â–†â–†â–‡â–‡â–ˆâ–ˆâ–‡â–‡â–†â–†â–…â–…â–„â–„â–ƒâ–ƒâ–‚â–‚â–â–â–â–â–‚â–‚â–ƒâ–ƒâ–„â–„â–…â–…â–†â–†â–‡â–‡â–ˆâ–ˆâ–‡â–‡â–†â–†
Installing dependencies ...
[2K[1A[2K[1A[2K[Gâ–â–â–â–‚â–‚â–ƒâ–ƒâ–„â–„â–…â–…â–†â–†â–‡â–‡â–ˆâ–ˆâ–‡â–‡â–†â–†â–…â–…â–„â–„â–ƒâ–ƒâ–‚â–‚â–â–â–â–â–‚â–‚â–ƒâ–ƒâ–„â–„â–…â–…â–†â–†â–‡â–‡â–ˆâ–ˆâ–‡â–‡â–†â–†â–…â–…â–„â–„â–ƒâ–ƒâ–‚â–‚â–â–â–â–â–‚â–‚â–ƒâ–ƒâ–„â–„â–…â–…â–†â–†â–‡â–‡â–ˆâ–ˆâ–‡â–‡â–†
Installing dependencies ...
[2K[1A[2K[1A[2K[Gâ–â–â–â–â–‚â–‚â–ƒâ–ƒâ–„â–„â–…â–…â–†â–†â–‡â–‡â–ˆâ–ˆâ–‡â–‡â–†â–†â–…â–…â–„â–„â–ƒâ–ƒâ–‚â–‚â–â–â–â–â–‚â–‚â–ƒâ–ƒâ–„â–„â–…â–…â–†â–†â–‡â–‡â–ˆâ–ˆâ–‡â–‡â–†â–†â–…â–…â–„â–„â–ƒâ–ƒâ–‚â–‚â–â–â–â–â–‚â–‚â–ƒâ–ƒâ–„â–„â–…â–…â–†â–†â–‡â–‡â–ˆâ–ˆâ–‡â–‡
Installing dependencies ...
[2K[1A[2K[1A[2K[Gâ–‚â–â–â–â–â–‚â–‚â–ƒâ–ƒâ–„â–„â–…â–…â–†â–†â–‡â–‡â–ˆâ–ˆâ–‡â–‡â–†â–†â–…â–…â–„â–„â–ƒâ–ƒâ–‚â–‚â–â–â–â–â–‚â–‚â–ƒâ–ƒâ–„â–„â–…â–…â–†â–†â–‡â–‡â–ˆâ–ˆâ–‡â–‡â–†â–†â–…â–…â–„â–„â–ƒâ–ƒâ–‚â–‚â–â–â–â–â–‚â–‚â–ƒâ–ƒâ–„â–„â–…â–…â–†â–†â–‡â–‡â–ˆâ–ˆâ–‡
Installing dependencies ...
[2K[1A[2K[1A[2K[Gâ–‚â–‚â–â–â–â–â–‚â–‚â–ƒâ–ƒâ–„â–„â–…â–…â–†â–†â–‡â–‡â–ˆâ–ˆâ–‡â–‡â–†â–†â–…â–…â–„â–„â–ƒâ–ƒâ–‚â–‚â–â–â–â–â–‚â–‚â–ƒâ–ƒâ–„â–„â–…â–…â–†â–†â–‡â–‡â–ˆâ–ˆâ–‡â–‡â–†â–†â–…â–…â–„â–„â–ƒâ–ƒâ–‚â–‚â–â–â–â–â–‚â–‚â–ƒâ–ƒâ–„â–„â–…â–…â–†â–†â–‡â–‡â–ˆâ–ˆ
Installing dependencies ...
[2K[1A[2K[1A[2K[Gâ–ƒâ–‚â–‚â–â–â–â–â–‚â–‚â–ƒâ–ƒâ–„â–„â–…â–…â–†â–†â–‡â–‡â–ˆâ–ˆâ–‡â–‡â–†â–†â–…â–…â–„â–„â–ƒâ–ƒâ–‚â–‚â–â–â–â–â–‚â–‚â–ƒâ–ƒâ–„â–„â–…â–…â–†â–†â–‡â–‡â–ˆâ–ˆâ–‡â–‡â–†â–†â–…â–…â–„â–„â–ƒâ–ƒâ–‚â–‚â–â–â–â–â–‚â–‚â–ƒâ–ƒâ–„â–„â–…â–…â–†â–†â–‡â–‡â–ˆ
Installing dependencies ...
[2K[1A[2K[1A[2K[Gâ–ƒâ–ƒâ–‚â–‚â–â–â–â–â–‚â–‚â–ƒâ–ƒâ–„â–„â–…â–…â–†â–†â–‡â–‡â–ˆâ–ˆâ–‡â–‡â–†â–†â–…â–…â–„â–„â–ƒâ–ƒâ–‚â–‚â–â–â–â–â–‚â–‚â–ƒâ–ƒâ–„â–„â–…â–…â–†â–†â–‡â–‡â–ˆâ–ˆâ–‡â–‡â–†â–†â–…â–…â–„â–„â–ƒâ–ƒâ–‚â–‚â–â–â–â–â–‚â–‚â–ƒâ–ƒâ–„â–„â–…â–…â–†â–†â–‡â–‡
Installing dependencies ...
[2K[1A[2K[1A[2K[Gâ–„â–ƒâ–ƒâ–‚â–‚â–â–â–â–â–‚â–‚â–ƒâ–ƒâ–„â–„â–…â–…â–†â–†â–‡â–‡â–ˆâ–ˆâ–‡â–‡â–†â–†â–…â–…â–„â–„â–ƒâ–ƒâ–‚â–‚â–â–â–â–â–‚â–‚â–ƒâ–ƒâ–„â–„â–…â–…â–†â–†â–‡â–‡â–ˆâ–ˆâ–‡â–‡â–†â–†â–…â–…â–„â–„â–ƒâ–ƒâ–‚â–‚â–â–â–â–â–‚â–‚â–ƒâ–ƒâ–„â–„â–…â–…â–†â–†â–‡
Installing dependencies ...
[2K[1A[2K[1A[2K[Gâ–„â–„â–ƒâ–ƒâ–‚â–‚â–â–â–â–â–‚â–‚â–ƒâ–ƒâ–„â–„â–…â–…â–†â–†â–‡â–‡â–ˆâ–ˆâ–‡â–‡â–†â–†â–…â–…â–„â–„â–ƒâ–ƒâ–‚â–‚â–â–â–â–â–‚â–‚â–ƒâ–ƒâ–„â–„â–…â–…â–†â–†â–‡â–‡â–ˆâ–ˆâ–‡â–‡â–†â–†â–…â–…â–„â–„â–ƒâ–ƒâ–‚â–‚â–â–â–â–â–‚â–‚â–ƒâ–ƒâ–„â–„â–…â–…â–†â–†
Installing dependencies ...
[2K[1A[2K[1A[2K[Gâ–…â–„â–„â–ƒâ–ƒâ–‚â–‚â–â–â–â–â–‚â–‚â–ƒâ–ƒâ–„â–„â–…â–…â–†â–†â–‡â–‡â–ˆâ–ˆâ–‡â–‡â–†â–†â–…â–…â–„â–„â–ƒâ–ƒâ–‚â–‚â–â–â–â–â–‚â–‚â–ƒâ–ƒâ–„â–„â–…â–…â–†â–†â–‡â–‡â–ˆâ–ˆâ–‡â–‡â–†â–†â–…â–…â–„â–„â–ƒâ–ƒâ–‚â–‚â–â–â–â–â–‚â–‚â–ƒâ–ƒâ–„â–„â–…â–…â–†
Installing dependencies ...
[2K[1A[2K[1A[2K[Gâ–…â–…â–„â–„â–ƒâ–ƒâ–‚â–‚â–â–â–â–â–‚â–‚â–ƒâ–ƒâ–„â–„â–…â–…â–†â–†â–‡â–‡â–ˆâ–ˆâ–‡â–‡â–†â–†â–…â–…â–„â–„â–ƒâ–ƒâ–‚â–‚â–â–â–â–â–‚â–‚â–ƒâ–ƒâ–„â–„â–…â–…â–†â–†â–‡â–‡â–ˆâ–ˆâ–‡â–‡â–†â–†â–…â–…â–„â–„â–ƒâ–ƒâ–‚â–‚â–â–â–â–â–‚â–‚â–ƒâ–ƒâ–„â–„â–…â–…
Installing dependencies ...
[2K[1A[2K[1A[2K[Gâ–†â–…â–…â–„â–„â–ƒâ–ƒâ–‚â–‚â–â–â–â–â–‚â–‚â–ƒâ–ƒâ–„â–„â–…â–…â–†â–†â–‡â–‡â–ˆâ–ˆâ–‡â–‡â–†â–†â–…â–…â–„â–„â–ƒâ–ƒâ–‚â–‚â–â–â–â–â–‚â–‚â–ƒâ–ƒâ–„â–„â–…â–…â–†â–†â–‡â–‡â–ˆâ–ˆâ–‡â–‡â–†â–†â–…â–…â–„â–„â–ƒâ–ƒâ–‚â–‚â–â–â–â–â–‚â–‚â–ƒâ–ƒâ–„â–„â–…
Installing dependencies ...
[2K[1A[2K[1A[2K[Gâ–†â–†â–…â–…â–„â–„â–ƒâ–ƒâ–‚â–‚â–â–â–â–â–‚â–‚â–ƒâ–ƒâ–„â–„â–…â–…â–†â–†â–‡â–‡â–ˆâ–ˆâ–‡â–‡â–†â–†â–…â–…â–„â–„â–ƒâ–ƒâ–‚â–‚â–â–â–â–â–‚â–‚â–ƒâ–ƒâ–„â–„â–…â–…â–†â–†â–‡â–‡â–ˆâ–ˆâ–‡â–‡â–†â–†â–…â–…â–„â–„â–ƒâ–ƒâ–‚â–‚â–â–â–â–â–‚â–‚â–ƒâ–ƒâ–„â–„
Installing dependencies ...
[2K[1A[2K[1A[2K[Gâ–‡â–†â–†â–…â–…â–„â–„â–ƒâ–ƒâ–‚â–‚â–â–â–â–â–‚â–‚â–ƒâ–ƒâ–„â–„â–…â–…â–†â–†â–‡â–‡â–ˆâ–ˆâ–‡â–‡â–†â–†â–…â–…â–„â–„â–ƒâ–ƒâ–‚â–‚â–â–â–â–â–‚â–‚â–ƒâ–ƒâ–„â–„â–…â–…â–†â–†â–‡â–‡â–ˆâ–ˆâ–‡â–‡â–†â–†â–…â–…â–„â–„â–ƒâ–ƒâ–‚â–‚â–â–â–â–â–‚â–‚â–ƒâ–ƒâ–„
Installing dependencies ...
[2K[1A[2K[1A[2K[Gâ–‡â–‡â–†â–†â–…â–…â–„â–„â–ƒâ–ƒâ–‚â–‚â–â–â–â–â–‚â–‚â–ƒâ–ƒâ–„â–„â–…â–…â–†â–†â–‡â–‡â–ˆâ–ˆâ–‡â–‡â–†â–†â–…â–…â–„â–„â–ƒâ–ƒâ–‚â–‚â–â–â–â–â–‚â–‚â–ƒâ–ƒâ–„â–„â–…â–…â–†â–†â–‡â–‡â–ˆâ–ˆâ–‡â–‡â–†â–†â–…â–…â–„â–„â–ƒâ–ƒâ–‚â–‚â–â–â–â–â–‚â–‚â–ƒâ–ƒ
Installing dependencies ...
[2K[1A[2K[1A[2K[Gâ–ˆâ–‡â–‡â–†â–†â–…â–…â–„â–„â–ƒâ–ƒâ–‚â–‚â–â–â–â–â–‚â–‚â–ƒâ–ƒâ–„â–„â–…â–…â–†â–†â–‡â–‡â–ˆâ–ˆâ–‡â–‡â–†â–†â–…â–…â–„â–„â–ƒâ–ƒâ–‚â–‚â–â–â–â–â–‚â–‚â–ƒâ–ƒâ–„â–„â–…â–…â–†â–†â–‡â–‡â–ˆâ–ˆâ–‡â–‡â–†â–†â–…â–…â–„â–„â–ƒâ–ƒâ–‚â–‚â–â–â–â–â–‚â–‚â–ƒ
Installing dependencies ...
[2K[1A[2K[1A[2K[Gâ–ˆâ–ˆâ–‡â–‡â–†â–†â–…â–…â–„â–„â–ƒâ–ƒâ–‚â–‚â–â–â–â–â–‚â–‚â–ƒâ–ƒâ–„â–„â–…â–…â–†â–†â–‡â–‡â–ˆâ–ˆâ–‡â–‡â–†â–†â–…â–…â–„â–„â–ƒâ–ƒâ–‚â–‚â–â–â–â–â–‚â–‚â–ƒâ–ƒâ–„â–„â–…â–…â–†â–†â–‡â–‡â–ˆâ–ˆâ–‡â–‡â–†â–†â–…â–…â–„â–„â–ƒâ–ƒâ–‚â–‚â–â–â–â–â–‚â–‚
Installing dependencies ...
[2K[1A[2K[1A[2K[Gâ–‡â–ˆâ–ˆâ–‡â–‡â–†â–†â–…â–…â–„â–„â–ƒâ–ƒâ–‚â–‚â–â–â–â–â–‚â–‚â–ƒâ–ƒâ–„â–„â–…â–…â–†â–†â–‡â–‡â–ˆâ–ˆâ–‡â–‡â–†â–†â–…â–…â–„â–„â–ƒâ–ƒâ–‚â–‚â–â–â–â–â–‚â–‚â–ƒâ–ƒâ–„â–„â–…â–…â–†â–†â–‡â–‡â–ˆâ–ˆâ–‡â–‡â–†â–†â–…â–…â–„â–„â–ƒâ–ƒâ–‚â–‚â–â–â–â–â–‚
Installing dependencies ...
[2K[1A[2K[1A[2K[Gâ–‡â–‡â–ˆâ–ˆâ–‡â–‡â–†â–†â–…â–…â–„â–„â–ƒâ–ƒâ–‚â–‚â–â–â–â–â–‚â–‚â–ƒâ–ƒâ–„â–„â–…â–…â–†â–†â–‡â–‡â–ˆâ–ˆâ–‡â–‡â–†â–†â–…â–…â–„â–„â–ƒâ–ƒâ–‚â–‚â–â–â–â–â–‚â–‚â–ƒâ–ƒâ–„â–„â–…â–…â–†â–†â–‡â–‡â–ˆâ–ˆâ–‡â–‡â–†â–†â–…â–…â–„â–„â–ƒâ–ƒâ–‚â–‚â–â–â–â–
Installing dependencies ...
[2K[1A[2K[1A[2K[Gâ–†â–‡â–‡â–ˆâ–ˆâ–‡â–‡â–†â–†â–…â–…â–„â–„â–ƒâ–ƒâ–‚â–‚â–â–â–â–â–‚â–‚â–ƒâ–ƒâ–„â–„â–…â–…â–†â–†â–‡â–‡â–ˆâ–ˆâ–‡â–‡â–†â–†â–…â–…â–„â–„â–ƒâ–ƒâ–‚â–‚â–â–â–â–â–‚â–‚â–ƒâ–ƒâ–„â–„â–…â–…â–†â–†â–‡â–‡â–ˆâ–ˆâ–‡â–‡â–†â–†â–…â–…â–„â–„â–ƒâ–ƒâ–‚â–‚â–â–â–
Installing dependencies ...
[2K[1A[2K[1A[2K[Gâ–†â–†â–‡â–‡â–ˆâ–ˆâ–‡â–‡â–†â–†â–…â–…â–„â–„â–ƒâ–ƒâ–‚â–‚â–â–â–â–â–‚â–‚â–ƒâ–ƒâ–„â–„â–…â–…â–†â–†â–‡â–‡â–ˆâ–ˆâ–‡â–‡â–†â–†â–…â–…â–„â–„â–ƒâ–ƒâ–‚â–‚â–â–â–â–â–‚â–‚â–ƒâ–ƒâ–„â–„â–…â–…â–†â–†â–‡â–‡â–ˆâ–ˆâ–‡â–‡â–†â–†â–…â–…â–„â–„â–ƒâ–ƒâ–‚â–‚â–â–
Installing dependencies ...
[2K[1A[2K[1A[2K[Gâ–…â–†â–†â–‡â–‡â–ˆâ–ˆâ–‡â–‡â–†â–†â–…â–…â–„â–„â–ƒâ–ƒâ–‚â–‚â–â–â–â–â–‚â–‚â–ƒâ–ƒâ–„â–„â–…â–…â–†â–†â–‡â–‡â–ˆâ–ˆâ–‡â–‡â–†â–†â–…â–…â–„â–„â–ƒâ–ƒâ–‚â–‚â–â–â–â–â–‚â–‚â–ƒâ–ƒâ–„â–„â–…â–…â–†â–†â–‡â–‡â–ˆâ–ˆâ–‡â–‡â–†â–†â–…â–…â–„â–„â–ƒâ–ƒâ–‚â–‚â–
Installing dependencies ...
[2K[1A[2K[1A[2K[Gâ–…â–…â–†â–†â–‡â–‡â–ˆâ–ˆâ–‡â–‡â–†â–†â–…â–…â–„â–„â–ƒâ–ƒâ–‚â–‚â–â–â–â–â–‚â–‚â–ƒâ–ƒâ–„â–„â–…â–…â–†â–†â–‡â–‡â–ˆâ–ˆâ–‡â–‡â–†â–†â–…â–…â–„â–„â–ƒâ–ƒâ–‚â–‚â–â–â–â–â–‚â–‚â–ƒâ–ƒâ–„â–„â–…â–…â–†â–†â–‡â–‡â–ˆâ–ˆâ–‡â–‡â–†â–†â–…â–…â–„â–„â–ƒâ–ƒâ–‚â–‚
Installing dependencies ...
[2K[1A[2K[1A[2K[Gâ–„â–…â–…â–†â–†â–‡â–‡â–ˆâ–ˆâ–‡â–‡â–†â–†â–…â–…â–„â–„â–ƒâ–ƒâ–‚â–‚â–â–â–â–â–‚â–‚â–ƒâ–ƒâ–„â–„â–…â–…â–†â–†â–‡â–‡â–ˆâ–ˆâ–‡â–‡â–†â–†â–…â–…â–„â–„â–ƒâ–ƒâ–‚â–‚â–â–â–â–â–‚â–‚â–ƒâ–ƒâ–„â–„â–…â–…â–†â–†â–‡â–‡â–ˆâ–ˆâ–‡â–‡â–†â–†â–…â–…â–„â–„â–ƒâ–ƒâ–‚
Installing dependencies ...
[2K[1A[2K[1A[2K[Gâ–„â–„â–…â–…â–†â–†â–‡â–‡â–ˆâ–ˆâ–‡â–‡â–†â–†â–…â–…â–„â–„â–ƒâ–ƒâ–‚â–‚â–â–â–â–â–‚â–‚â–ƒâ–ƒâ–„â–„â–…â–…â–†â–†â–‡â–‡â–ˆâ–ˆâ–‡â–‡â–†â–†â–…â–…â–„â–„â–ƒâ–ƒâ–‚â–‚â–â–â–â–â–‚â–‚â–ƒâ–ƒâ–„â–„â–…â–…â–†â–†â–‡â–‡â–ˆâ–ˆâ–‡â–‡â–†â–†â–…â–…â–„â–„â–ƒâ–ƒ
Installing dependencies ...
[2K[1A[2K[1A[2K[Gâ–ƒâ–„â–„â–…â–…â–†â–†â–‡â–‡â–ˆâ–ˆâ–‡â–‡â–†â–†â–…â–…â–„â–„â–ƒâ–ƒâ–‚â–‚â–â–â–â–â–‚â–‚â–ƒâ–ƒâ–„â–„â–…â–…â–†â–†â–‡â–‡â–ˆâ–ˆâ–‡â–‡â–†â–†â–…â–…â–„â–„â–ƒâ–ƒâ–‚â–‚â–â–â–â–â–‚â–‚â–ƒâ–ƒâ–„â–„â–…â–…â–†â–†â–‡â–‡â–ˆâ–ˆâ–‡â–‡â–†â–†â–…â–…â–„â–„â–ƒ
Installing dependencies ...
[2K[1A[2K[1A[2K[Gâ–ƒâ–ƒâ–„â–„â–…â–…â–†â–†â–‡â–‡â–ˆâ–ˆâ–‡â–‡â–†â–†â–…â–…â–„â–„â–ƒâ–ƒâ–‚â–‚â–â–â–â–â–‚â–‚â–ƒâ–ƒâ–„â–„â–…â–…â–†â–†â–‡â–‡â–ˆâ–ˆâ–‡â–‡â–†â–†â–…â–…â–„â–„â–ƒâ–ƒâ–‚â–‚â–â–â–â–â–‚â–‚â–ƒâ–ƒâ–„â–„â–…â–…â–†â–†â–‡â–‡â–ˆâ–ˆâ–‡â–‡â–†â–†â–…â–…â–„â–„
Installing dependencies ...
[2K[1A[2K[1A[2K[Gâ–‚â–ƒâ–ƒâ–„â–„â–…â–…â–†â–†â–‡â–‡â–ˆâ–ˆâ–‡â–‡â–†â–†â–…â–…â–„â–„â–ƒâ–ƒâ–‚â–‚â–â–â–â–â–‚â–‚â–ƒâ–ƒâ–„â–„â–…â–…â–†â–†â–‡â–‡â–ˆâ–ˆâ–‡â–‡â–†â–†â–…â–…â–„â–„â–ƒâ–ƒâ–‚â–‚â–â–â–â–â–‚â–‚â–ƒâ–ƒâ–„â–„â–…â–…â–†â–†â–‡â–‡â–ˆâ–ˆâ–‡â–‡â–†â–†â–…â–…â–„
Installing dependencies ...
[2K[1A[2K[1A[2K[Gâ–‚â–‚â–ƒâ–ƒâ–„â–„â–…â–…â–†â–†â–‡â–‡â–ˆâ–ˆâ–‡â–‡â–†â–†â–…â–…â–„â–„â–ƒâ–ƒâ–‚â–‚â–â–â–â–â–‚â–‚â–ƒâ–ƒâ–„â–„â–…â–…â–†â–†â–‡â–‡â–ˆâ–ˆâ–‡â–‡â–†â–†â–…â–…â–„â–„â–ƒâ–ƒâ–‚â–‚â–â–â–â–â–‚â–‚â–ƒâ–ƒâ–„â–„â–…â–…â–†â–†â–‡â–‡â–ˆâ–ˆâ–‡â–‡â–†â–†â–…â–…
Installing dependencies ...
[2K[1A[2K[1A[2K[Gâ–â–‚â–‚â–ƒâ–ƒâ–„â–„â–…â–…â–†â–†â–‡â–‡â–ˆâ–ˆâ–‡â–‡â–†â–†â–…â–…â–„â–„â–ƒâ–ƒâ–‚â–‚â–â–â–â–â–‚â–‚â–ƒâ–ƒâ–„â–„â–…â–…â–†â–†â–‡â–‡â–ˆâ–ˆâ–‡â–‡â–†â–†â–…â–…â–„â–„â–ƒâ–ƒâ–‚â–‚â–â–â–â–â–‚â–‚â–ƒâ–ƒâ–„â–„â–…â–…â–†â–†â–‡â–‡â–ˆâ–ˆâ–‡â–‡â–†â–†â–…
Installing dependencies ...
[2K[1A[2K[1A[2K[Gâ–â–â–‚â–‚â–ƒâ–ƒâ–„â–„â–…â–…â–†â–†â–‡â–‡â–ˆâ–ˆâ–‡â–‡â–†â–†â–…â–…â–„â–„â–ƒâ–ƒâ–‚â–‚â–â–â–â–â–‚â–‚â–ƒâ–ƒâ–„â–„â–…â–…â–†â–†â–‡â–‡â–ˆâ–ˆâ–‡â–‡â–†â–†â–…â–…â–„â–„â–ƒâ–ƒâ–‚â–‚â–â–â–â–â–‚â–‚â–ƒâ–ƒâ–„â–„â–…â–…â–†â–†â–‡â–‡â–ˆâ–ˆâ–‡â–‡â–†â–†
Installing dependencies ...
[2K[1A[2K[1A[2K[Gâ–â–â–â–‚â–‚â–ƒâ–ƒâ–„â–„â–…â–…â–†â–†â–‡â–‡â–ˆâ–ˆâ–‡â–‡â–†â–†â–…â–…â–„â–„â–ƒâ–ƒâ–‚â–‚â–â–â–â–â–‚â–‚â–ƒâ–ƒâ–„â–„â–…â–…â–†â–†â–‡â–‡â–ˆâ–ˆâ–‡â–‡â–†â–†â–…â–…â–„â–„â–ƒâ–ƒâ–‚â–‚â–â–â–â–â–‚â–‚â–ƒâ–ƒâ–„â–„â–…â–…â–†â–†â–‡â–‡â–ˆâ–ˆâ–‡â–‡â–†
Installing dependencies ...
[2K[1A[2K[1A[2K[Gâ–â–â–â–â–‚â–‚â–ƒâ–ƒâ–„â–„â–…â–…â–†â–†â–‡â–‡â–ˆâ–ˆâ–‡â–‡â–†â–†â–…â–…â–„â–„â–ƒâ–ƒâ–‚â–‚â–â–â–â–â–‚â–‚â–ƒâ–ƒâ–„â–„â–…â–…â–†â–†â–‡â–‡â–ˆâ–ˆâ–‡â–‡â–†â–†â–…â–…â–„â–„â–ƒâ–ƒâ–‚â–‚â–â–â–â–â–‚â–‚â–ƒâ–ƒâ–„â–„â–…â–…â–†â–†â–‡â–‡â–ˆâ–ˆâ–‡â–‡
Installing dependencies ...
[2K[1A[2K[1A[2K[Gâ–‚â–â–â–â–â–‚â–‚â–ƒâ–ƒâ–„â–„â–…â–…â–†â–†â–‡â–‡â–ˆâ–ˆâ–‡â–‡â–†â–†â–…â–…â–„â–„â–ƒâ–ƒâ–‚â–‚â–â–â–â–â–‚â–‚â–ƒâ–ƒâ–„â–„â–…â–…â–†â–†â–‡â–‡â–ˆâ–ˆâ–‡â–‡â–†â–†â–…â–…â–„â–„â–ƒâ–ƒâ–‚â–‚â–â–â–â–â–‚â–‚â–ƒâ–ƒâ–„â–„â–…â–…â–†â–†â–‡â–‡â–ˆâ–ˆâ–‡
Installing dependencies ...
[2K[1A[2K[1A[2K[Gâ–‚â–‚â–â–â–â–â–‚â–‚â–ƒâ–ƒâ–„â–„â–…â–…â–†â–†â–‡â–‡â–ˆâ–ˆâ–‡â–‡â–†â–†â–…â–…â–„â–„â–ƒâ–ƒâ–‚â–‚â–â–â–â–â–‚â–‚â–ƒâ–ƒâ–„â–„â–…â–…â–†â–†â–‡â–‡â–ˆâ–ˆâ–‡â–‡â–†â–†â–…â–…â–„â–„â–ƒâ–ƒâ–‚â–‚â–â–â–â–â–‚â–‚â–ƒâ–ƒâ–„â–„â–…â–…â–†â–†â–‡â–‡â–ˆâ–ˆ
Installing dependencies ...
[2K[1A[2K[1A[2K[Gâ–ƒâ–‚â–‚â–â–â–â–â–‚â–‚â–ƒâ–ƒâ–„â–„â–…â–…â–†â–†â–‡â–‡â–ˆâ–ˆâ–‡â–‡â–†â–†â–…â–…â–„â–„â–ƒâ–ƒâ–‚â–‚â–â–â–â–â–‚â–‚â–ƒâ–ƒâ–„â–„â–…â–…â–†â–†â–‡â–‡â–ˆâ–ˆâ–‡â–‡â–†â–†â–…â–…â–„â–„â–ƒâ–ƒâ–‚â–‚â–â–â–â–â–‚â–‚â–ƒâ–ƒâ–„â–„â–…â–…â–†â–†â–‡â–‡â–ˆ
Installing dependencies ...
[2K[1A[2K[1A[2K[Gâ–ƒâ–ƒâ–‚â–‚â–â–â–â–â–‚â–‚â–ƒâ–ƒâ–„â–„â–…â–…â–†â–†â–‡â–‡â–ˆâ–ˆâ–‡â–‡â–†â–†â–…â–…â–„â–„â–ƒâ–ƒâ–‚â–‚â–â–â–â–â–‚â–‚â–ƒâ–ƒâ–„â–„â–…â–…â–†â–†â–‡â–‡â–ˆâ–ˆâ–‡â–‡â–†â–†â–…â–…â–„â–„â–ƒâ–ƒâ–‚â–‚â–â–â–â–â–‚â–‚â–ƒâ–ƒâ–„â–„â–…â–…â–†â–†â–‡â–‡
Installing dependencies ...
[2K[1A[2K[1A[2K[Gâ–„â–ƒâ–ƒâ–‚â–‚â–â–â–â–â–‚â–‚â–ƒâ–ƒâ–„â–„â–…â–…â–†â–†â–‡â–‡â–ˆâ–ˆâ–‡â–‡â–†â–†â–…â–…â–„â–„â–ƒâ–ƒâ–‚â–‚â–â–â–â–â–‚â–‚â–ƒâ–ƒâ–„â–„â–…â–…â–†â–†â–‡â–‡â–ˆâ–ˆâ–‡â–‡â–†â–†â–…â–…â–„â–„â–ƒâ–ƒâ–‚â–‚â–â–â–â–â–‚â–‚â–ƒâ–ƒâ–„â–„â–…â–…â–†â–†â–‡
Installing dependencies ...
[2K[1A[2K[1A[2K[Gâ–„â–„â–ƒâ–ƒâ–‚â–‚â–â–â–â–â–‚â–‚â–ƒâ–ƒâ–„â–„â–…â–…â–†â–†â–‡â–‡â–ˆâ–ˆâ–‡â–‡â–†â–†â–…â–…â–„â–„â–ƒâ–ƒâ–‚â–‚â–â–â–â–â–‚â–‚â–ƒâ–ƒâ–„â–„â–…â–…â–†â–†â–‡â–‡â–ˆâ–ˆâ–‡â–‡â–†â–†â–…â–…â–„â–„â–ƒâ–ƒâ–‚â–‚â–â–â–â–â–‚â–‚â–ƒâ–ƒâ–„â–„â–…â–…â–†â–†
Installing dependencies ...
[2K[1A[2K[1A[2K[Gâ–…â–„â–„â–ƒâ–ƒâ–‚â–‚â–â–â–â–â–‚â–‚â–ƒâ–ƒâ–„â–„â–…â–…â–†â–†â–‡â–‡â–ˆâ–ˆâ–‡â–‡â–†â–†â–…â–…â–„â–„â–ƒâ–ƒâ–‚â–‚â–â–â–â–â–‚â–‚â–ƒâ–ƒâ–„â–„â–…â–…â–†â–†â–‡â–‡â–ˆâ–ˆâ–‡â–‡â–†â–†â–…â–…â–„â–„â–ƒâ–ƒâ–‚â–‚â–â–â–â–â–‚â–‚â–ƒâ–ƒâ–„â–„â–…â–…â–†
Installing dependencies ...
[2K[1A[2K[1A[2K[Gâ–…â–…â–„â–„â–ƒâ–ƒâ–‚â–‚â–â–â–â–â–‚â–‚â–ƒâ–ƒâ–„â–„â–…â–…â–†â–†â–‡â–‡â–ˆâ–ˆâ–‡â–‡â–†â–†â–…â–…â–„â–„â–ƒâ–ƒâ–‚â–‚â–â–â–â–â–‚â–‚â–ƒâ–ƒâ–„â–„â–…â–…â–†â–†â–‡â–‡â–ˆâ–ˆâ–‡â–‡â–†â–†â–…â–…â–„â–„â–ƒâ–ƒâ–‚â–‚â–â–â–â–â–‚â–‚â–ƒâ–ƒâ–„â–„â–…â–…
Installing dependencies ...
[2K[1A[2K[1A[2K[Gâ–†â–…â–…â–„â–„â–ƒâ–ƒâ–‚â–‚â–â–â–â–â–‚â–‚â–ƒâ–ƒâ–„â–„â–…â–…â–†â–†â–‡â–‡â–ˆâ–ˆâ–‡â–‡â–†â–†â–…â–…â–„â–„â–ƒâ–ƒâ–‚â–‚â–â–â–â–â–‚â–‚â–ƒâ–ƒâ–„â–„â–…â–…â–†â–†â–‡â–‡â–ˆâ–ˆâ–‡â–‡â–†â–†â–…â–…â–„â–„â–ƒâ–ƒâ–‚â–‚â–â–â–â–â–‚â–‚â–ƒâ–ƒâ–„â–„â–…
Installing dependencies ...
[2K[1A[2K[1A[2K[Gâ–†â–†â–…â–…â–„â–„â–ƒâ–ƒâ–‚â–‚â–â–â–â–â–‚â–‚â–ƒâ–ƒâ–„â–„â–…â–…â–†â–†â–‡â–‡â–ˆâ–ˆâ–‡â–‡â–†â–†â–…â–…â–„â–„â–ƒâ–ƒâ–‚â–‚â–â–â–â–â–‚â–‚â–ƒâ–ƒâ–„â–„â–…â–…â–†â–†â–‡â–‡â–ˆâ–ˆâ–‡â–‡â–†â–†â–…â–…â–„â–„â–ƒâ–ƒâ–‚â–‚â–â–â–â–â–‚â–‚â–ƒâ–ƒâ–„â–„
Installing dependencies ...
[2K[1A[2K[1A[2K[Gâ–‡â–†â–†â–…â–…â–„â–„â–ƒâ–ƒâ–‚â–‚â–â–â–â–â–‚â–‚â–ƒâ–ƒâ–„â–„â–…â–…â–†â–†â–‡â–‡â–ˆâ–ˆâ–‡â–‡â–†â–†â–…â–…â–„â–„â–ƒâ–ƒâ–‚â–‚â–â–â–â–â–‚â–‚â–ƒâ–ƒâ–„â–„â–…â–…â–†â–†â–‡â–‡â–ˆâ–ˆâ–‡â–‡â–†â–†â–…â–…â–„â–„â–ƒâ–ƒâ–‚â–‚â–â–â–â–â–‚â–‚â–ƒâ–ƒâ–„
Installing dependencies ...
[2K[1A[2K[1A[2K[Gâ–‡â–‡â–†â–†â–…â–…â–„â–„â–ƒâ–ƒâ–‚â–‚â–â–â–â–â–‚â–‚â–ƒâ–ƒâ–„â–„â–…â–…â–†â–†â–‡â–‡â–ˆâ–ˆâ–‡â–‡â–†â–†â–…â–…â–„â–„â–ƒâ–ƒâ–‚â–‚â–â–â–â–â–‚â–‚â–ƒâ–ƒâ–„â–„â–…â–…â–†â–†â–‡â–‡â–ˆâ–ˆâ–‡â–‡â–†â–†â–…â–…â–„â–„â–ƒâ–ƒâ–‚â–‚â–â–â–â–â–‚â–‚â–ƒâ–ƒ
Installing dependencies ...
[2K[1A[2K[1A[2K[Gâ–ˆâ–‡â–‡â–†â–†â–…â–…â–„â–„â–ƒâ–ƒâ–‚â–‚â–â–â–â–â–‚â–‚â–ƒâ–ƒâ–„â–„â–…â–…â–†â–†â–‡â–‡â–ˆâ–ˆâ–‡â–‡â–†â–†â–…â–…â–„â–„â–ƒâ–ƒâ–‚â–‚â–â–â–â–â–‚â–‚â–ƒâ–ƒâ–„â–„â–…â–…â–†â–†â–‡â–‡â–ˆâ–ˆâ–‡â–‡â–†â–†â–…â–…â–„â–„â–ƒâ–ƒâ–‚â–‚â–â–â–â–â–‚â–‚â–ƒ
Installing dependencies ...
[2K[1A[2K[1A[2K[Gâ–ˆâ–ˆâ–‡â–‡â–†â–†â–…â–…â–„â–„â–ƒâ–ƒâ–‚â–‚â–â–â–â–â–‚â–‚â–ƒâ–ƒâ–„â–„â–…â–…â–†â–†â–‡â–‡â–ˆâ–ˆâ–‡â–‡â–†â–†â–…â–…â–„â–„â–ƒâ–ƒâ–‚â–‚â–â–â–â–â–‚â–‚â–ƒâ–ƒâ–„â–„â–…â–…â–†â–†â–‡â–‡â–ˆâ–ˆâ–‡â–‡â–†â–†â–…â–…â–„â–„â–ƒâ–ƒâ–‚â–‚â–â–â–â–â–‚â–‚
Installing dependencies ...
[2K[1A[2K[1A[2K[Gâ–‡â–ˆâ–ˆâ–‡â–‡â–†â–†â–…â–…â–„â–„â–ƒâ–ƒâ–‚â–‚â–â–â–â–â–‚â–‚â–ƒâ–ƒâ–„â–„â–…â–…â–†â–†â–‡â–‡â–ˆâ–ˆâ–‡â–‡â–†â–†â–…â–…â–„â–„â–ƒâ–ƒâ–‚â–‚â–â–â–â–â–‚â–‚â–ƒâ–ƒâ–„â–„â–…â–…â–†â–†â–‡â–‡â–ˆâ–ˆâ–‡â–‡â–†â–†â–…â–…â–„â–„â–ƒâ–ƒâ–‚â–‚â–â–â–â–â–‚
Installing dependencies ...
[2K[1A[2K[1A[2K[Gâ–‡â–‡â–ˆâ–ˆâ–‡â–‡â–†â–†â–…â–…â–„â–„â–ƒâ–ƒâ–‚â–‚â–â–â–â–â–‚â–‚â–ƒâ–ƒâ–„â–„â–…â–…â–†â–†â–‡â–‡â–ˆâ–ˆâ–‡â–‡â–†â–†â–…â–…â–„â–„â–ƒâ–ƒâ–‚â–‚â–â–â–â–â–‚â–‚â–ƒâ–ƒâ–„â–„â–…â–…â–†â–†â–‡â–‡â–ˆâ–ˆâ–‡â–‡â–†â–†â–…â–…â–„â–„â–ƒâ–ƒâ–‚â–‚â–â–â–â–
Installing dependencies ...
[2K[1A[2K[1A[2K[Gâ–†â–‡â–‡â–ˆâ–ˆâ–‡â–‡â–†â–†â–…â–…â–„â–„â–ƒâ–ƒâ–‚â–‚â–â–â–â–â–‚â–‚â–ƒâ–ƒâ–„â–„â–…â–…â–†â–†â–‡â–‡â–ˆâ–ˆâ–‡â–‡â–†â–†â–…â–…â–„â–„â–ƒâ–ƒâ–‚â–‚â–â–â–â–â–‚â–‚â–ƒâ–ƒâ–„â–„â–…â–…â–†â–†â–‡â–‡â–ˆâ–ˆâ–‡â–‡â–†â–†â–…â–…â–„â–„â–ƒâ–ƒâ–‚â–‚â–â–â–
Installing dependencies ...
[2K[1A[2K[1A[2K[Gâ–†â–†â–‡â–‡â–ˆâ–ˆâ–‡â–‡â–†â–†â–…â–…â–„â–„â–ƒâ–ƒâ–‚â–‚â–â–â–â–â–‚â–‚â–ƒâ–ƒâ–„â–„â–…â–…â–†â–†â–‡â–‡â–ˆâ–ˆâ–‡â–‡â–†â–†â–…â–…â–„â–„â–ƒâ–ƒâ–‚â–‚â–â–â–â–â–‚â–‚â–ƒâ–ƒâ–„â–„â–…â–…â–†â–†â–‡â–‡â–ˆâ–ˆâ–‡â–‡â–†â–†â–…â–…â–„â–„â–ƒâ–ƒâ–‚â–‚â–â–
Installing dependencies ...
[2K[1A[2K[1A[2K[Gâ–…â–†â–†â–‡â–‡â–ˆâ–ˆâ–‡â–‡â–†â–†â–…â–…â–„â–„â–ƒâ–ƒâ–‚â–‚â–â–â–â–â–‚â–‚â–ƒâ–ƒâ–„â–„â–…â–…â–†â–†â–‡â–‡â–ˆâ–ˆâ–‡â–‡â–†â–†â–…â–…â–„â–„â–ƒâ–ƒâ–‚â–‚â–â–â–â–â–‚â–‚â–ƒâ–ƒâ–„â–„â–…â–…â–†â–†â–‡â–‡â–ˆâ–ˆâ–‡â–‡â–†â–†â–…â–…â–„â–„â–ƒâ–ƒâ–‚â–‚â–
Installing dependencies ...
[2K[1A[2K[1A[2K[Gâ–…â–…â–†â–†â–‡â–‡â–ˆâ–ˆâ–‡â–‡â–†â–†â–…â–…â–„â–„â–ƒâ–ƒâ–‚â–‚â–â–â–â–â–‚â–‚â–ƒâ–ƒâ–„â–„â–…â–…â–†â–†â–‡â–‡â–ˆâ–ˆâ–‡â–‡â–†â–†â–…â–…â–„â–„â–ƒâ–ƒâ–‚â–‚â–â–â–â–â–‚â–‚â–ƒâ–ƒâ–„â–„â–…â–…â–†â–†â–‡â–‡â–ˆâ–ˆâ–‡â–‡â–†â–†â–…â–…â–„â–„â–ƒâ–ƒâ–‚â–‚
Installing dependencies ...
[2K[1A[2K[1A[2K[Gâ–„â–…â–…â–†â–†â–‡â–‡â–ˆâ–ˆâ–‡â–‡â–†â–†â–…â–…â–„â–„â–ƒâ–ƒâ–‚â–‚â–â–â–â–â–‚â–‚â–ƒâ–ƒâ–„â–„â–…â–…â–†â–†â–‡â–‡â–ˆâ–ˆâ–‡â–‡â–†â–†â–…â–…â–„â–„â–ƒâ–ƒâ–‚â–‚â–â–â–â–â–‚â–‚â–ƒâ–ƒâ–„â–„â–…â–…â–†â–†â–‡â–‡â–ˆâ–ˆâ–‡â–‡â–†â–†â–…â–…â–„â–„â–ƒâ–ƒâ–‚
Installing dependencies ...
[2K[1A[2K[1A[2K[Gâ–„â–„â–…â–…â–†â–†â–‡â–‡â–ˆâ–ˆâ–‡â–‡â–†â–†â–…â–…â–„â–„â–ƒâ–ƒâ–‚â–‚â–â–â–â–â–‚â–‚â–ƒâ–ƒâ–„â–„â–…â–…â–†â–†â–‡â–‡â–ˆâ–ˆâ–‡â–‡â–†â–†â–…â–…â–„â–„â–ƒâ–ƒâ–‚â–‚â–â–â–â–â–‚â–‚â–ƒâ–ƒâ–„â–„â–…â–…â–†â–†â–‡â–‡â–ˆâ–ˆâ–‡â–‡â–†â–†â–…â–…â–„â–„â–ƒâ–ƒ
Installing dependencies ...
[2K[1A[2K[1A[2K[Gâ–ƒâ–„â–„â–…â–…â–†â–†â–‡â–‡â–ˆâ–ˆâ–‡â–‡â–†â–†â–…â–…â–„â–„â–ƒâ–ƒâ–‚â–‚â–â–â–â–â–‚â–‚â–ƒâ–ƒâ–„â–„â–…â–…â–†â–†â–‡â–‡â–ˆâ–ˆâ–‡â–‡â–†â–†â–…â–…â–„â–„â–ƒâ–ƒâ–‚â–‚â–â–â–â–â–‚â–‚â–ƒâ–ƒâ–„â–„â–…â–…â–†â–†â–‡â–‡â–ˆâ–ˆâ–‡â–‡â–†â–†â–…â–…â–„â–„â–ƒ
Installing dependencies ...
[2K[1A[2K[1A[2K[Gâ–ƒâ–ƒâ–„â–„â–…â–…â–†â–†â–‡â–‡â–ˆâ–ˆâ–‡â–‡â–†â–†â–…â–…â–„â–„â–ƒâ–ƒâ–‚â–‚â–â–â–â–â–‚â–‚â–ƒâ–ƒâ–„â–„â–…â–…â–†â–†â–‡â–‡â–ˆâ–ˆâ–‡â–‡â–†â–†â–…â–…â–„â–„â–ƒâ–ƒâ–‚â–‚â–â–â–â–â–‚â–‚â–ƒâ–ƒâ–„â–„â–…â–…â–†â–†â–‡â–‡â–ˆâ–ˆâ–‡â–‡â–†â–†â–…â–…â–„â–„
Installing dependencies ...
[2K[1A[2K[1A[2K[Gâ–‚â–ƒâ–ƒâ–„â–„â–…â–…â–†â–†â–‡â–‡â–ˆâ–ˆâ–‡â–‡â–†â–†â–…â–…â–„â–„â–ƒâ–ƒâ–‚â–‚â–â–â–â–â–‚â–‚â–ƒâ–ƒâ–„â–„â–…â–…â–†â–†â–‡â–‡â–ˆâ–ˆâ–‡â–‡â–†â–†â–…â–…â–„â–„â–ƒâ–ƒâ–‚â–‚â–â–â–â–â–‚â–‚â–ƒâ–ƒâ–„â–„â–…â–…â–†â–†â–‡â–‡â–ˆâ–ˆâ–‡â–‡â–†â–†â–…â–…â–„
Installing dependencies ...
[2K[1A[2K[1A[2K[Gâ–‚â–‚â–ƒâ–ƒâ–„â–„â–…â–…â–†â–†â–‡â–‡â–ˆâ–ˆâ–‡â–‡â–†â–†â–…â–…â–„â–„â–ƒâ–ƒâ–‚â–‚â–â–â–â–â–‚â–‚â–ƒâ–ƒâ–„â–„â–…â–…â–†â–†â–‡â–‡â–ˆâ–ˆâ–‡â–‡â–†â–†â–…â–…â–„â–„â–ƒâ–ƒâ–‚â–‚â–â–â–â–â–‚â–‚â–ƒâ–ƒâ–„â–„â–…â–…â–†â–†â–‡â–‡â–ˆâ–ˆâ–‡â–‡â–†â–†â–…â–…
Installing dependencies ...
[2K[1A[2K[1A[2K[Gâ–â–‚â–‚â–ƒâ–ƒâ–„â–„â–…â–…â–†â–†â–‡â–‡â–ˆâ–ˆâ–‡â–‡â–†â–†â–…â–…â–„â–„â–ƒâ–ƒâ–‚â–‚â–â–â–â–â–‚â–‚â–ƒâ–ƒâ–„â–„â–…â–…â–†â–†â–‡â–‡â–ˆâ–ˆâ–‡â–‡â–†â–†â–…â–…â–„â–„â–ƒâ–ƒâ–‚â–‚â–â–â–â–â–‚â–‚â–ƒâ–ƒâ–„â–„â–…â–…â–†â–†â–‡â–‡â–ˆâ–ˆâ–‡â–‡â–†â–†â–…
Installing dependencies ...
[2K[1A[2K[1A[2K[Gâ–â–â–‚â–‚â–ƒâ–ƒâ–„â–„â–…â–…â–†â–†â–‡â–‡â–ˆâ–ˆâ–‡â–‡â–†â–†â–…â–…â–„â–„â–ƒâ–ƒâ–‚â–‚â–â–â–â–â–‚â–‚â–ƒâ–ƒâ–„â–„â–…â–…â–†â–†â–‡â–‡â–ˆâ–ˆâ–‡â–‡â–†â–†â–…â–…â–„â–„â–ƒâ–ƒâ–‚â–‚â–â–â–â–â–‚â–‚â–ƒâ–ƒâ–„â–„â–…â–…â–†â–†â–‡â–‡â–ˆâ–ˆâ–‡â–‡â–†â–†
Installing dependencies ...
[2K[1A[2K[1A[2K[Gâ–â–â–â–‚â–‚â–ƒâ–ƒâ–„â–„â–…â–…â–†â–†â–‡â–‡â–ˆâ–ˆâ–‡â–‡â–†â–†â–…â–…â–„â–„â–ƒâ–ƒâ–‚â–‚â–â–â–â–â–‚â–‚â–ƒâ–ƒâ–„â–„â–…â–…â–†â–†â–‡â–‡â–ˆâ–ˆâ–‡â–‡â–†â–†â–…â–…â–„â–„â–ƒâ–ƒâ–‚â–‚â–â–â–â–â–‚â–‚â–ƒâ–ƒâ–„â–„â–…â–…â–†â–†â–‡â–‡â–ˆâ–ˆâ–‡â–‡â–†
Installing dependencies ...
[2K[1A[2K[1A[2K[Gâ–â–â–â–â–‚â–‚â–ƒâ–ƒâ–„â–„â–…â–…â–†â–†â–‡â–‡â–ˆâ–ˆâ–‡â–‡â–†â–†â–…â–…â–„â–„â–ƒâ–ƒâ–‚â–‚â–â–â–â–â–‚â–‚â–ƒâ–ƒâ–„â–„â–…â–…â–†â–†â–‡â–‡â–ˆâ–ˆâ–‡â–‡â–†â–†â–…â–…â–„â–„â–ƒâ–ƒâ–‚â–‚â–â–â–â–â–‚â–‚â–ƒâ–ƒâ–„â–„â–…â–…â–†â–†â–‡â–‡â–ˆâ–ˆâ–‡â–‡
Installing dependencies ...
[2K[1A[2K[1A[2K[Gâ–‚â–â–â–â–â–‚â–‚â–ƒâ–ƒâ–„â–„â–…â–…â–†â–†â–‡â–‡â–ˆâ–ˆâ–‡â–‡â–†â–†â–…â–…â–„â–„â–ƒâ–ƒâ–‚â–‚â–â–â–â–â–‚â–‚â–ƒâ–ƒâ–„â–„â–…â–…â–†â–†â–‡â–‡â–ˆâ–ˆâ–‡â–‡â–†â–†â–…â–…â–„â–„â–ƒâ–ƒâ–‚â–‚â–â–â–â–â–‚â–‚â–ƒâ–ƒâ–„â–„â–…â–…â–†â–†â–‡â–‡â–ˆâ–ˆâ–‡
Installing dependencies ...
[2K[1A[2K[1A[2K[Gâ–‚â–‚â–â–â–â–â–‚â–‚â–ƒâ–ƒâ–„â–„â–…â–…â–†â–†â–‡â–‡â–ˆâ–ˆâ–‡â–‡â–†â–†â–…â–…â–„â–„â–ƒâ–ƒâ–‚â–‚â–â–â–â–â–‚â–‚â–ƒâ–ƒâ–„â–„â–…â–…â–†â–†â–‡â–‡â–ˆâ–ˆâ–‡â–‡â–†â–†â–…â–…â–„â–„â–ƒâ–ƒâ–‚â–‚â–â–â–â–â–‚â–‚â–ƒâ–ƒâ–„â–„â–…â–…â–†â–†â–‡â–‡â–ˆâ–ˆ
Installing dependencies ...
[2K[1A[2K[1A[2K[Gâ–ƒâ–‚â–‚â–â–â–â–â–‚â–‚â–ƒâ–ƒâ–„â–„â–…â–…â–†â–†â–‡â–‡â–ˆâ–ˆâ–‡â–‡â–†â–†â–…â–…â–„â–„â–ƒâ–ƒâ–‚â–‚â–â–â–â–â–‚â–‚â–ƒâ–ƒâ–„â–„â–…â–…â–†â–†â–‡â–‡â–ˆâ–ˆâ–‡â–‡â–†â–†â–…â–…â–„â–„â–ƒâ–ƒâ–‚â–‚â–â–â–â–â–‚â–‚â–ƒâ–ƒâ–„â–„â–…â–…â–†â–†â–‡â–‡â–ˆ
Installing dependencies ...
[2K[1A[2K[1A[2K[Gâ–ƒâ–ƒâ–‚â–‚â–â–â–â–â–‚â–‚â–ƒâ–ƒâ–„â–„â–…â–…â–†â–†â–‡â–‡â–ˆâ–ˆâ–‡â–‡â–†â–†â–…â–…â–„â–„â–ƒâ–ƒâ–‚â–‚â–â–â–â–â–‚â–‚â–ƒâ–ƒâ–„â–„â–…â–…â–†â–†â–‡â–‡â–ˆâ–ˆâ–‡â–‡â–†â–†â–…â–…â–„â–„â–ƒâ–ƒâ–‚â–‚â–â–â–â–â–‚â–‚â–ƒâ–ƒâ–„â–„â–…â–…â–†â–†â–‡â–‡
Installing dependencies ...
[2K[1A[2K[1A[2K[Gâ–„â–ƒâ–ƒâ–‚â–‚â–â–â–â–â–‚â–‚â–ƒâ–ƒâ–„â–„â–…â–…â–†â–†â–‡â–‡â–ˆâ–ˆâ–‡â–‡â–†â–†â–…â–…â–„â–„â–ƒâ–ƒâ–‚â–‚â–â–â–â–â–‚â–‚â–ƒâ–ƒâ–„â–„â–…â–…â–†â–†â–‡â–‡â–ˆâ–ˆâ–‡â–‡â–†â–†â–…â–…â–„â–„â–ƒâ–ƒâ–‚â–‚â–â–â–â–â–‚â–‚â–ƒâ–ƒâ–„â–„â–…â–…â–†â–†â–‡
Installing dependencies ...
[2K[1A[2K[1A[2K[Gâ–„â–„â–ƒâ–ƒâ–‚â–‚â–â–â–â–â–‚â–‚â–ƒâ–ƒâ–„â–„â–…â–…â–†â–†â–‡â–‡â–ˆâ–ˆâ–‡â–‡â–†â–†â–…â–…â–„â–„â–ƒâ–ƒâ–‚â–‚â–â–â–â–â–‚â–‚â–ƒâ–ƒâ–„â–„â–…â–…â–†â–†â–‡â–‡â–ˆâ–ˆâ–‡â–‡â–†â–†â–…â–…â–„â–„â–ƒâ–ƒâ–‚â–‚â–â–â–â–â–‚â–‚â–ƒâ–ƒâ–„â–„â–…â–…â–†â–†
Installing dependencies ...
[2K[1A[2K[1A[2K[Gâ–…â–„â–„â–ƒâ–ƒâ–‚â–‚â–â–â–â–â–‚â–‚â–ƒâ–ƒâ–„â–„â–…â–…â–†â–†â–‡â–‡â–ˆâ–ˆâ–‡â–‡â–†â–†â–…â–…â–„â–„â–ƒâ–ƒâ–‚â–‚â–â–â–â–â–‚â–‚â–ƒâ–ƒâ–„â–„â–…â–…â–†â–†â–‡â–‡â–ˆâ–ˆâ–‡â–‡â–†â–†â–…â–…â–„â–„â–ƒâ–ƒâ–‚â–‚â–â–â–â–â–‚â–‚â–ƒâ–ƒâ–„â–„â–…â–…â–†
Installing dependencies ...
[2K[1A[2K[1A[2K[Gâ–…â–…â–„â–„â–ƒâ–ƒâ–‚â–‚â–â–â–â–â–‚â–‚â–ƒâ–ƒâ–„â–„â–…â–…â–†â–†â–‡â–‡â–ˆâ–ˆâ–‡â–‡â–†â–†â–…â–…â–„â–„â–ƒâ–ƒâ–‚â–‚â–â–â–â–â–‚â–‚â–ƒâ–ƒâ–„â–„â–…â–…â–†â–†â–‡â–‡â–ˆâ–ˆâ–‡â–‡â–†â–†â–…â–…â–„â–„â–ƒâ–ƒâ–‚â–‚â–â–â–â–â–‚â–‚â–ƒâ–ƒâ–„â–„â–…â–…
Installing dependencies ...
[2K[1A[2K[1A[2K[Gâ–†â–…â–…â–„â–„â–ƒâ–ƒâ–‚â–‚â–â–â–â–â–‚â–‚â–ƒâ–ƒâ–„â–„â–…â–…â–†â–†â–‡â–‡â–ˆâ–ˆâ–‡â–‡â–†â–†â–…â–…â–„â–„â–ƒâ–ƒâ–‚â–‚â–â–â–â–â–‚â–‚â–ƒâ–ƒâ–„â–„â–…â–…â–†â–†â–‡â–‡â–ˆâ–ˆâ–‡â–‡â–†â–†â–…â–…â–„â–„â–ƒâ–ƒâ–‚â–‚â–â–â–â–â–‚â–‚â–ƒâ–ƒâ–„â–„â–…
Installing dependencies ...
[2K[1A[2K[1A[2K[Gâ–†â–†â–…â–…â–„â–„â–ƒâ–ƒâ–‚â–‚â–â–â–â–â–‚â–‚â–ƒâ–ƒâ–„â–„â–…â–…â–†â–†â–‡â–‡â–ˆâ–ˆâ–‡â–‡â–†â–†â–…â–…â–„â–„â–ƒâ–ƒâ–‚â–‚â–â–â–â–â–‚â–‚â–ƒâ–ƒâ–„â–„â–…â–…â–†â–†â–‡â–‡â–ˆâ–ˆâ–‡â–‡â–†â–†â–…â–…â–„â–„â–ƒâ–ƒâ–‚â–‚â–â–â–â–â–‚â–‚â–ƒâ–ƒâ–„â–„
Installing dependencies ...
[2K[1A[2K[1A[2K[Gâ–‡â–†â–†â–…â–…â–„â–„â–ƒâ–ƒâ–‚â–‚â–â–â–â–â–‚â–‚â–ƒâ–ƒâ–„â–„â–…â–…â–†â–†â–‡â–‡â–ˆâ–ˆâ–‡â–‡â–†â–†â–…â–…â–„â–„â–ƒâ–ƒâ–‚â–‚â–â–â–â–â–‚â–‚â–ƒâ–ƒâ–„â–„â–…â–…â–†â–†â–‡â–‡â–ˆâ–ˆâ–‡â–‡â–†â–†â–…â–…â–„â–„â–ƒâ–ƒâ–‚â–‚â–â–â–â–â–‚â–‚â–ƒâ–ƒâ–„
Installing dependencies ...
[2K[1A[2K[1A[2K[Gâ–‡â–‡â–†â–†â–…â–…â–„â–„â–ƒâ–ƒâ–‚â–‚â–â–â–â–â–‚â–‚â–ƒâ–ƒâ–„â–„â–…â–…â–†â–†â–‡â–‡â–ˆâ–ˆâ–‡â–‡â–†â–†â–…â–…â–„â–„â–ƒâ–ƒâ–‚â–‚â–â–â–â–â–‚â–‚â–ƒâ–ƒâ–„â–„â–…â–…â–†â–†â–‡â–‡â–ˆâ–ˆâ–‡â–‡â–†â–†â–…â–…â–„â–„â–ƒâ–ƒâ–‚â–‚â–â–â–â–â–‚â–‚â–ƒâ–ƒ
Installing dependencies ...
[2K[1A[2K[1A[2K[Gâ–ˆâ–‡â–‡â–†â–†â–…â–…â–„â–„â–ƒâ–ƒâ–‚â–‚â–â–â–â–â–‚â–‚â–ƒâ–ƒâ–„â–„â–…â–…â–†â–†â–‡â–‡â–ˆâ–ˆâ–‡â–‡â–†â–†â–…â–…â–„â–„â–ƒâ–ƒâ–‚â–‚â–â–â–â–â–‚â–‚â–ƒâ–ƒâ–„â–„â–…â–…â–†â–†â–‡â–‡â–ˆâ–ˆâ–‡â–‡â–†â–†â–…â–…â–„â–„â–ƒâ–ƒâ–‚â–‚â–â–â–â–â–‚â–‚â–ƒ
Installing dependencies ...
[2K[1A[2K[1A[2K[Gâ–ˆâ–ˆâ–‡â–‡â–†â–†â–…â–…â–„â–„â–ƒâ–ƒâ–‚â–‚â–â–â–â–â–‚â–‚â–ƒâ–ƒâ–„â–„â–…â–…â–†â–†â–‡â–‡â–ˆâ–ˆâ–‡â–‡â–†â–†â–…â–…â–„â–„â–ƒâ–ƒâ–‚â–‚â–â–â–â–â–‚â–‚â–ƒâ–ƒâ–„â–„â–…â–…â–†â–†â–‡â–‡â–ˆâ–ˆâ–‡â–‡â–†â–†â–…â–…â–„â–„â–ƒâ–ƒâ–‚â–‚â–â–â–â–â–‚â–‚
Installing dependencies ...
[2K[1A[2K[1A[2K[Gâ–‡â–ˆâ–ˆâ–‡â–‡â–†â–†â–…â–…â–„â–„â–ƒâ–ƒâ–‚â–‚â–â–â–â–â–‚â–‚â–ƒâ–ƒâ–„â–„â–…â–…â–†â–†â–‡â–‡â–ˆâ–ˆâ–‡â–‡â–†â–†â–…â–…â–„â–„â–ƒâ–ƒâ–‚â–‚â–â–â–â–â–‚â–‚â–ƒâ–ƒâ–„â–„â–…â–…â–†â–†â–‡â–‡â–ˆâ–ˆâ–‡â–‡â–†â–†â–…â–…â–„â–„â–ƒâ–ƒâ–‚â–‚â–â–â–â–â–‚
Installing dependencies ...
[2K[1A[2K[1A[2K[Gâ–‡â–‡â–ˆâ–ˆâ–‡â–‡â–†â–†â–…â–…â–„â–„â–ƒâ–ƒâ–‚â–‚â–â–â–â–â–‚â–‚â–ƒâ–ƒâ–„â–„â–…â–…â–†â–†â–‡â–‡â–ˆâ–ˆâ–‡â–‡â–†â–†â–…â–…â–„â–„â–ƒâ–ƒâ–‚â–‚â–â–â–â–â–‚â–‚â–ƒâ–ƒâ–„â–„â–…â–…â–†â–†â–‡â–‡â–ˆâ–ˆâ–‡â–‡â–†â–†â–…â–…â–„â–„â–ƒâ–ƒâ–‚â–‚â–â–â–â–
Installing dependencies ...
[2K[1A[2K[1A[2K[Gâ–†â–‡â–‡â–ˆâ–ˆâ–‡â–‡â–†â–†â–…â–…â–„â–„â–ƒâ–ƒâ–‚â–‚â–â–â–â–â–‚â–‚â–ƒâ–ƒâ–„â–„â–…â–…â–†â–†â–‡â–‡â–ˆâ–ˆâ–‡â–‡â–†â–†â–…â–…â–„â–„â–ƒâ–ƒâ–‚â–‚â–â–â–â–â–‚â–‚â–ƒâ–ƒâ–„â–„â–…â–…â–†â–†â–‡â–‡â–ˆâ–ˆâ–‡â–‡â–†â–†â–…â–…â–„â–„â–ƒâ–ƒâ–‚â–‚â–â–â–
Installing dependencies ...
[2K[1A[2K[1A[2K[Gâ–†â–†â–‡â–‡â–ˆâ–ˆâ–‡â–‡â–†â–†â–…â–…â–„â–„â–ƒâ–ƒâ–‚â–‚â–â–â–â–â–‚â–‚â–ƒâ–ƒâ–„â–„â–…â–…â–†â–†â–‡â–‡â–ˆâ–ˆâ–‡â–‡â–†â–†â–…â–…â–„â–„â–ƒâ–ƒâ–‚â–‚â–â–â–â–â–‚â–‚â–ƒâ–ƒâ–„â–„â–…â–…â–†â–†â–‡â–‡â–ˆâ–ˆâ–‡â–‡â–†â–†â–…â–…â–„â–„â–ƒâ–ƒâ–‚â–‚â–â–
Installing dependencies ...
[2K[1A[2K[1A[2K[Gâ–…â–†â–†â–‡â–‡â–ˆâ–ˆâ–‡â–‡â–†â–†â–…â–…â–„â–„â–ƒâ–ƒâ–‚â–‚â–â–â–â–â–‚â–‚â–ƒâ–ƒâ–„â–„â–…â–…â–†â–†â–‡â–‡â–ˆâ–ˆâ–‡â–‡â–†â–†â–…â–…â–„â–„â–ƒâ–ƒâ–‚â–‚â–â–â–â–â–‚â–‚â–ƒâ–ƒâ–„â–„â–…â–…â–†â–†â–‡â–‡â–ˆâ–ˆâ–‡â–‡â–†â–†â–…â–…â–„â–„â–ƒâ–ƒâ–‚â–‚â–
Installing dependencies ...
[2K[1A[2K[1A[2K[Gâ–…â–…â–†â–†â–‡â–‡â–ˆâ–ˆâ–‡â–‡â–†â–†â–…â–…â–„â–„â–ƒâ–ƒâ–‚â–‚â–â–â–â–â–‚â–‚â–ƒâ–ƒâ–„â–„â–…â–…â–†â–†â–‡â–‡â–ˆâ–ˆâ–‡â–‡â–†â–†â–…â–…â–„â–„â–ƒâ–ƒâ–‚â–‚â–â–â–â–â–‚â–‚â–ƒâ–ƒâ–„â–„â–…â–…â–†â–†â–‡â–‡â–ˆâ–ˆâ–‡â–‡â–†â–†â–…â–…â–„â–„â–ƒâ–ƒâ–‚â–‚
Installing dependencies ...
[2K[1A[2K[1A[2K[Gâ–„â–…â–…â–†â–†â–‡â–‡â–ˆâ–ˆâ–‡â–‡â–†â–†â–…â–…â–„â–„â–ƒâ–ƒâ–‚â–‚â–â–â–â–â–‚â–‚â–ƒâ–ƒâ–„â–„â–…â–…â–†â–†â–‡â–‡â–ˆâ–ˆâ–‡â–‡â–†â–†â–…â–…â–„â–„â–ƒâ–ƒâ–‚â–‚â–â–â–â–â–‚â–‚â–ƒâ–ƒâ–„â–„â–…â–…â–†â–†â–‡â–‡â–ˆâ–ˆâ–‡â–‡â–†â–†â–…â–…â–„â–„â–ƒâ–ƒâ–‚
Installing dependencies ...
[2K[1A[2K[1A[2K[Gâ–„â–„â–…â–…â–†â–†â–‡â–‡â–ˆâ–ˆâ–‡â–‡â–†â–†â–…â–…â–„â–„â–ƒâ–ƒâ–‚â–‚â–â–â–â–â–‚â–‚â–ƒâ–ƒâ–„â–„â–…â–…â–†â–†â–‡â–‡â–ˆâ–ˆâ–‡â–‡â–†â–†â–…â–…â–„â–„â–ƒâ–ƒâ–‚â–‚â–â–â–â–â–‚â–‚â–ƒâ–ƒâ–„â–„â–…â–…â–†â–†â–‡â–‡â–ˆâ–ˆâ–‡â–‡â–†â–†â–…â–…â–„â–„â–ƒâ–ƒ
Installing dependencies ...
[2K[1A[2K[1A[2K[Gâ–ƒâ–„â–„â–…â–…â–†â–†â–‡â–‡â–ˆâ–ˆâ–‡â–‡â–†â–†â–…â–…â–„â–„â–ƒâ–ƒâ–‚â–‚â–â–â–â–â–‚â–‚â–ƒâ–ƒâ–„â–„â–…â–…â–†â–†â–‡â–‡â–ˆâ–ˆâ–‡â–‡â–†â–†â–…â–…â–„â–„â–ƒâ–ƒâ–‚â–‚â–â–â–â–â–‚â–‚â–ƒâ–ƒâ–„â–„â–…â–…â–†â–†â–‡â–‡â–ˆâ–ˆâ–‡â–‡â–†â–†â–…â–…â–„â–„â–ƒ
Installing dependencies ...
[2K[1A[2K[1A[2K[Gâ–ƒâ–ƒâ–„â–„â–…â–…â–†â–†â–‡â–‡â–ˆâ–ˆâ–‡â–‡â–†â–†â–…â–…â–„â–„â–ƒâ–ƒâ–‚â–‚â–â–â–â–â–‚â–‚â–ƒâ–ƒâ–„â–„â–…â–…â–†â–†â–‡â–‡â–ˆâ–ˆâ–‡â–‡â–†â–†â–…â–…â–„â–„â–ƒâ–ƒâ–‚â–‚â–â–â–â–â–‚â–‚â–ƒâ–ƒâ–„â–„â–…â–…â–†â–†â–‡â–‡â–ˆâ–ˆâ–‡â–‡â–†â–†â–…â–…â–„â–„
Installing dependencies ...
[2K[1A[2K[1A[2K[Gâ–‚â–ƒâ–ƒâ–„â–„â–…â–…â–†â–†â–‡â–‡â–ˆâ–ˆâ–‡â–‡â–†â–†â–…â–…â–„â–„â–ƒâ–ƒâ–‚â–‚â–â–â–â–â–‚â–‚â–ƒâ–ƒâ–„â–„â–…â–…â–†â–†â–‡â–‡â–ˆâ–ˆâ–‡â–‡â–†â–†â–…â–…â–„â–„â–ƒâ–ƒâ–‚â–‚â–â–â–â–â–‚â–‚â–ƒâ–ƒâ–„â–„â–…â–…â–†â–†â–‡â–‡â–ˆâ–ˆâ–‡â–‡â–†â–†â–…â–…â–„
Installing dependencies ...
[2K[1A[2K[1A[2K[Gâ–‚â–‚â–ƒâ–ƒâ–„â–„â–…â–…â–†â–†â–‡â–‡â–ˆâ–ˆâ–‡â–‡â–†â–†â–…â–…â–„â–„â–ƒâ–ƒâ–‚â–‚â–â–â–â–â–‚â–‚â–ƒâ–ƒâ–„â–„â–…â–…â–†â–†â–‡â–‡â–ˆâ–ˆâ–‡â–‡â–†â–†â–…â–…â–„â–„â–ƒâ–ƒâ–‚â–‚â–â–â–â–â–‚â–‚â–ƒâ–ƒâ–„â–„â–…â–…â–†â–†â–‡â–‡â–ˆâ–ˆâ–‡â–‡â–†â–†â–…â–…
Installing dependencies ...
[2K[1A[2K[1A[2K[Gâ–â–‚â–‚â–ƒâ–ƒâ–„â–„â–…â–…â–†â–†â–‡â–‡â–ˆâ–ˆâ–‡â–‡â–†â–†â–…â–…â–„â–„â–ƒâ–ƒâ–‚â–‚â–â–â–â–â–‚â–‚â–ƒâ–ƒâ–„â–„â–…â–…â–†â–†â–‡â–‡â–ˆâ–ˆâ–‡â–‡â–†â–†â–…â–…â–„â–„â–ƒâ–ƒâ–‚â–‚â–â–â–â–â–‚â–‚â–ƒâ–ƒâ–„â–„â–…â–…â–†â–†â–‡â–‡â–ˆâ–ˆâ–‡â–‡â–†â–†â–…
Installing dependencies ...
[2K[1A[2K[1A[2K[Gâ–â–â–‚â–‚â–ƒâ–ƒâ–„â–„â–…â–…â–†â–†â–‡â–‡â–ˆâ–ˆâ–‡â–‡â–†â–†â–…â–…â–„â–„â–ƒâ–ƒâ–‚â–‚â–â–â–â–â–‚â–‚â–ƒâ–ƒâ–„â–„â–…â–…â–†â–†â–‡â–‡â–ˆâ–ˆâ–‡â–‡â–†â–†â–…â–…â–„â–„â–ƒâ–ƒâ–‚â–‚â–â–â–â–â–‚â–‚â–ƒâ–ƒâ–„â–„â–…â–…â–†â–†â–‡â–‡â–ˆâ–ˆâ–‡â–‡â–†â–†
Installing dependencies ...
[2K[1A[2K[1A[2K[Gâ–â–â–â–‚â–‚â–ƒâ–ƒâ–„â–„â–…â–…â–†â–†â–‡â–‡â–ˆâ–ˆâ–‡â–‡â–†â–†â–…â–…â–„â–„â–ƒâ–ƒâ–‚â–‚â–â–â–â–â–‚â–‚â–ƒâ–ƒâ–„â–„â–…â–…â–†â–†â–‡â–‡â–ˆâ–ˆâ–‡â–‡â–†â–†â–…â–…â–„â–„â–ƒâ–ƒâ–‚â–‚â–â–â–â–â–‚â–‚â–ƒâ–ƒâ–„â–„â–…â–…â–†â–†â–‡â–‡â–ˆâ–ˆâ–‡â–‡â–†
Installing dependencies ...
[2K[1A[2K[1A[2K[Gâ–â–â–â–â–‚â–‚â–ƒâ–ƒâ–„â–„â–…â–…â–†â–†â–‡â–‡â–ˆâ–ˆâ–‡â–‡â–†â–†â–…â–…â–„â–„â–ƒâ–ƒâ–‚â–‚â–â–â–â–â–‚â–‚â–ƒâ–ƒâ–„â–„â–…â–…â–†â–†â–‡â–‡â–ˆâ–ˆâ–‡â–‡â–†â–†â–…â–…â–„â–„â–ƒâ–ƒâ–‚â–‚â–â–â–â–â–‚â–‚â–ƒâ–ƒâ–„â–„â–…â–…â–†â–†â–‡â–‡â–ˆâ–ˆâ–‡â–‡
Installing dependencies ...
[2K[1A[2K[1A[2K[Gâ–‚â–â–â–â–â–‚â–‚â–ƒâ–ƒâ–„â–„â–…â–…â–†â–†â–‡â–‡â–ˆâ–ˆâ–‡â–‡â–†â–†â–…â–…â–„â–„â–ƒâ–ƒâ–‚â–‚â–â–â–â–â–‚â–‚â–ƒâ–ƒâ–„â–„â–…â–…â–†â–†â–‡â–‡â–ˆâ–ˆâ–‡â–‡â–†â–†â–…â–…â–„â–„â–ƒâ–ƒâ–‚â–‚â–â–â–â–â–‚â–‚â–ƒâ–ƒâ–„â–„â–…â–…â–†â–†â–‡â–‡â–ˆâ–ˆâ–‡
Installing dependencies ...
[2K[1A[2K[1A[2K[Gâ–‚â–‚â–â–â–â–â–‚â–‚â–ƒâ–ƒâ–„â–„â–…â–…â–†â–†â–‡â–‡â–ˆâ–ˆâ–‡â–‡â–†â–†â–…â–…â–„â–„â–ƒâ–ƒâ–‚â–‚â–â–â–â–â–‚â–‚â–ƒâ–ƒâ–„â–„â–…â–…â–†â–†â–‡â–‡â–ˆâ–ˆâ–‡â–‡â–†â–†â–…â–…â–„â–„â–ƒâ–ƒâ–‚â–‚â–â–â–â–â–‚â–‚â–ƒâ–ƒâ–„â–„â–…â–…â–†â–†â–‡â–‡â–ˆâ–ˆ
Installing dependencies ...
[2K[1A[2K[1A[2K[Gâ–ƒâ–‚â–‚â–â–â–â–â–‚â–‚â–ƒâ–ƒâ–„â–„â–…â–…â–†â–†â–‡â–‡â–ˆâ–ˆâ–‡â–‡â–†â–†â–…â–…â–„â–„â–ƒâ–ƒâ–‚â–‚â–â–â–â–â–‚â–‚â–ƒâ–ƒâ–„â–„â–…â–…â–†â–†â–‡â–‡â–ˆâ–ˆâ–‡â–‡â–†â–†â–…â–…â–„â–„â–ƒâ–ƒâ–‚â–‚â–â–â–â–â–‚â–‚â–ƒâ–ƒâ–„â–„â–…â–…â–†â–†â–‡â–‡â–ˆ
Installing dependencies ...
[2K[1A[2K[1A[2K[Gâ–ƒâ–ƒâ–‚â–‚â–â–â–â–â–‚â–‚â–ƒâ–ƒâ–„â–„â–…â–…â–†â–†â–‡â–‡â–ˆâ–ˆâ–‡â–‡â–†â–†â–…â–…â–„â–„â–ƒâ–ƒâ–‚â–‚â–â–â–â–â–‚â–‚â–ƒâ–ƒâ–„â–„â–…â–…â–†â–†â–‡â–‡â–ˆâ–ˆâ–‡â–‡â–†â–†â–…â–…â–„â–„â–ƒâ–ƒâ–‚â–‚â–â–â–â–â–‚â–‚â–ƒâ–ƒâ–„â–„â–…â–…â–†â–†â–‡â–‡
Installing dependencies ...
[2K[1A[2K[1A[2K[Gâ–„â–ƒâ–ƒâ–‚â–‚â–â–â–â–â–‚â–‚â–ƒâ–ƒâ–„â–„â–…â–…â–†â–†â–‡â–‡â–ˆâ–ˆâ–‡â–‡â–†â–†â–…â–…â–„â–„â–ƒâ–ƒâ–‚â–‚â–â–â–â–â–‚â–‚â–ƒâ–ƒâ–„â–„â–…â–…â–†â–†â–‡â–‡â–ˆâ–ˆâ–‡â–‡â–†â–†â–…â–…â–„â–„â–ƒâ–ƒâ–‚â–‚â–â–â–â–â–‚â–‚â–ƒâ–ƒâ–„â–„â–…â–…â–†â–†â–‡
Installing dependencies ...
[2K[1A[2K[1A[2K[Gâ–„â–„â–ƒâ–ƒâ–‚â–‚â–â–â–â–â–‚â–‚â–ƒâ–ƒâ–„â–„â–…â–…â–†â–†â–‡â–‡â–ˆâ–ˆâ–‡â–‡â–†â–†â–…â–…â–„â–„â–ƒâ–ƒâ–‚â–‚â–â–â–â–â–‚â–‚â–ƒâ–ƒâ–„â–„â–…â–…â–†â–†â–‡â–‡â–ˆâ–ˆâ–‡â–‡â–†â–†â–…â–…â–„â–„â–ƒâ–ƒâ–‚â–‚â–â–â–â–â–‚â–‚â–ƒâ–ƒâ–„â–„â–…â–…â–†â–†
Installing dependencies ...
[2K[1A[2K[1A[2K[Gâ–…â–„â–„â–ƒâ–ƒâ–‚â–‚â–â–â–â–â–‚â–‚â–ƒâ–ƒâ–„â–„â–…â–…â–†â–†â–‡â–‡â–ˆâ–ˆâ–‡â–‡â–†â–†â–…â–…â–„â–„â–ƒâ–ƒâ–‚â–‚â–â–â–â–â–‚â–‚â–ƒâ–ƒâ–„â–„â–…â–…â–†â–†â–‡â–‡â–ˆâ–ˆâ–‡â–‡â–†â–†â–…â–…â–„â–„â–ƒâ–ƒâ–‚â–‚â–â–â–â–â–‚â–‚â–ƒâ–ƒâ–„â–„â–…â–…â–†
Installing dependencies ...
[2K[1A[2K[1A[2K[Gâ–…â–…â–„â–„â–ƒâ–ƒâ–‚â–‚â–â–â–â–â–‚â–‚â–ƒâ–ƒâ–„â–„â–…â–…â–†â–†â–‡â–‡â–ˆâ–ˆâ–‡â–‡â–†â–†â–…â–…â–„â–„â–ƒâ–ƒâ–‚â–‚â–â–â–â–â–‚â–‚â–ƒâ–ƒâ–„â–„â–…â–…â–†â–†â–‡â–‡â–ˆâ–ˆâ–‡â–‡â–†â–†â–…â–…â–„â–„â–ƒâ–ƒâ–‚â–‚â–â–â–â–â–‚â–‚â–ƒâ–ƒâ–„â–„â–…â–…
Installing dependencies ...
[2K[1A[2K[1A[2K[Gâ–†â–…â–…â–„â–„â–ƒâ–ƒâ–‚â–‚â–â–â–â–â–‚â–‚â–ƒâ–ƒâ–„â–„â–…â–…â–†â–†â–‡â–‡â–ˆâ–ˆâ–‡â–‡â–†â–†â–…â–…â–„â–„â–ƒâ–ƒâ–‚â–‚â–â–â–â–â–‚â–‚â–ƒâ–ƒâ–„â–„â–…â–…â–†â–†â–‡â–‡â–ˆâ–ˆâ–‡â–‡â–†â–†â–…â–…â–„â–„â–ƒâ–ƒâ–‚â–‚â–â–â–â–â–‚â–‚â–ƒâ–ƒâ–„â–„â–…
Installing dependencies ...
[2K[1A[2K[1A[2K[Gâ–†â–†â–…â–…â–„â–„â–ƒâ–ƒâ–‚â–‚â–â–â–â–â–‚â–‚â–ƒâ–ƒâ–„â–„â–…â–…â–†â–†â–‡â–‡â–ˆâ–ˆâ–‡â–‡â–†â–†â–…â–…â–„â–„â–ƒâ–ƒâ–‚â–‚â–â–â–â–â–‚â–‚â–ƒâ–ƒâ–„â–„â–…â–…â–†â–†â–‡â–‡â–ˆâ–ˆâ–‡â–‡â–†â–†â–…â–…â–„â–„â–ƒâ–ƒâ–‚â–‚â–â–â–â–â–‚â–‚â–ƒâ–ƒâ–„â–„
Installing dependencies ...
[2K[1A[2K[1A[2K[Gâ–‡â–†â–†â–…â–…â–„â–„â–ƒâ–ƒâ–‚â–‚â–â–â–â–â–‚â–‚â–ƒâ–ƒâ–„â–„â–…â–…â–†â–†â–‡â–‡â–ˆâ–ˆâ–‡â–‡â–†â–†â–…â–…â–„â–„â–ƒâ–ƒâ–‚â–‚â–â–â–â–â–‚â–‚â–ƒâ–ƒâ–„â–„â–…â–…â–†â–†â–‡â–‡â–ˆâ–ˆâ–‡â–‡â–†â–†â–…â–…â–„â–„â–ƒâ–ƒâ–‚â–‚â–â–â–â–â–‚â–‚â–ƒâ–ƒâ–„
Installing dependencies ...
[2K[1A[2K[1A[2K[Gâ–‡â–‡â–†â–†â–…â–…â–„â–„â–ƒâ–ƒâ–‚â–‚â–â–â–â–â–‚â–‚â–ƒâ–ƒâ–„â–„â–…â–…â–†â–†â–‡â–‡â–ˆâ–ˆâ–‡â–‡â–†â–†â–…â–…â–„â–„â–ƒâ–ƒâ–‚â–‚â–â–â–â–â–‚â–‚â–ƒâ–ƒâ–„â–„â–…â–…â–†â–†â–‡â–‡â–ˆâ–ˆâ–‡â–‡â–†â–†â–…â–…â–„â–„â–ƒâ–ƒâ–‚â–‚â–â–â–â–â–‚â–‚â–ƒâ–ƒ
Installing dependencies ...
[2K[1A[2K[1A[2K[Gâ–ˆâ–‡â–‡â–†â–†â–…â–…â–„â–„â–ƒâ–ƒâ–‚â–‚â–â–â–â–â–‚â–‚â–ƒâ–ƒâ–„â–„â–…â–…â–†â–†â–‡â–‡â–ˆâ–ˆâ–‡â–‡â–†â–†â–…â–…â–„â–„â–ƒâ–ƒâ–‚â–‚â–â–â–â–â–‚â–‚â–ƒâ–ƒâ–„â–„â–…â–…â–†â–†â–‡â–‡â–ˆâ–ˆâ–‡â–‡â–†â–†â–…â–…â–„â–„â–ƒâ–ƒâ–‚â–‚â–â–â–â–â–‚â–‚â–ƒ
Installing dependencies ...
[2K[1A[2K[1A[2K[Gâ–ˆâ–ˆâ–‡â–‡â–†â–†â–…â–…â–„â–„â–ƒâ–ƒâ–‚â–‚â–â–â–â–â–‚â–‚â–ƒâ–ƒâ–„â–„â–…â–…â–†â–†â–‡â–‡â–ˆâ–ˆâ–‡â–‡â–†â–†â–…â–…â–„â–„â–ƒâ–ƒâ–‚â–‚â–â–â–â–â–‚â–‚â–ƒâ–ƒâ–„â–„â–…â–…â–†â–†â–‡â–‡â–ˆâ–ˆâ–‡â–‡â–†â–†â–…â–…â–„â–„â–ƒâ–ƒâ–‚â–‚â–â–â–â–â–‚â–‚
Installing dependencies ...
[2K[1A[2K[1A[2K[Gâ–‡â–ˆâ–ˆâ–‡â–‡â–†â–†â–…â–…â–„â–„â–ƒâ–ƒâ–‚â–‚â–â–â–â–â–‚â–‚â–ƒâ–ƒâ–„â–„â–…â–…â–†â–†â–‡â–‡â–ˆâ–ˆâ–‡â–‡â–†â–†â–…â–…â–„â–„â–ƒâ–ƒâ–‚â–‚â–â–â–â–â–‚â–‚â–ƒâ–ƒâ–„â–„â–…â–…â–†â–†â–‡â–‡â–ˆâ–ˆâ–‡â–‡â–†â–†â–…â–…â–„â–„â–ƒâ–ƒâ–‚â–‚â–â–â–â–â–‚
Installing dependencies ...
[2K[1A[2K[1A[2K[Gâ–‡â–‡â–ˆâ–ˆâ–‡â–‡â–†â–†â–…â–…â–„â–„â–ƒâ–ƒâ–‚â–‚â–â–â–â–â–‚â–‚â–ƒâ–ƒâ–„â–„â–…â–…â–†â–†â–‡â–‡â–ˆâ–ˆâ–‡â–‡â–†â–†â–…â–…â–„â–„â–ƒâ–ƒâ–‚â–‚â–â–â–â–â–‚â–‚â–ƒâ–ƒâ–„â–„â–…â–…â–†â–†â–‡â–‡â–ˆâ–ˆâ–‡â–‡â–†â–†â–…â–…â–„â–„â–ƒâ–ƒâ–‚â–‚â–â–â–â–
Installing dependencies ...
[2K[1A[2K[1A[2K[Gâ–†â–‡â–‡â–ˆâ–ˆâ–‡â–‡â–†â–†â–…â–…â–„â–„â–ƒâ–ƒâ–‚â–‚â–â–â–â–â–‚â–‚â–ƒâ–ƒâ–„â–„â–…â–…â–†â–†â–‡â–‡â–ˆâ–ˆâ–‡â–‡â–†â–†â–…â–…â–„â–„â–ƒâ–ƒâ–‚â–‚â–â–â–â–â–‚â–‚â–ƒâ–ƒâ–„â–„â–…â–…â–†â–†â–‡â–‡â–ˆâ–ˆâ–‡â–‡â–†â–†â–…â–…â–„â–„â–ƒâ–ƒâ–‚â–‚â–â–â–
Installing dependencies ...
[2K[1A[2K[1A[2K[Gâ–†â–†â–‡â–‡â–ˆâ–ˆâ–‡â–‡â–†â–†â–…â–…â–„â–„â–ƒâ–ƒâ–‚â–‚â–â–â–â–â–‚â–‚â–ƒâ–ƒâ–„â–„â–…â–…â–†â–†â–‡â–‡â–ˆâ–ˆâ–‡â–‡â–†â–†â–…â–…â–„â–„â–ƒâ–ƒâ–‚â–‚â–â–â–â–â–‚â–‚â–ƒâ–ƒâ–„â–„â–…â–…â–†â–†â–‡â–‡â–ˆâ–ˆâ–‡â–‡â–†â–†â–…â–…â–„â–„â–ƒâ–ƒâ–‚â–‚â–â–
Installing dependencies ...
[2K[1A[2K[1A[2K[Gâ–…â–†â–†â–‡â–‡â–ˆâ–ˆâ–‡â–‡â–†â–†â–…â–…â–„â–„â–ƒâ–ƒâ–‚â–‚â–â–â–â–â–‚â–‚â–ƒâ–ƒâ–„â–„â–…â–…â–†â–†â–‡â–‡â–ˆâ–ˆâ–‡â–‡â–†â–†â–…â–…â–„â–„â–ƒâ–ƒâ–‚â–‚â–â–â–â–â–‚â–‚â–ƒâ–ƒâ–„â–„â–…â–…â–†â–†â–‡â–‡â–ˆâ–ˆâ–‡â–‡â–†â–†â–…â–…â–„â–„â–ƒâ–ƒâ–‚â–‚â–
Installing dependencies ...
[2K[1A[2K[1A[2K[Gâ–…â–…â–†â–†â–‡â–‡â–ˆâ–ˆâ–‡â–‡â–†â–†â–…â–…â–„â–„â–ƒâ–ƒâ–‚â–‚â–â–â–â–â–‚â–‚â–ƒâ–ƒâ–„â–„â–…â–…â–†â–†â–‡â–‡â–ˆâ–ˆâ–‡â–‡â–†â–†â–…â–…â–„â–„â–ƒâ–ƒâ–‚â–‚â–â–â–â–â–‚â–‚â–ƒâ–ƒâ–„â–„â–…â–…â–†â–†â–‡â–‡â–ˆâ–ˆâ–‡â–‡â–†â–†â–…â–…â–„â–„â–ƒâ–ƒâ–‚â–‚
Installing dependencies ...
[2K[1A[2K[1A[2K[Gâ–„â–…â–…â–†â–†â–‡â–‡â–ˆâ–ˆâ–‡â–‡â–†â–†â–…â–…â–„â–„â–ƒâ–ƒâ–‚â–‚â–â–â–â–â–‚â–‚â–ƒâ–ƒâ–„â–„â–…â–…â–†â–†â–‡â–‡â–ˆâ–ˆâ–‡â–‡â–†â–†â–…â–…â–„â–„â–ƒâ–ƒâ–‚â–‚â–â–â–â–â–‚â–‚â–ƒâ–ƒâ–„â–„â–…â–…â–†â–†â–‡â–‡â–ˆâ–ˆâ–‡â–‡â–†â–†â–…â–…â–„â–„â–ƒâ–ƒâ–‚
Installing dependencies ...
[2K[1A[2K[1A[2K[Gâ–„â–„â–…â–…â–†â–†â–‡â–‡â–ˆâ–ˆâ–‡â–‡â–†â–†â–…â–…â–„â–„â–ƒâ–ƒâ–‚â–‚â–â–â–â–â–‚â–‚â–ƒâ–ƒâ–„â–„â–…â–…â–†â–†â–‡â–‡â–ˆâ–ˆâ–‡â–‡â–†â–†â–…â–…â–„â–„â–ƒâ–ƒâ–‚â–‚â–â–â–â–â–‚â–‚â–ƒâ–ƒâ–„â–„â–…â–…â–†â–†â–‡â–‡â–ˆâ–ˆâ–‡â–‡â–†â–†â–…â–…â–„â–„â–ƒâ–ƒ
Installing dependencies ...
[2K[1A[2K[1A[2K[Gâ–ƒâ–„â–„â–…â–…â–†â–†â–‡â–‡â–ˆâ–ˆâ–‡â–‡â–†â–†â–…â–…â–„â–„â–ƒâ–ƒâ–‚â–‚â–â–â–â–â–‚â–‚â–ƒâ–ƒâ–„â–„â–…â–…â–†â–†â–‡â–‡â–ˆâ–ˆâ–‡â–‡â–†â–†â–…â–…â–„â–„â–ƒâ–ƒâ–‚â–‚â–â–â–â–â–‚â–‚â–ƒâ–ƒâ–„â–„â–…â–…â–†â–†â–‡â–‡â–ˆâ–ˆâ–‡â–‡â–†â–†â–…â–…â–„â–„â–ƒ
Installing dependencies ...
[2K[1A[2K[1A[2K[Gâ–ƒâ–ƒâ–„â–„â–…â–…â–†â–†â–‡â–‡â–ˆâ–ˆâ–‡â–‡â–†â–†â–…â–…â–„â–„â–ƒâ–ƒâ–‚â–‚â–â–â–â–â–‚â–‚â–ƒâ–ƒâ–„â–„â–…â–…â–†â–†â–‡â–‡â–ˆâ–ˆâ–‡â–‡â–†â–†â–…â–…â–„â–„â–ƒâ–ƒâ–‚â–‚â–â–â–â–â–‚â–‚â–ƒâ–ƒâ–„â–„â–…â–…â–†â–†â–‡â–‡â–ˆâ–ˆâ–‡â–‡â–†â–†â–…â–…â–„â–„
Installing dependencies ...
[2K[1A[2K[1A[2K[Gâ–‚â–ƒâ–ƒâ–„â–„â–…â–…â–†â–†â–‡â–‡â–ˆâ–ˆâ–‡â–‡â–†â–†â–…â–…â–„â–„â–ƒâ–ƒâ–‚â–‚â–â–â–â–â–‚â–‚â–ƒâ–ƒâ–„â–„â–…â–…â–†â–†â–‡â–‡â–ˆâ–ˆâ–‡â–‡â–†â–†â–…â–…â–„â–„â–ƒâ–ƒâ–‚â–‚â–â–â–â–â–‚â–‚â–ƒâ–ƒâ–„â–„â–…â–…â–†â–†â–‡â–‡â–ˆâ–ˆâ–‡â–‡â–†â–†â–…â–…â–„
Installing dependencies ...
[2K[1A[2K[1A[2K[Gâ–‚â–‚â–ƒâ–ƒâ–„â–„â–…â–…â–†â–†â–‡â–‡â–ˆâ–ˆâ–‡â–‡â–†â–†â–…â–…â–„â–„â–ƒâ–ƒâ–‚â–‚â–â–â–â–â–‚â–‚â–ƒâ–ƒâ–„â–„â–…â–…â–†â–†â–‡â–‡â–ˆâ–ˆâ–‡â–‡â–†â–†â–…â–…â–„â–„â–ƒâ–ƒâ–‚â–‚â–â–â–â–â–‚â–‚â–ƒâ–ƒâ–„â–„â–…â–…â–†â–†â–‡â–‡â–ˆâ–ˆâ–‡â–‡â–†â–†â–…â–…
Installing dependencies ...
[2K[1A[2K[1A[2K[Gâ–â–‚â–‚â–ƒâ–ƒâ–„â–„â–…â–…â–†â–†â–‡â–‡â–ˆâ–ˆâ–‡â–‡â–†â–†â–…â–…â–„â–„â–ƒâ–ƒâ–‚â–‚â–â–â–â–â–‚â–‚â–ƒâ–ƒâ–„â–„â–…â–…â–†â–†â–‡â–‡â–ˆâ–ˆâ–‡â–‡â–†â–†â–…â–…â–„â–„â–ƒâ–ƒâ–‚â–‚â–â–â–â–â–‚â–‚â–ƒâ–ƒâ–„â–„â–…â–…â–†â–†â–‡â–‡â–ˆâ–ˆâ–‡â–‡â–†â–†â–…
Installing dependencies ...
[2K[1A[2K[1A[2K[Gâ–â–â–‚â–‚â–ƒâ–ƒâ–„â–„â–…â–…â–†â–†â–‡â–‡â–ˆâ–ˆâ–‡â–‡â–†â–†â–…â–…â–„â–„â–ƒâ–ƒâ–‚â–‚â–â–â–â–â–‚â–‚â–ƒâ–ƒâ–„â–„â–…â–…â–†â–†â–‡â–‡â–ˆâ–ˆâ–‡â–‡â–†â–†â–…â–…â–„â–„â–ƒâ–ƒâ–‚â–‚â–â–â–â–â–‚â–‚â–ƒâ–ƒâ–„â–„â–…â–…â–†â–†â–‡â–‡â–ˆâ–ˆâ–‡â–‡â–†â–†
Installing dependencies ...
[2K[1A[2K[1A[2K[Gâ–â–â–â–‚â–‚â–ƒâ–ƒâ–„â–„â–…â–…â–†â–†â–‡â–‡â–ˆâ–ˆâ–‡â–‡â–†â–†â–…â–…â–„â–„â–ƒâ–ƒâ–‚â–‚â–â–â–â–â–‚â–‚â–ƒâ–ƒâ–„â–„â–…â–…â–†â–†â–‡â–‡â–ˆâ–ˆâ–‡â–‡â–†â–†â–…â–…â–„â–„â–ƒâ–ƒâ–‚â–‚â–â–â–â–â–‚â–‚â–ƒâ–ƒâ–„â–„â–…â–…â–†â–†â–‡â–‡â–ˆâ–ˆâ–‡â–‡â–†
Installing dependencies ...
[2K[1A[2K[1A[2K[Gâ–â–â–â–â–‚â–‚â–ƒâ–ƒâ–„â–„â–…â–…â–†â–†â–‡â–‡â–ˆâ–ˆâ–‡â–‡â–†â–†â–…â–…â–„â–„â–ƒâ–ƒâ–‚â–‚â–â–â–â–â–‚â–‚â–ƒâ–ƒâ–„â–„â–…â–…â–†â–†â–‡â–‡â–ˆâ–ˆâ–‡â–‡â–†â–†â–…â–…â–„â–„â–ƒâ–ƒâ–‚â–‚â–â–â–â–â–‚â–‚â–ƒâ–ƒâ–„â–„â–…â–…â–†â–†â–‡â–‡â–ˆâ–ˆâ–‡â–‡
Installing dependencies ...
[2K[1A[2K[1A[2K[Gâ–‚â–â–â–â–â–‚â–‚â–ƒâ–ƒâ–„â–„â–…â–…â–†â–†â–‡â–‡â–ˆâ–ˆâ–‡â–‡â–†â–†â–…â–…â–„â–„â–ƒâ–ƒâ–‚â–‚â–â–â–â–â–‚â–‚â–ƒâ–ƒâ–„â–„â–…â–…â–†â–†â–‡â–‡â–ˆâ–ˆâ–‡â–‡â–†â–†â–…â–…â–„â–„â–ƒâ–ƒâ–‚â–‚â–â–â–â–â–‚â–‚â–ƒâ–ƒâ–„â–„â–…â–…â–†â–†â–‡â–‡â–ˆâ–ˆâ–‡
Installing dependencies ...
[2K[1A[2K[1A[2K[Gâ–‚â–‚â–â–â–â–â–‚â–‚â–ƒâ–ƒâ–„â–„â–…â–…â–†â–†â–‡â–‡â–ˆâ–ˆâ–‡â–‡â–†â–†â–…â–…â–„â–„â–ƒâ–ƒâ–‚â–‚â–â–â–â–â–‚â–‚â–ƒâ–ƒâ–„â–„â–…â–…â–†â–†â–‡â–‡â–ˆâ–ˆâ–‡â–‡â–†â–†â–…â–…â–„â–„â–ƒâ–ƒâ–‚â–‚â–â–â–â–â–‚â–‚â–ƒâ–ƒâ–„â–„â–…â–…â–†â–†â–‡â–‡â–ˆâ–ˆ
Installing dependencies ...
[2K[1A[2K[1A[2K[Gâ–ƒâ–‚â–‚â–â–â–â–â–‚â–‚â–ƒâ–ƒâ–„â–„â–…â–…â–†â–†â–‡â–‡â–ˆâ–ˆâ–‡â–‡â–†â–†â–…â–…â–„â–„â–ƒâ–ƒâ–‚â–‚â–â–â–â–â–‚â–‚â–ƒâ–ƒâ–„â–„â–…â–…â–†â–†â–‡â–‡â–ˆâ–ˆâ–‡â–‡â–†â–†â–…â–…â–„â–„â–ƒâ–ƒâ–‚â–‚â–â–â–â–â–‚â–‚â–ƒâ–ƒâ–„â–„â–…â–…â–†â–†â–‡â–‡â–ˆ
Installing dependencies ...
[2K[1A[2K[1A[2K[Gâ–ƒâ–ƒâ–‚â–‚â–â–â–â–â–‚â–‚â–ƒâ–ƒâ–„â–„â–…â–…â–†â–†â–‡â–‡â–ˆâ–ˆâ–‡â–‡â–†â–†â–…â–…â–„â–„â–ƒâ–ƒâ–‚â–‚â–â–â–â–â–‚â–‚â–ƒâ–ƒâ–„â–„â–…â–…â–†â–†â–‡â–‡â–ˆâ–ˆâ–‡â–‡â–†â–†â–…â–…â–„â–„â–ƒâ–ƒâ–‚â–‚â–â–â–â–â–‚â–‚â–ƒâ–ƒâ–„â–„â–…â–…â–†â–†â–‡â–‡
Installing dependencies ...
[2K[1A[2K[1A[2K[Gâ–„â–ƒâ–ƒâ–‚â–‚â–â–â–â–â–‚â–‚â–ƒâ–ƒâ–„â–„â–…â–…â–†â–†â–‡â–‡â–ˆâ–ˆâ–‡â–‡â–†â–†â–…â–…â–„â–„â–ƒâ–ƒâ–‚â–‚â–â–â–â–â–‚â–‚â–ƒâ–ƒâ–„â–„â–…â–…â–†â–†â–‡â–‡â–ˆâ–ˆâ–‡â–‡â–†â–†â–…â–…â–„â–„â–ƒâ–ƒâ–‚â–‚â–â–â–â–â–‚â–‚â–ƒâ–ƒâ–„â–„â–…â–…â–†â–†â–‡
Installing dependencies ...
[2K[1A[2K[1A[2K[Gâ–„â–„â–ƒâ–ƒâ–‚â–‚â–â–â–â–â–‚â–‚â–ƒâ–ƒâ–„â–„â–…â–…â–†â–†â–‡â–‡â–ˆâ–ˆâ–‡â–‡â–†â–†â–…â–…â–„â–„â–ƒâ–ƒâ–‚â–‚â–â–â–â–â–‚â–‚â–ƒâ–ƒâ–„â–„â–…â–…â–†â–†â–‡â–‡â–ˆâ–ˆâ–‡â–‡â–†â–†â–…â–…â–„â–„â–ƒâ–ƒâ–‚â–‚â–â–â–â–â–‚â–‚â–ƒâ–ƒâ–„â–„â–…â–…â–†â–†
Installing dependencies ...
[2K[1A[2K[1A[2K[Gâ–…â–„â–„â–ƒâ–ƒâ–‚â–‚â–â–â–â–â–‚â–‚â–ƒâ–ƒâ–„â–„â–…â–…â–†â–†â–‡â–‡â–ˆâ–ˆâ–‡â–‡â–†â–†â–…â–…â–„â–„â–ƒâ–ƒâ–‚â–‚â–â–â–â–â–‚â–‚â–ƒâ–ƒâ–„â–„â–…â–…â–†â–†â–‡â–‡â–ˆâ–ˆâ–‡â–‡â–†â–†â–…â–…â–„â–„â–ƒâ–ƒâ–‚â–‚â–â–â–â–â–‚â–‚â–ƒâ–ƒâ–„â–„â–…â–…â–†
Installing dependencies ...
[2K[1A[2K[1A[2K[Gâ–…â–…â–„â–„â–ƒâ–ƒâ–‚â–‚â–â–â–â–â–‚â–‚â–ƒâ–ƒâ–„â–„â–…â–…â–†â–†â–‡â–‡â–ˆâ–ˆâ–‡â–‡â–†â–†â–…â–…â–„â–„â–ƒâ–ƒâ–‚â–‚â–â–â–â–â–‚â–‚â–ƒâ–ƒâ–„â–„â–…â–…â–†â–†â–‡â–‡â–ˆâ–ˆâ–‡â–‡â–†â–†â–…â–…â–„â–„â–ƒâ–ƒâ–‚â–‚â–â–â–â–â–‚â–‚â–ƒâ–ƒâ–„â–„â–…â–…
Installing dependencies ...
[2K[1A[2K[1A[2K[Gâ–†â–…â–…â–„â–„â–ƒâ–ƒâ–‚â–‚â–â–â–â–â–‚â–‚â–ƒâ–ƒâ–„â–„â–…â–…â–†â–†â–‡â–‡â–ˆâ–ˆâ–‡â–‡â–†â–†â–…â–…â–„â–„â–ƒâ–ƒâ–‚â–‚â–â–â–â–â–‚â–‚â–ƒâ–ƒâ–„â–„â–…â–…â–†â–†â–‡â–‡â–ˆâ–ˆâ–‡â–‡â–†â–†â–…â–…â–„â–„â–ƒâ–ƒâ–‚â–‚â–â–â–â–â–‚â–‚â–ƒâ–ƒâ–„â–„â–…
Installing dependencies ...
[2K[1A[2K[1A[2K[Gâ–†â–†â–…â–…â–„â–„â–ƒâ–ƒâ–‚â–‚â–â–â–â–â–‚â–‚â–ƒâ–ƒâ–„â–„â–…â–…â–†â–†â–‡â–‡â–ˆâ–ˆâ–‡â–‡â–†â–†â–…â–…â–„â–„â–ƒâ–ƒâ–‚â–‚â–â–â–â–â–‚â–‚â–ƒâ–ƒâ–„â–„â–…â–…â–†â–†â–‡â–‡â–ˆâ–ˆâ–‡â–‡â–†â–†â–…â–…â–„â–„â–ƒâ–ƒâ–‚â–‚â–â–â–â–â–‚â–‚â–ƒâ–ƒâ–„â–„
Installing dependencies ...
[2K[1A[2K[1A[2K[Gâ–‡â–†â–†â–…â–…â–„â–„â–ƒâ–ƒâ–‚â–‚â–â–â–â–â–‚â–‚â–ƒâ–ƒâ–„â–„â–…â–…â–†â–†â–‡â–‡â–ˆâ–ˆâ–‡â–‡â–†â–†â–…â–…â–„â–„â–ƒâ–ƒâ–‚â–‚â–â–â–â–â–‚â–‚â–ƒâ–ƒâ–„â–„â–…â–…â–†â–†â–‡â–‡â–ˆâ–ˆâ–‡â–‡â–†â–†â–…â–…â–„â–„â–ƒâ–ƒâ–‚â–‚â–â–â–â–â–‚â–‚â–ƒâ–ƒâ–„
Installing dependencies ...
[2K[1A[2K[1A[2K[Gâ–‡â–‡â–†â–†â–…â–…â–„â–„â–ƒâ–ƒâ–‚â–‚â–â–â–â–â–‚â–‚â–ƒâ–ƒâ–„â–„â–…â–…â–†â–†â–‡â–‡â–ˆâ–ˆâ–‡â–‡â–†â–†â–…â–…â–„â–„â–ƒâ–ƒâ–‚â–‚â–â–â–â–â–‚â–‚â–ƒâ–ƒâ–„â–„â–…â–…â–†â–†â–‡â–‡â–ˆâ–ˆâ–‡â–‡â–†â–†â–…â–…â–„â–„â–ƒâ–ƒâ–‚â–‚â–â–â–â–â–‚â–‚â–ƒâ–ƒ
Installing dependencies ...
[2K[1A[2K[1A[2K[Gâ–ˆâ–‡â–‡â–†â–†â–…â–…â–„â–„â–ƒâ–ƒâ–‚â–‚â–â–â–â–â–‚â–‚â–ƒâ–ƒâ–„â–„â–…â–…â–†â–†â–‡â–‡â–ˆâ–ˆâ–‡â–‡â–†â–†â–…â–…â–„â–„â–ƒâ–ƒâ–‚â–‚â–â–â–â–â–‚â–‚â–ƒâ–ƒâ–„â–„â–…â–…â–†â–†â–‡â–‡â–ˆâ–ˆâ–‡â–‡â–†â–†â–…â–…â–„â–„â–ƒâ–ƒâ–‚â–‚â–â–â–â–â–‚â–‚â–ƒ
Installing dependencies ...
[2K[1A[2K[1A[2K[Gâ–ˆâ–ˆâ–‡â–‡â–†â–†â–…â–…â–„â–„â–ƒâ–ƒâ–‚â–‚â–â–â–â–â–‚â–‚â–ƒâ–ƒâ–„â–„â–…â–…â–†â–†â–‡â–‡â–ˆâ–ˆâ–‡â–‡â–†â–†â–…â–…â–„â–„â–ƒâ–ƒâ–‚â–‚â–â–â–â–â–‚â–‚â–ƒâ–ƒâ–„â–„â–…â–…â–†â–†â–‡â–‡â–ˆâ–ˆâ–‡â–‡â–†â–†â–…â–…â–„â–„â–ƒâ–ƒâ–‚â–‚â–â–â–â–â–‚â–‚
Installing dependencies ...
[2K[1A[2K[1A[2K[Gâ–‡â–ˆâ–ˆâ–‡â–‡â–†â–†â–…â–…â–„â–„â–ƒâ–ƒâ–‚â–‚â–â–â–â–â–‚â–‚â–ƒâ–ƒâ–„â–„â–…â–…â–†â–†â–‡â–‡â–ˆâ–ˆâ–‡â–‡â–†â–†â–…â–…â–„â–„â–ƒâ–ƒâ–‚â–‚â–â–â–â–â–‚â–‚â–ƒâ–ƒâ–„â–„â–…â–…â–†â–†â–‡â–‡â–ˆâ–ˆâ–‡â–‡â–†â–†â–…â–…â–„â–„â–ƒâ–ƒâ–‚â–‚â–â–â–â–â–‚
Installing dependencies ...
[2K[1A[2K[1A[2K[Gâ–‡â–‡â–ˆâ–ˆâ–‡â–‡â–†â–†â–…â–…â–„â–„â–ƒâ–ƒâ–‚â–‚â–â–â–â–â–‚â–‚â–ƒâ–ƒâ–„â–„â–…â–…â–†â–†â–‡â–‡â–ˆâ–ˆâ–‡â–‡â–†â–†â–…â–…â–„â–„â–ƒâ–ƒâ–‚â–‚â–â–â–â–â–‚â–‚â–ƒâ–ƒâ–„â–„â–…â–…â–†â–†â–‡â–‡â–ˆâ–ˆâ–‡â–‡â–†â–†â–…â–…â–„â–„â–ƒâ–ƒâ–‚â–‚â–â–â–â–
Installing dependencies ...
[2K[1A[2K[1A[2K[Gâ–†â–‡â–‡â–ˆâ–ˆâ–‡â–‡â–†â–†â–…â–…â–„â–„â–ƒâ–ƒâ–‚â–‚â–â–â–â–â–‚â–‚â–ƒâ–ƒâ–„â–„â–…â–…â–†â–†â–‡â–‡â–ˆâ–ˆâ–‡â–‡â–†â–†â–…â–…â–„â–„â–ƒâ–ƒâ–‚â–‚â–â–â–â–â–‚â–‚â–ƒâ–ƒâ–„â–„â–…â–…â–†â–†â–‡â–‡â–ˆâ–ˆâ–‡â–‡â–†â–†â–…â–…â–„â–„â–ƒâ–ƒâ–‚â–‚â–â–â–
Installing dependencies ...
[2K[1A[2K[1A[2K[Gâ–†â–†â–‡â–‡â–ˆâ–ˆâ–‡â–‡â–†â–†â–…â–…â–„â–„â–ƒâ–ƒâ–‚â–‚â–â–â–â–â–‚â–‚â–ƒâ–ƒâ–„â–„â–…â–…â–†â–†â–‡â–‡â–ˆâ–ˆâ–‡â–‡â–†â–†â–…â–…â–„â–„â–ƒâ–ƒâ–‚â–‚â–â–â–â–â–‚â–‚â–ƒâ–ƒâ–„â–„â–…â–…â–†â–†â–‡â–‡â–ˆâ–ˆâ–‡â–‡â–†â–†â–…â–…â–„â–„â–ƒâ–ƒâ–‚â–‚â–â–
Installing dependencies ...
[2K[1A[2K[1A[2K[Gâ–…â–†â–†â–‡â–‡â–ˆâ–ˆâ–‡â–‡â–†â–†â–…â–…â–„â–„â–ƒâ–ƒâ–‚â–‚â–â–â–â–â–‚â–‚â–ƒâ–ƒâ–„â–„â–…â–…â–†â–†â–‡â–‡â–ˆâ–ˆâ–‡â–‡â–†â–†â–…â–…â–„â–„â–ƒâ–ƒâ–‚â–‚â–â–â–â–â–‚â–‚â–ƒâ–ƒâ–„â–„â–…â–…â–†â–†â–‡â–‡â–ˆâ–ˆâ–‡â–‡â–†â–†â–…â–…â–„â–„â–ƒâ–ƒâ–‚â–‚â–
Installing dependencies ...
[2K[1A[2K[1A[2K[Gâ–…â–…â–†â–†â–‡â–‡â–ˆâ–ˆâ–‡â–‡â–†â–†â–…â–…â–„â–„â–ƒâ–ƒâ–‚â–‚â–â–â–â–â–‚â–‚â–ƒâ–ƒâ–„â–„â–…â–…â–†â–†â–‡â–‡â–ˆâ–ˆâ–‡â–‡â–†â–†â–…â–…â–„â–„â–ƒâ–ƒâ–‚â–‚â–â–â–â–â–‚â–‚â–ƒâ–ƒâ–„â–„â–…â–…â–†â–†â–‡â–‡â–ˆâ–ˆâ–‡â–‡â–†â–†â–…â–…â–„â–„â–ƒâ–ƒâ–‚â–‚
Installing dependencies ...
[2K[1A[2K[1A[2K[Gâ–„â–…â–…â–†â–†â–‡â–‡â–ˆâ–ˆâ–‡â–‡â–†â–†â–…â–…â–„â–„â–ƒâ–ƒâ–‚â–‚â–â–â–â–â–‚â–‚â–ƒâ–ƒâ–„â–„â–…â–…â–†â–†â–‡â–‡â–ˆâ–ˆâ–‡â–‡â–†â–†â–…â–…â–„â–„â–ƒâ–ƒâ–‚â–‚â–â–â–â–â–‚â–‚â–ƒâ–ƒâ–„â–„â–…â–…â–†â–†â–‡â–‡â–ˆâ–ˆâ–‡â–‡â–†â–†â–…â–…â–„â–„â–ƒâ–ƒâ–‚
Installing dependencies ...
[2K[1A[2K[1A[2K[Gâ–„â–„â–…â–…â–†â–†â–‡â–‡â–ˆâ–ˆâ–‡â–‡â–†â–†â–…â–…â–„â–„â–ƒâ–ƒâ–‚â–‚â–â–â–â–â–‚â–‚â–ƒâ–ƒâ–„â–„â–…â–…â–†â–†â–‡â–‡â–ˆâ–ˆâ–‡â–‡â–†â–†â–…â–…â–„â–„â–ƒâ–ƒâ–‚â–‚â–â–â–â–â–‚â–‚â–ƒâ–ƒâ–„â–„â–…â–…â–†â–†â–‡â–‡â–ˆâ–ˆâ–‡â–‡â–†â–†â–…â–…â–„â–„â–ƒâ–ƒ
Installing dependencies ...
[2K[1A[2K[1A[2K[Gâ–ƒâ–„â–„â–…â–…â–†â–†â–‡â–‡â–ˆâ–ˆâ–‡â–‡â–†â–†â–…â–…â–„â–„â–ƒâ–ƒâ–‚â–‚â–â–â–â–â–‚â–‚â–ƒâ–ƒâ–„â–„â–…â–…â–†â–†â–‡â–‡â–ˆâ–ˆâ–‡â–‡â–†â–†â–…â–…â–„â–„â–ƒâ–ƒâ–‚â–‚â–â–â–â–â–‚â–‚â–ƒâ–ƒâ–„â–„â–…â–…â–†â–†â–‡â–‡â–ˆâ–ˆâ–‡â–‡â–†â–†â–…â–…â–„â–„â–ƒ
Installing dependencies ...
[2K[1A[2K[1A[2K[Gâ–ƒâ–ƒâ–„â–„â–…â–…â–†â–†â–‡â–‡â–ˆâ–ˆâ–‡â–‡â–†â–†â–…â–…â–„â–„â–ƒâ–ƒâ–‚â–‚â–â–â–â–â–‚â–‚â–ƒâ–ƒâ–„â–„â–…â–…â–†â–†â–‡â–‡â–ˆâ–ˆâ–‡â–‡â–†â–†â–…â–…â–„â–„â–ƒâ–ƒâ–‚â–‚â–â–â–â–â–‚â–‚â–ƒâ–ƒâ–„â–„â–…â–…â–†â–†â–‡â–‡â–ˆâ–ˆâ–‡â–‡â–†â–†â–…â–…â–„â–„
Installing dependencies ...
[2K[1A[2K[1A[2K[Gâ–‚â–ƒâ–ƒâ–„â–„â–…â–…â–†â–†â–‡â–‡â–ˆâ–ˆâ–‡â–‡â–†â–†â–…â–…â–„â–„â–ƒâ–ƒâ–‚â–‚â–â–â–â–â–‚â–‚â–ƒâ–ƒâ–„â–„â–…â–…â–†â–†â–‡â–‡â–ˆâ–ˆâ–‡â–‡â–†â–†â–…â–…â–„â–„â–ƒâ–ƒâ–‚â–‚â–â–â–â–â–‚â–‚â–ƒâ–ƒâ–„â–„â–…â–…â–†â–†â–‡â–‡â–ˆâ–ˆâ–‡â–‡â–†â–†â–…â–…â–„
Installing dependencies ...
[2K[1A[2K[1A[2K[Gâ–‚â–‚â–ƒâ–ƒâ–„â–„â–…â–…â–†â–†â–‡â–‡â–ˆâ–ˆâ–‡â–‡â–†â–†â–…â–…â–„â–„â–ƒâ–ƒâ–‚â–‚â–â–â–â–â–‚â–‚â–ƒâ–ƒâ–„â–„â–…â–…â–†â–†â–‡â–‡â–ˆâ–ˆâ–‡â–‡â–†â–†â–…â–…â–„â–„â–ƒâ–ƒâ–‚â–‚â–â–â–â–â–‚â–‚â–ƒâ–ƒâ–„â–„â–…â–…â–†â–†â–‡â–‡â–ˆâ–ˆâ–‡â–‡â–†â–†â–…â–…
Installing dependencies ...
[2K[1A[2K[1A[2K[Gâ–â–‚â–‚â–ƒâ–ƒâ–„â–„â–…â–…â–†â–†â–‡â–‡â–ˆâ–ˆâ–‡â–‡â–†â–†â–…â–…â–„â–„â–ƒâ–ƒâ–‚â–‚â–â–â–â–â–‚â–‚â–ƒâ–ƒâ–„â–„â–…â–…â–†â–†â–‡â–‡â–ˆâ–ˆâ–‡â–‡â–†â–†â–…â–…â–„â–„â–ƒâ–ƒâ–‚â–‚â–â–â–â–â–‚â–‚â–ƒâ–ƒâ–„â–„â–…â–…â–†â–†â–‡â–‡â–ˆâ–ˆâ–‡â–‡â–†â–†â–…
Installing dependencies ...
[2K[1A[2K[1A[2K[Gâ–â–â–‚â–‚â–ƒâ–ƒâ–„â–„â–…â–…â–†â–†â–‡â–‡â–ˆâ–ˆâ–‡â–‡â–†â–†â–…â–…â–„â–„â–ƒâ–ƒâ–‚â–‚â–â–â–â–â–‚â–‚â–ƒâ–ƒâ–„â–„â–…â–…â–†â–†â–‡â–‡â–ˆâ–ˆâ–‡â–‡â–†â–†â–…â–…â–„â–„â–ƒâ–ƒâ–‚â–‚â–â–â–â–â–‚â–‚â–ƒâ–ƒâ–„â–„â–…â–…â–†â–†â–‡â–‡â–ˆâ–ˆâ–‡â–‡â–†â–†
Installing dependencies ...
[2K[1A[2K[1A[2K[Gâ–â–â–â–‚â–‚â–ƒâ–ƒâ–„â–„â–…â–…â–†â–†â–‡â–‡â–ˆâ–ˆâ–‡â–‡â–†â–†â–…â–…â–„â–„â–ƒâ–ƒâ–‚â–‚â–â–â–â–â–‚â–‚â–ƒâ–ƒâ–„â–„â–…â–…â–†â–†â–‡â–‡â–ˆâ–ˆâ–‡â–‡â–†â–†â–…â–…â–„â–„â–ƒâ–ƒâ–‚â–‚â–â–â–â–â–‚â–‚â–ƒâ–ƒâ–„â–„â–…â–…â–†â–†â–‡â–‡â–ˆâ–ˆâ–‡â–‡â–†
Installing dependencies ...
[2K[1A[2K[1A[2K[Gâ–â–â–â–â–‚â–‚â–ƒâ–ƒâ–„â–„â–…â–…â–†â–†â–‡â–‡â–ˆâ–ˆâ–‡â–‡â–†â–†â–…â–…â–„â–„â–ƒâ–ƒâ–‚â–‚â–â–â–â–â–‚â–‚â–ƒâ–ƒâ–„â–„â–…â–…â–†â–†â–‡â–‡â–ˆâ–ˆâ–‡â–‡â–†â–†â–…â–…â–„â–„â–ƒâ–ƒâ–‚â–‚â–â–â–â–â–‚â–‚â–ƒâ–ƒâ–„â–„â–…â–…â–†â–†â–‡â–‡â–ˆâ–ˆâ–‡â–‡
Installing dependencies ...
[2K[1A[2K[1A[2K[Gâ–‚â–â–â–â–â–‚â–‚â–ƒâ–ƒâ–„â–„â–…â–…â–†â–†â–‡â–‡â–ˆâ–ˆâ–‡â–‡â–†â–†â–…â–…â–„â–„â–ƒâ–ƒâ–‚â–‚â–â–â–â–â–‚â–‚â–ƒâ–ƒâ–„â–„â–…â–…â–†â–†â–‡â–‡â–ˆâ–ˆâ–‡â–‡â–†â–†â–…â–…â–„â–„â–ƒâ–ƒâ–‚â–‚â–â–â–â–â–‚â–‚â–ƒâ–ƒâ–„â–„â–…â–…â–†â–†â–‡â–‡â–ˆâ–ˆâ–‡
Installing dependencies ...
[2K[1A[2K[1A[2K[Gâ–‚â–‚â–â–â–â–â–‚â–‚â–ƒâ–ƒâ–„â–„â–…â–…â–†â–†â–‡â–‡â–ˆâ–ˆâ–‡â–‡â–†â–†â–…â–…â–„â–„â–ƒâ–ƒâ–‚â–‚â–â–â–â–â–‚â–‚â–ƒâ–ƒâ–„â–„â–…â–…â–†â–†â–‡â–‡â–ˆâ–ˆâ–‡â–‡â–†â–†â–…â–…â–„â–„â–ƒâ–ƒâ–‚â–‚â–â–â–â–â–‚â–‚â–ƒâ–ƒâ–„â–„â–…â–…â–†â–†â–‡â–‡â–ˆâ–ˆ
Installing dependencies ...
[2K[1A[2K[1A[2K[Gâ–ƒâ–‚â–‚â–â–â–â–â–‚â–‚â–ƒâ–ƒâ–„â–„â–…â–…â–†â–†â–‡â–‡â–ˆâ–ˆâ–‡â–‡â–†â–†â–…â–…â–„â–„â–ƒâ–ƒâ–‚â–‚â–â–â–â–â–‚â–‚â–ƒâ–ƒâ–„â–„â–…â–…â–†â–†â–‡â–‡â–ˆâ–ˆâ–‡â–‡â–†â–†â–…â–…â–„â–„â–ƒâ–ƒâ–‚â–‚â–â–â–â–â–‚â–‚â–ƒâ–ƒâ–„â–„â–…â–…â–†â–†â–‡â–‡â–ˆ
Installing dependencies ...
[2K[1A[2K[1A[2K[Gâ–ƒâ–ƒâ–‚â–‚â–â–â–â–â–‚â–‚â–ƒâ–ƒâ–„â–„â–…â–…â–†â–†â–‡â–‡â–ˆâ–ˆâ–‡â–‡â–†â–†â–…â–…â–„â–„â–ƒâ–ƒâ–‚â–‚â–â–â–â–â–‚â–‚â–ƒâ–ƒâ–„â–„â–…â–…â–†â–†â–‡â–‡â–ˆâ–ˆâ–‡â–‡â–†â–†â–…â–…â–„â–„â–ƒâ–ƒâ–‚â–‚â–â–â–â–â–‚â–‚â–ƒâ–ƒâ–„â–„â–…â–…â–†â–†â–‡â–‡
Installing dependencies ...
[2K[1A[2K[1A[2K[Gâ–„â–ƒâ–ƒâ–‚â–‚â–â–â–â–â–‚â–‚â–ƒâ–ƒâ–„â–„â–…â–…â–†â–†â–‡â–‡â–ˆâ–ˆâ–‡â–‡â–†â–†â–…â–…â–„â–„â–ƒâ–ƒâ–‚â–‚â–â–â–â–â–‚â–‚â–ƒâ–ƒâ–„â–„â–…â–…â–†â–†â–‡â–‡â–ˆâ–ˆâ–‡â–‡â–†â–†â–…â–…â–„â–„â–ƒâ–ƒâ–‚â–‚â–â–â–â–â–‚â–‚â–ƒâ–ƒâ–„â–„â–…â–…â–†â–†â–‡
Installing dependencies ...
[2K[1A[2K[1A[2K[Gâ–„â–„â–ƒâ–ƒâ–‚â–‚â–â–â–â–â–‚â–‚â–ƒâ–ƒâ–„â–„â–…â–…â–†â–†â–‡â–‡â–ˆâ–ˆâ–‡â–‡â–†â–†â–…â–…â–„â–„â–ƒâ–ƒâ–‚â–‚â–â–â–â–â–‚â–‚â–ƒâ–ƒâ–„â–„â–…â–…â–†â–†â–‡â–‡â–ˆâ–ˆâ–‡â–‡â–†â–†â–…â–…â–„â–„â–ƒâ–ƒâ–‚â–‚â–â–â–â–â–‚â–‚â–ƒâ–ƒâ–„â–„â–…â–…â–†â–†
Installing dependencies ...
[2K[1A[2K[1A[2K[Gâ–…â–„â–„â–ƒâ–ƒâ–‚â–‚â–â–â–â–â–‚â–‚â–ƒâ–ƒâ–„â–„â–…â–…â–†â–†â–‡â–‡â–ˆâ–ˆâ–‡â–‡â–†â–†â–…â–…â–„â–„â–ƒâ–ƒâ–‚â–‚â–â–â–â–â–‚â–‚â–ƒâ–ƒâ–„â–„â–…â–…â–†â–†â–‡â–‡â–ˆâ–ˆâ–‡â–‡â–†â–†â–…â–…â–„â–„â–ƒâ–ƒâ–‚â–‚â–â–â–â–â–‚â–‚â–ƒâ–ƒâ–„â–„â–…â–…â–†
Installing dependencies ...
[2K[1A[2K[1A[2K[Gâ–…â–…â–„â–„â–ƒâ–ƒâ–‚â–‚â–â–â–â–â–‚â–‚â–ƒâ–ƒâ–„â–„â–…â–…â–†â–†â–‡â–‡â–ˆâ–ˆâ–‡â–‡â–†â–†â–…â–…â–„â–„â–ƒâ–ƒâ–‚â–‚â–â–â–â–â–‚â–‚â–ƒâ–ƒâ–„â–„â–…â–…â–†â–†â–‡â–‡â–ˆâ–ˆâ–‡â–‡â–†â–†â–…â–…â–„â–„â–ƒâ–ƒâ–‚â–‚â–â–â–â–â–‚â–‚â–ƒâ–ƒâ–„â–„â–…â–…
Installing dependencies ...
[2K[1A[2K[1A[2K[Gâ–†â–…â–…â–„â–„â–ƒâ–ƒâ–‚â–‚â–â–â–â–â–‚â–‚â–ƒâ–ƒâ–„â–„â–…â–…â–†â–†â–‡â–‡â–ˆâ–ˆâ–‡â–‡â–†â–†â–…â–…â–„â–„â–ƒâ–ƒâ–‚â–‚â–â–â–â–â–‚â–‚â–ƒâ–ƒâ–„â–„â–…â–…â–†â–†â–‡â–‡â–ˆâ–ˆâ–‡â–‡â–†â–†â–…â–…â–„â–„â–ƒâ–ƒâ–‚â–‚â–â–â–â–â–‚â–‚â–ƒâ–ƒâ–„â–„â–…
Installing dependencies ...
[2K[1A[2K[1A[2K[Gâ–†â–†â–…â–…â–„â–„â–ƒâ–ƒâ–‚â–‚â–â–â–â–â–‚â–‚â–ƒâ–ƒâ–„â–„â–…â–…â–†â–†â–‡â–‡â–ˆâ–ˆâ–‡â–‡â–†â–†â–…â–…â–„â–„â–ƒâ–ƒâ–‚â–‚â–â–â–â–â–‚â–‚â–ƒâ–ƒâ–„â–„â–…â–…â–†â–†â–‡â–‡â–ˆâ–ˆâ–‡â–‡â–†â–†â–…â–…â–„â–„â–ƒâ–ƒâ–‚â–‚â–â–â–â–â–‚â–‚â–ƒâ–ƒâ–„â–„
Installing dependencies ...
[2K[1A[2K[1A[2K[Gâ–‡â–†â–†â–…â–…â–„â–„â–ƒâ–ƒâ–‚â–‚â–â–â–â–â–‚â–‚â–ƒâ–ƒâ–„â–„â–…â–…â–†â–†â–‡â–‡â–ˆâ–ˆâ–‡â–‡â–†â–†â–…â–…â–„â–„â–ƒâ–ƒâ–‚â–‚â–â–â–â–â–‚â–‚â–ƒâ–ƒâ–„â–„â–…â–…â–†â–†â–‡â–‡â–ˆâ–ˆâ–‡â–‡â–†â–†â–…â–…â–„â–„â–ƒâ–ƒâ–‚â–‚â–â–â–â–â–‚â–‚â–ƒâ–ƒâ–„
Installing dependencies ...
[2K[1A[2K[1A[2K[Gâ–‡â–‡â–†â–†â–…â–…â–„â–„â–ƒâ–ƒâ–‚â–‚â–â–â–â–â–‚â–‚â–ƒâ–ƒâ–„â–„â–…â–…â–†â–†â–‡â–‡â–ˆâ–ˆâ–‡â–‡â–†â–†â–…â–…â–„â–„â–ƒâ–ƒâ–‚â–‚â–â–â–â–â–‚â–‚â–ƒâ–ƒâ–„â–„â–…â–…â–†â–†â–‡â–‡â–ˆâ–ˆâ–‡â–‡â–†â–†â–…â–…â–„â–„â–ƒâ–ƒâ–‚â–‚â–â–â–â–â–‚â–‚â–ƒâ–ƒ
Installing dependencies ...
[2K[1A[2K[1A[2K[Gâ–ˆâ–‡â–‡â–†â–†â–…â–…â–„â–„â–ƒâ–ƒâ–‚â–‚â–â–â–â–â–‚â–‚â–ƒâ–ƒâ–„â–„â–…â–…â–†â–†â–‡â–‡â–ˆâ–ˆâ–‡â–‡â–†â–†â–…â–…â–„â–„â–ƒâ–ƒâ–‚â–‚â–â–â–â–â–‚â–‚â–ƒâ–ƒâ–„â–„â–…â–…â–†â–†â–‡â–‡â–ˆâ–ˆâ–‡â–‡â–†â–†â–…â–…â–„â–„â–ƒâ–ƒâ–‚â–‚â–â–â–â–â–‚â–‚â–ƒ
Installing dependencies ...
[2K[1A[2K[1A[2K[Gâ–ˆâ–ˆâ–‡â–‡â–†â–†â–…â–…â–„â–„â–ƒâ–ƒâ–‚â–‚â–â–â–â–â–‚â–‚â–ƒâ–ƒâ–„â–„â–…â–…â–†â–†â–‡â–‡â–ˆâ–ˆâ–‡â–‡â–†â–†â–…â–…â–„â–„â–ƒâ–ƒâ–‚â–‚â–â–â–â–â–‚â–‚â–ƒâ–ƒâ–„â–„â–…â–…â–†â–†â–‡â–‡â–ˆâ–ˆâ–‡â–‡â–†â–†â–…â–…â–„â–„â–ƒâ–ƒâ–‚â–‚â–â–â–â–â–‚â–‚
Installing dependencies ...
[2K[1A[2K[1A[2K[Gâ–‡â–ˆâ–ˆâ–‡â–‡â–†â–†â–…â–…â–„â–„â–ƒâ–ƒâ–‚â–‚â–â–â–â–â–‚â–‚â–ƒâ–ƒâ–„â–„â–…â–…â–†â–†â–‡â–‡â–ˆâ–ˆâ–‡â–‡â–†â–†â–…â–…â–„â–„â–ƒâ–ƒâ–‚â–‚â–â–â–â–â–‚â–‚â–ƒâ–ƒâ–„â–„â–…â–…â–†â–†â–‡â–‡â–ˆâ–ˆâ–‡â–‡â–†â–†â–…â–…â–„â–„â–ƒâ–ƒâ–‚â–‚â–â–â–â–â–‚
Installing dependencies ...
[2K[1A[2K[1A[2K[Gâ–‡â–‡â–ˆâ–ˆâ–‡â–‡â–†â–†â–…â–…â–„â–„â–ƒâ–ƒâ–‚â–‚â–â–â–â–â–‚â–‚â–ƒâ–ƒâ–„â–„â–…â–…â–†â–†â–‡â–‡â–ˆâ–ˆâ–‡â–‡â–†â–†â–…â–…â–„â–„â–ƒâ–ƒâ–‚â–‚â–â–â–â–â–‚â–‚â–ƒâ–ƒâ–„â–„â–…â–…â–†â–†â–‡â–‡â–ˆâ–ˆâ–‡â–‡â–†â–†â–…â–…â–„â–„â–ƒâ–ƒâ–‚â–‚â–â–â–â–
Installing dependencies ...
[2K[1A[2K[1A[2K[Gâ–†â–‡â–‡â–ˆâ–ˆâ–‡â–‡â–†â–†â–…â–…â–„â–„â–ƒâ–ƒâ–‚â–‚â–â–â–â–â–‚â–‚â–ƒâ–ƒâ–„â–„â–…â–…â–†â–†â–‡â–‡â–ˆâ–ˆâ–‡â–‡â–†â–†â–…â–…â–„â–„â–ƒâ–ƒâ–‚â–‚â–â–â–â–â–‚â–‚â–ƒâ–ƒâ–„â–„â–…â–…â–†â–†â–‡â–‡â–ˆâ–ˆâ–‡â–‡â–†â–†â–…â–…â–„â–„â–ƒâ–ƒâ–‚â–‚â–â–â–
Installing dependencies ...
[2K[1A[2K[1A[2K[Gâ–†â–†â–‡â–‡â–ˆâ–ˆâ–‡â–‡â–†â–†â–…â–…â–„â–„â–ƒâ–ƒâ–‚â–‚â–â–â–â–â–‚â–‚â–ƒâ–ƒâ–„â–„â–…â–…â–†â–†â–‡â–‡â–ˆâ–ˆâ–‡â–‡â–†â–†â–…â–…â–„â–„â–ƒâ–ƒâ–‚â–‚â–â–â–â–â–‚â–‚â–ƒâ–ƒâ–„â–„â–…â–…â–†â–†â–‡â–‡â–ˆâ–ˆâ–‡â–‡â–†â–†â–…â–…â–„â–„â–ƒâ–ƒâ–‚â–‚â–â–
Installing dependencies ...
[2K[1A[2K[1A[2K[Gâ–…â–†â–†â–‡â–‡â–ˆâ–ˆâ–‡â–‡â–†â–†â–…â–…â–„â–„â–ƒâ–ƒâ–‚â–‚â–â–â–â–â–‚â–‚â–ƒâ–ƒâ–„â–„â–…â–…â–†â–†â–‡â–‡â–ˆâ–ˆâ–‡â–‡â–†â–†â–…â–…â–„â–„â–ƒâ–ƒâ–‚â–‚â–â–â–â–â–‚â–‚â–ƒâ–ƒâ–„â–„â–…â–…â–†â–†â–‡â–‡â–ˆâ–ˆâ–‡â–‡â–†â–†â–…â–…â–„â–„â–ƒâ–ƒâ–‚â–‚â–
Installing dependencies ...
[2K[1A[2K[1A[2K[Gâ–…â–…â–†â–†â–‡â–‡â–ˆâ–ˆâ–‡â–‡â–†â–†â–…â–…â–„â–„â–ƒâ–ƒâ–‚â–‚â–â–â–â–â–‚â–‚â–ƒâ–ƒâ–„â–„â–…â–…â–†â–†â–‡â–‡â–ˆâ–ˆâ–‡â–‡â–†â–†â–…â–…â–„â–„â–ƒâ–ƒâ–‚â–‚â–â–â–â–â–‚â–‚â–ƒâ–ƒâ–„â–„â–…â–…â–†â–†â–‡â–‡â–ˆâ–ˆâ–‡â–‡â–†â–†â–…â–…â–„â–„â–ƒâ–ƒâ–‚â–‚
Installing dependencies ...
[2K[1A[2K[1A[2K[Gâ–„â–…â–…â–†â–†â–‡â–‡â–ˆâ–ˆâ–‡â–‡â–†â–†â–…â–…â–„â–„â–ƒâ–ƒâ–‚â–‚â–â–â–â–â–‚â–‚â–ƒâ–ƒâ–„â–„â–…â–…â–†â–†â–‡â–‡â–ˆâ–ˆâ–‡â–‡â–†â–†â–…â–…â–„â–„â–ƒâ–ƒâ–‚â–‚â–â–â–â–â–‚â–‚â–ƒâ–ƒâ–„â–„â–…â–…â–†â–†â–‡â–‡â–ˆâ–ˆâ–‡â–‡â–†â–†â–…â–…â–„â–„â–ƒâ–ƒâ–‚
Installing dependencies ...
[2K[1A[2K[1A[2K[Gâ–„â–„â–…â–…â–†â–†â–‡â–‡â–ˆâ–ˆâ–‡â–‡â–†â–†â–…â–…â–„â–„â–ƒâ–ƒâ–‚â–‚â–â–â–â–â–‚â–‚â–ƒâ–ƒâ–„â–„â–…â–…â–†â–†â–‡â–‡â–ˆâ–ˆâ–‡â–‡â–†â–†â–…â–…â–„â–„â–ƒâ–ƒâ–‚â–‚â–â–â–â–â–‚â–‚â–ƒâ–ƒâ–„â–„â–…â–…â–†â–†â–‡â–‡â–ˆâ–ˆâ–‡â–‡â–†â–†â–…â–…â–„â–„â–ƒâ–ƒ
Installing dependencies ...
[2K[1A[2K[1A[2K[Gâ–ƒâ–„â–„â–…â–…â–†â–†â–‡â–‡â–ˆâ–ˆâ–‡â–‡â–†â–†â–…â–…â–„â–„â–ƒâ–ƒâ–‚â–‚â–â–â–â–â–‚â–‚â–ƒâ–ƒâ–„â–„â–…â–…â–†â–†â–‡â–‡â–ˆâ–ˆâ–‡â–‡â–†â–†â–…â–…â–„â–„â–ƒâ–ƒâ–‚â–‚â–â–â–â–â–‚â–‚â–ƒâ–ƒâ–„â–„â–…â–…â–†â–†â–‡â–‡â–ˆâ–ˆâ–‡â–‡â–†â–†â–…â–…â–„â–„â–ƒ
Installing dependencies ...
[2K[1A[2K[1A[2K[Gâ–ƒâ–ƒâ–„â–„â–…â–…â–†â–†â–‡â–‡â–ˆâ–ˆâ–‡â–‡â–†â–†â–…â–…â–„â–„â–ƒâ–ƒâ–‚â–‚â–â–â–â–â–‚â–‚â–ƒâ–ƒâ–„â–„â–…â–…â–†â–†â–‡â–‡â–ˆâ–ˆâ–‡â–‡â–†â–†â–…â–…â–„â–„â–ƒâ–ƒâ–‚â–‚â–â–â–â–â–‚â–‚â–ƒâ–ƒâ–„â–„â–…â–…â–†â–†â–‡â–‡â–ˆâ–ˆâ–‡â–‡â–†â–†â–…â–…â–„â–„
Installing dependencies ...
[2K[1A[2K[1A[2K[Gâ–‚â–ƒâ–ƒâ–„â–„â–…â–…â–†â–†â–‡â–‡â–ˆâ–ˆâ–‡â–‡â–†â–†â–…â–…â–„â–„â–ƒâ–ƒâ–‚â–‚â–â–â–â–â–‚â–‚â–ƒâ–ƒâ–„â–„â–…â–…â–†â–†â–‡â–‡â–ˆâ–ˆâ–‡â–‡â–†â–†â–…â–…â–„â–„â–ƒâ–ƒâ–‚â–‚â–â–â–â–â–‚â–‚â–ƒâ–ƒâ–„â–„â–…â–…â–†â–†â–‡â–‡â–ˆâ–ˆâ–‡â–‡â–†â–†â–…â–…â–„
Installing dependencies ...
[2K[1A[2K[1A[2K[Gâ–‚â–‚â–ƒâ–ƒâ–„â–„â–…â–…â–†â–†â–‡â–‡â–ˆâ–ˆâ–‡â–‡â–†â–†â–…â–…â–„â–„â–ƒâ–ƒâ–‚â–‚â–â–â–â–â–‚â–‚â–ƒâ–ƒâ–„â–„â–…â–…â–†â–†â–‡â–‡â–ˆâ–ˆâ–‡â–‡â–†â–†â–…â–…â–„â–„â–ƒâ–ƒâ–‚â–‚â–â–â–â–â–‚â–‚â–ƒâ–ƒâ–„â–„â–…â–…â–†â–†â–‡â–‡â–ˆâ–ˆâ–‡â–‡â–†â–†â–…â–…
Installing dependencies ...
[2K[1A[2K[1A[2K[Gâ–â–‚â–‚â–ƒâ–ƒâ–„â–„â–…â–…â–†â–†â–‡â–‡â–ˆâ–ˆâ–‡â–‡â–†â–†â–…â–…â–„â–„â–ƒâ–ƒâ–‚â–‚â–â–â–â–â–‚â–‚â–ƒâ–ƒâ–„â–„â–…â–…â–†â–†â–‡â–‡â–ˆâ–ˆâ–‡â–‡â–†â–†â–…â–…â–„â–„â–ƒâ–ƒâ–‚â–‚â–â–â–â–â–‚â–‚â–ƒâ–ƒâ–„â–„â–…â–…â–†â–†â–‡â–‡â–ˆâ–ˆâ–‡â–‡â–†â–†â–…
Installing dependencies ...
[2K[1A[2K[1A[2K[Gâ–â–â–‚â–‚â–ƒâ–ƒâ–„â–„â–…â–…â–†â–†â–‡â–‡â–ˆâ–ˆâ–‡â–‡â–†â–†â–…â–…â–„â–„â–ƒâ–ƒâ–‚â–‚â–â–â–â–â–‚â–‚â–ƒâ–ƒâ–„â–„â–…â–…â–†â–†â–‡â–‡â–ˆâ–ˆâ–‡â–‡â–†â–†â–…â–…â–„â–„â–ƒâ–ƒâ–‚â–‚â–â–â–â–â–‚â–‚â–ƒâ–ƒâ–„â–„â–…â–…â–†â–†â–‡â–‡â–ˆâ–ˆâ–‡â–‡â–†â–†
Installing dependencies ...
[2K[1A[2K[1A[2K[Gâ–â–â–â–‚â–‚â–ƒâ–ƒâ–„â–„â–…â–…â–†â–†â–‡â–‡â–ˆâ–ˆâ–‡â–‡â–†â–†â–…â–…â–„â–„â–ƒâ–ƒâ–‚â–‚â–â–â–â–â–‚â–‚â–ƒâ–ƒâ–„â–„â–…â–…â–†â–†â–‡â–‡â–ˆâ–ˆâ–‡â–‡â–†â–†â–…â–…â–„â–„â–ƒâ–ƒâ–‚â–‚â–â–â–â–â–‚â–‚â–ƒâ–ƒâ–„â–„â–…â–…â–†â–†â–‡â–‡â–ˆâ–ˆâ–‡â–‡â–†
Installing dependencies ...
[2K[1A[2K[1A[2K[Gâ–â–â–â–â–‚â–‚â–ƒâ–ƒâ–„â–„â–…â–…â–†â–†â–‡â–‡â–ˆâ–ˆâ–‡â–‡â–†â–†â–…â–…â–„â–„â–ƒâ–ƒâ–‚â–‚â–â–â–â–â–‚â–‚â–ƒâ–ƒâ–„â–„â–…â–…â–†â–†â–‡â–‡â–ˆâ–ˆâ–‡â–‡â–†â–†â–…â–…â–„â–„â–ƒâ–ƒâ–‚â–‚â–â–â–â–â–‚â–‚â–ƒâ–ƒâ–„â–„â–…â–…â–†â–†â–‡â–‡â–ˆâ–ˆâ–‡â–‡
Installing dependencies ...
[2K[1A[2K[1A[2K[Gâ–‚â–â–â–â–â–‚â–‚â–ƒâ–ƒâ–„â–„â–…â–…â–†â–†â–‡â–‡â–ˆâ–ˆâ–‡â–‡â–†â–†â–…â–…â–„â–„â–ƒâ–ƒâ–‚â–‚â–â–â–â–â–‚â–‚â–ƒâ–ƒâ–„â–„â–…â–…â–†â–†â–‡â–‡â–ˆâ–ˆâ–‡â–‡â–†â–†â–…â–…â–„â–„â–ƒâ–ƒâ–‚â–‚â–â–â–â–â–‚â–‚â–ƒâ–ƒâ–„â–„â–…â–…â–†â–†â–‡â–‡â–ˆâ–ˆâ–‡
Installing dependencies ...
[2K[1A[2K[1A[2K[Gâ–‚â–‚â–â–â–â–â–‚â–‚â–ƒâ–ƒâ–„â–„â–…â–…â–†â–†â–‡â–‡â–ˆâ–ˆâ–‡â–‡â–†â–†â–…â–…â–„â–„â–ƒâ–ƒâ–‚â–‚â–â–â–â–â–‚â–‚â–ƒâ–ƒâ–„â–„â–…â–…â–†â–†â–‡â–‡â–ˆâ–ˆâ–‡â–‡â–†â–†â–…â–…â–„â–„â–ƒâ–ƒâ–‚â–‚â–â–â–â–â–‚â–‚â–ƒâ–ƒâ–„â–„â–…â–…â–†â–†â–‡â–‡â–ˆâ–ˆ
Installing dependencies ...
[2K[1A[2K[1A[2K[Gâ–ƒâ–‚â–‚â–â–â–â–â–‚â–‚â–ƒâ–ƒâ–„â–„â–…â–…â–†â–†â–‡â–‡â–ˆâ–ˆâ–‡â–‡â–†â–†â–…â–…â–„â–„â–ƒâ–ƒâ–‚â–‚â–â–â–â–â–‚â–‚â–ƒâ–ƒâ–„â–„â–…â–…â–†â–†â–‡â–‡â–ˆâ–ˆâ–‡â–‡â–†â–†â–…â–…â–„â–„â–ƒâ–ƒâ–‚â–‚â–â–â–â–â–‚â–‚â–ƒâ–ƒâ–„â–„â–…â–…â–†â–†â–‡â–‡â–ˆ
Installing dependencies ...
[2K[1A[2K[1A[2K[Gâ–ƒâ–ƒâ–‚â–‚â–â–â–â–â–‚â–‚â–ƒâ–ƒâ–„â–„â–…â–…â–†â–†â–‡â–‡â–ˆâ–ˆâ–‡â–‡â–†â–†â–…â–…â–„â–„â–ƒâ–ƒâ–‚â–‚â–â–â–â–â–‚â–‚â–ƒâ–ƒâ–„â–„â–…â–…â–†â–†â–‡â–‡â–ˆâ–ˆâ–‡â–‡â–†â–†â–…â–…â–„â–„â–ƒâ–ƒâ–‚â–‚â–â–â–â–â–‚â–‚â–ƒâ–ƒâ–„â–„â–…â–…â–†â–†â–‡â–‡
Installing dependencies ...
[2K[1A[2K[1A[2K[Gâ–„â–ƒâ–ƒâ–‚â–‚â–â–â–â–â–‚â–‚â–ƒâ–ƒâ–„â–„â–…â–…â–†â–†â–‡â–‡â–ˆâ–ˆâ–‡â–‡â–†â–†â–…â–…â–„â–„â–ƒâ–ƒâ–‚â–‚â–â–â–â–â–‚â–‚â–ƒâ–ƒâ–„â–„â–…â–…â–†â–†â–‡â–‡â–ˆâ–ˆâ–‡â–‡â–†â–†â–…â–…â–„â–„â–ƒâ–ƒâ–‚â–‚â–â–â–â–â–‚â–‚â–ƒâ–ƒâ–„â–„â–…â–…â–†â–†â–‡
Installing dependencies ...
[2K[1A[2K[1A[2K[Gâ–„â–„â–ƒâ–ƒâ–‚â–‚â–â–â–â–â–‚â–‚â–ƒâ–ƒâ–„â–„â–…â–…â–†â–†â–‡â–‡â–ˆâ–ˆâ–‡â–‡â–†â–†â–…â–…â–„â–„â–ƒâ–ƒâ–‚â–‚â–â–â–â–â–‚â–‚â–ƒâ–ƒâ–„â–„â–…â–…â–†â–†â–‡â–‡â–ˆâ–ˆâ–‡â–‡â–†â–†â–…â–…â–„â–„â–ƒâ–ƒâ–‚â–‚â–â–â–â–â–‚â–‚â–ƒâ–ƒâ–„â–„â–…â–…â–†â–†
Installing dependencies ...
[2K[1A[2K[1A[2K[Gâ–…â–„â–„â–ƒâ–ƒâ–‚â–‚â–â–â–â–â–‚â–‚â–ƒâ–ƒâ–„â–„â–…â–…â–†â–†â–‡â–‡â–ˆâ–ˆâ–‡â–‡â–†â–†â–…â–…â–„â–„â–ƒâ–ƒâ–‚â–‚â–â–â–â–â–‚â–‚â–ƒâ–ƒâ–„â–„â–…â–…â–†â–†â–‡â–‡â–ˆâ–ˆâ–‡â–‡â–†â–†â–…â–…â–„â–„â–ƒâ–ƒâ–‚â–‚â–â–â–â–â–‚â–‚â–ƒâ–ƒâ–„â–„â–…â–…â–†
Installing dependencies ...
[2K[1A[2K[1A[2K[Gâ–…â–…â–„â–„â–ƒâ–ƒâ–‚â–‚â–â–â–â–â–‚â–‚â–ƒâ–ƒâ–„â–„â–…â–…â–†â–†â–‡â–‡â–ˆâ–ˆâ–‡â–‡â–†â–†â–…â–…â–„â–„â–ƒâ–ƒâ–‚â–‚â–â–â–â–â–‚â–‚â–ƒâ–ƒâ–„â–„â–…â–…â–†â–†â–‡â–‡â–ˆâ–ˆâ–‡â–‡â–†â–†â–…â–…â–„â–„â–ƒâ–ƒâ–‚â–‚â–â–â–â–â–‚â–‚â–ƒâ–ƒâ–„â–„â–…â–…
Installing dependencies ...
[2K[1A[2K[1A[2K[Gâ–†â–…â–…â–„â–„â–ƒâ–ƒâ–‚â–‚â–â–â–â–â–‚â–‚â–ƒâ–ƒâ–„â–„â–…â–…â–†â–†â–‡â–‡â–ˆâ–ˆâ–‡â–‡â–†â–†â–…â–…â–„â–„â–ƒâ–ƒâ–‚â–‚â–â–â–â–â–‚â–‚â–ƒâ–ƒâ–„â–„â–…â–…â–†â–†â–‡â–‡â–ˆâ–ˆâ–‡â–‡â–†â–†â–…â–…â–„â–„â–ƒâ–ƒâ–‚â–‚â–â–â–â–â–‚â–‚â–ƒâ–ƒâ–„â–„â–…
Installing dependencies ...
[2K[1A[2K[1A[2K[Gâ–†â–†â–…â–…â–„â–„â–ƒâ–ƒâ–‚â–‚â–â–â–â–â–‚â–‚â–ƒâ–ƒâ–„â–„â–…â–…â–†â–†â–‡â–‡â–ˆâ–ˆâ–‡â–‡â–†â–†â–…â–…â–„â–„â–ƒâ–ƒâ–‚â–‚â–â–â–â–â–‚â–‚â–ƒâ–ƒâ–„â–„â–…â–…â–†â–†â–‡â–‡â–ˆâ–ˆâ–‡â–‡â–†â–†â–…â–…â–„â–„â–ƒâ–ƒâ–‚â–‚â–â–â–â–â–‚â–‚â–ƒâ–ƒâ–„â–„
Installing dependencies ...
[2K[1A[2K[1A[2K[Gâ–‡â–†â–†â–…â–…â–„â–„â–ƒâ–ƒâ–‚â–‚â–â–â–â–â–‚â–‚â–ƒâ–ƒâ–„â–„â–…â–…â–†â–†â–‡â–‡â–ˆâ–ˆâ–‡â–‡â–†â–†â–…â–…â–„â–„â–ƒâ–ƒâ–‚â–‚â–â–â–â–â–‚â–‚â–ƒâ–ƒâ–„â–„â–…â–…â–†â–†â–‡â–‡â–ˆâ–ˆâ–‡â–‡â–†â–†â–…â–…â–„â–„â–ƒâ–ƒâ–‚â–‚â–â–â–â–â–‚â–‚â–ƒâ–ƒâ–„
Installing dependencies ...
[2K[1A[2K[1A[2K[Gâ–‡â–‡â–†â–†â–…â–…â–„â–„â–ƒâ–ƒâ–‚â–‚â–â–â–â–â–‚â–‚â–ƒâ–ƒâ–„â–„â–…â–…â–†â–†â–‡â–‡â–ˆâ–ˆâ–‡â–‡â–†â–†â–…â–…â–„â–„â–ƒâ–ƒâ–‚â–‚â–â–â–â–â–‚â–‚â–ƒâ–ƒâ–„â–„â–…â–…â–†â–†â–‡â–‡â–ˆâ–ˆâ–‡â–‡â–†â–†â–…â–…â–„â–„â–ƒâ–ƒâ–‚â–‚â–â–â–â–â–‚â–‚â–ƒâ–ƒ
Installing dependencies ...
[2K[1A[2K[1A[2K[Gâ–ˆâ–‡â–‡â–†â–†â–…â–…â–„â–„â–ƒâ–ƒâ–‚â–‚â–â–â–â–â–‚â–‚â–ƒâ–ƒâ–„â–„â–…â–…â–†â–†â–‡â–‡â–ˆâ–ˆâ–‡â–‡â–†â–†â–…â–…â–„â–„â–ƒâ–ƒâ–‚â–‚â–â–â–â–â–‚â–‚â–ƒâ–ƒâ–„â–„â–…â–…â–†â–†â–‡â–‡â–ˆâ–ˆâ–‡â–‡â–†â–†â–…â–…â–„â–„â–ƒâ–ƒâ–‚â–‚â–â–â–â–â–‚â–‚â–ƒ
Installing dependencies ...
[2K[1A[2K[1A[2K[Gâ–ˆâ–ˆâ–‡â–‡â–†â–†â–…â–…â–„â–„â–ƒâ–ƒâ–‚â–‚â–â–â–â–â–‚â–‚â–ƒâ–ƒâ–„â–„â–…â–…â–†â–†â–‡â–‡â–ˆâ–ˆâ–‡â–‡â–†â–†â–…â–…â–„â–„â–ƒâ–ƒâ–‚â–‚â–â–â–â–â–‚â–‚â–ƒâ–ƒâ–„â–„â–…â–…â–†â–†â–‡â–‡â–ˆâ–ˆâ–‡â–‡â–†â–†â–…â–…â–„â–„â–ƒâ–ƒâ–‚â–‚â–â–â–â–â–‚â–‚
Installing dependencies ...
[2K[1A[2K[1A[2K[Gâ–‡â–ˆâ–ˆâ–‡â–‡â–†â–†â–…â–…â–„â–„â–ƒâ–ƒâ–‚â–‚â–â–â–â–â–‚â–‚â–ƒâ–ƒâ–„â–„â–…â–…â–†â–†â–‡â–‡â–ˆâ–ˆâ–‡â–‡â–†â–†â–…â–…â–„â–„â–ƒâ–ƒâ–‚â–‚â–â–â–â–â–‚â–‚â–ƒâ–ƒâ–„â–„â–…â–…â–†â–†â–‡â–‡â–ˆâ–ˆâ–‡â–‡â–†â–†â–…â–…â–„â–„â–ƒâ–ƒâ–‚â–‚â–â–â–â–â–‚
Installing dependencies ...
[2K[1A[2K[1A[2K[Gâ–‡â–‡â–ˆâ–ˆâ–‡â–‡â–†â–†â–…â–…â–„â–„â–ƒâ–ƒâ–‚â–‚â–â–â–â–â–‚â–‚â–ƒâ–ƒâ–„â–„â–…â–…â–†â–†â–‡â–‡â–ˆâ–ˆâ–‡â–‡â–†â–†â–…â–…â–„â–„â–ƒâ–ƒâ–‚â–‚â–â–â–â–â–‚â–‚â–ƒâ–ƒâ–„â–„â–…â–…â–†â–†â–‡â–‡â–ˆâ–ˆâ–‡â–‡â–†â–†â–…â–…â–„â–„â–ƒâ–ƒâ–‚â–‚â–â–â–â–
Installing dependencies ...
[2K[1A[2K[1A[2K[Gâ–†â–‡â–‡â–ˆâ–ˆâ–‡â–‡â–†â–†â–…â–…â–„â–„â–ƒâ–ƒâ–‚â–‚â–â–â–â–â–‚â–‚â–ƒâ–ƒâ–„â–„â–…â–…â–†â–†â–‡â–‡â–ˆâ–ˆâ–‡â–‡â–†â–†â–…â–…â–„â–„â–ƒâ–ƒâ–‚â–‚â–â–â–â–â–‚â–‚â–ƒâ–ƒâ–„â–„â–…â–…â–†â–†â–‡â–‡â–ˆâ–ˆâ–‡â–‡â–†â–†â–…â–…â–„â–„â–ƒâ–ƒâ–‚â–‚â–â–â–
Installing dependencies ...
[2K[1A[2K[1A[2K[Gâ–†â–†â–‡â–‡â–ˆâ–ˆâ–‡â–‡â–†â–†â–…â–…â–„â–„â–ƒâ–ƒâ–‚â–‚â–â–â–â–â–‚â–‚â–ƒâ–ƒâ–„â–„â–…â–…â–†â–†â–‡â–‡â–ˆâ–ˆâ–‡â–‡â–†â–†â–…â–…â–„â–„â–ƒâ–ƒâ–‚â–‚â–â–â–â–â–‚â–‚â–ƒâ–ƒâ–„â–„â–…â–…â–†â–†â–‡â–‡â–ˆâ–ˆâ–‡â–‡â–†â–†â–…â–…â–„â–„â–ƒâ–ƒâ–‚â–‚â–â–
Installing dependencies ...
[2K[1A[2K[1A[2K[Gâ–…â–†â–†â–‡â–‡â–ˆâ–ˆâ–‡â–‡â–†â–†â–…â–…â–„â–„â–ƒâ–ƒâ–‚â–‚â–â–â–â–â–‚â–‚â–ƒâ–ƒâ–„â–„â–…â–…â–†â–†â–‡â–‡â–ˆâ–ˆâ–‡â–‡â–†â–†â–…â–…â–„â–„â–ƒâ–ƒâ–‚â–‚â–â–â–â–â–‚â–‚â–ƒâ–ƒâ–„â–„â–…â–…â–†â–†â–‡â–‡â–ˆâ–ˆâ–‡â–‡â–†â–†â–…â–…â–„â–„â–ƒâ–ƒâ–‚â–‚â–
Installing dependencies ...
[2K[1A[2K[1A[2K[Gâ–…â–…â–†â–†â–‡â–‡â–ˆâ–ˆâ–‡â–‡â–†â–†â–…â–…â–„â–„â–ƒâ–ƒâ–‚â–‚â–â–â–â–â–‚â–‚â–ƒâ–ƒâ–„â–„â–…â–…â–†â–†â–‡â–‡â–ˆâ–ˆâ–‡â–‡â–†â–†â–…â–…â–„â–„â–ƒâ–ƒâ–‚â–‚â–â–â–â–â–‚â–‚â–ƒâ–ƒâ–„â–„â–…â–…â–†â–†â–‡â–‡â–ˆâ–ˆâ–‡â–‡â–†â–†â–…â–…â–„â–„â–ƒâ–ƒâ–‚â–‚
Installing dependencies ...
[2K[1A[2K[1A[2K[Gâ–„â–…â–…â–†â–†â–‡â–‡â–ˆâ–ˆâ–‡â–‡â–†â–†â–…â–…â–„â–„â–ƒâ–ƒâ–‚â–‚â–â–â–â–â–‚â–‚â–ƒâ–ƒâ–„â–„â–…â–…â–†â–†â–‡â–‡â–ˆâ–ˆâ–‡â–‡â–†â–†â–…â–…â–„â–„â–ƒâ–ƒâ–‚â–‚â–â–â–â–â–‚â–‚â–ƒâ–ƒâ–„â–„â–…â–…â–†â–†â–‡â–‡â–ˆâ–ˆâ–‡â–‡â–†â–†â–…â–…â–„â–„â–ƒâ–ƒâ–‚
Installing dependencies ...
[2K[1A[2K[1A[2K[Gâ–„â–„â–…â–…â–†â–†â–‡â–‡â–ˆâ–ˆâ–‡â–‡â–†â–†â–…â–…â–„â–„â–ƒâ–ƒâ–‚â–‚â–â–â–â–â–‚â–‚â–ƒâ–ƒâ–„â–„â–…â–…â–†â–†â–‡â–‡â–ˆâ–ˆâ–‡â–‡â–†â–†â–…â–…â–„â–„â–ƒâ–ƒâ–‚â–‚â–â–â–â–â–‚â–‚â–ƒâ–ƒâ–„â–„â–…â–…â–†â–†â–‡â–‡â–ˆâ–ˆâ–‡â–‡â–†â–†â–…â–…â–„â–„â–ƒâ–ƒ
Installing dependencies ...
[2K[1A[2K[1A[2K[Gâ–ƒâ–„â–„â–…â–…â–†â–†â–‡â–‡â–ˆâ–ˆâ–‡â–‡â–†â–†â–…â–…â–„â–„â–ƒâ–ƒâ–‚â–‚â–â–â–â–â–‚â–‚â–ƒâ–ƒâ–„â–„â–…â–…â–†â–†â–‡â–‡â–ˆâ–ˆâ–‡â–‡â–†â–†â–…â–…â–„â–„â–ƒâ–ƒâ–‚â–‚â–â–â–â–â–‚â–‚â–ƒâ–ƒâ–„â–„â–…â–…â–†â–†â–‡â–‡â–ˆâ–ˆâ–‡â–‡â–†â–†â–…â–…â–„â–„â–ƒ
Installing dependencies ...
[2K[1A[2K[1A[2K[Gâ–ƒâ–ƒâ–„â–„â–…â–…â–†â–†â–‡â–‡â–ˆâ–ˆâ–‡â–‡â–†â–†â–…â–…â–„â–„â–ƒâ–ƒâ–‚â–‚â–â–â–â–â–‚â–‚â–ƒâ–ƒâ–„â–„â–…â–…â–†â–†â–‡â–‡â–ˆâ–ˆâ–‡â–‡â–†â–†â–…â–…â–„â–„â–ƒâ–ƒâ–‚â–‚â–â–â–â–â–‚â–‚â–ƒâ–ƒâ–„â–„â–…â–…â–†â–†â–‡â–‡â–ˆâ–ˆâ–‡â–‡â–†â–†â–…â–…â–„â–„
Installing dependencies ...
[2K[1A[2K[1A[2K[Gâ–‚â–ƒâ–ƒâ–„â–„â–…â–…â–†â–†â–‡â–‡â–ˆâ–ˆâ–‡â–‡â–†â–†â–…â–…â–„â–„â–ƒâ–ƒâ–‚â–‚â–â–â–â–â–‚â–‚â–ƒâ–ƒâ–„â–„â–…â–…â–†â–†â–‡â–‡â–ˆâ–ˆâ–‡â–‡â–†â–†â–…â–…â–„â–„â–ƒâ–ƒâ–‚â–‚â–â–â–â–â–‚â–‚â–ƒâ–ƒâ–„â–„â–…â–…â–†â–†â–‡â–‡â–ˆâ–ˆâ–‡â–‡â–†â–†â–…â–…â–„
Installing dependencies ...
[2K[1A[2K[1A[2K[Gâ–‚â–‚â–ƒâ–ƒâ–„â–„â–…â–…â–†â–†â–‡â–‡â–ˆâ–ˆâ–‡â–‡â–†â–†â–…â–…â–„â–„â–ƒâ–ƒâ–‚â–‚â–â–â–â–â–‚â–‚â–ƒâ–ƒâ–„â–„â–…â–…â–†â–†â–‡â–‡â–ˆâ–ˆâ–‡â–‡â–†â–†â–…â–…â–„â–„â–ƒâ–ƒâ–‚â–‚â–â–â–â–â–‚â–‚â–ƒâ–ƒâ–„â–„â–…â–…â–†â–†â–‡â–‡â–ˆâ–ˆâ–‡â–‡â–†â–†â–…â–…
Installing dependencies ...
[2K[1A[2K[1A[2K[Gâ–â–‚â–‚â–ƒâ–ƒâ–„â–„â–…â–…â–†â–†â–‡â–‡â–ˆâ–ˆâ–‡â–‡â–†â–†â–…â–…â–„â–„â–ƒâ–ƒâ–‚â–‚â–â–â–â–â–‚â–‚â–ƒâ–ƒâ–„â–„â–…â–…â–†â–†â–‡â–‡â–ˆâ–ˆâ–‡â–‡â–†â–†â–…â–…â–„â–„â–ƒâ–ƒâ–‚â–‚â–â–â–â–â–‚â–‚â–ƒâ–ƒâ–„â–„â–…â–…â–†â–†â–‡â–‡â–ˆâ–ˆâ–‡â–‡â–†â–†â–…
Installing dependencies ...
[2K[1A[2K[1A[2K[Gâ–â–â–‚â–‚â–ƒâ–ƒâ–„â–„â–…â–…â–†â–†â–‡â–‡â–ˆâ–ˆâ–‡â–‡â–†â–†â–…â–…â–„â–„â–ƒâ–ƒâ–‚â–‚â–â–â–â–â–‚â–‚â–ƒâ–ƒâ–„â–„â–…â–…â–†â–†â–‡â–‡â–ˆâ–ˆâ–‡â–‡â–†â–†â–…â–…â–„â–„â–ƒâ–ƒâ–‚â–‚â–â–â–â–â–‚â–‚â–ƒâ–ƒâ–„â–„â–…â–…â–†â–†â–‡â–‡â–ˆâ–ˆâ–‡â–‡â–†â–†
Installing dependencies ...
[2K[1A[2K[1A[2K[Gâ–â–â–â–‚â–‚â–ƒâ–ƒâ–„â–„â–…â–…â–†â–†â–‡â–‡â–ˆâ–ˆâ–‡â–‡â–†â–†â–…â–…â–„â–„â–ƒâ–ƒâ–‚â–‚â–â–â–â–â–‚â–‚â–ƒâ–ƒâ–„â–„â–…â–…â–†â–†â–‡â–‡â–ˆâ–ˆâ–‡â–‡â–†â–†â–…â–…â–„â–„â–ƒâ–ƒâ–‚â–‚â–â–â–â–â–‚â–‚â–ƒâ–ƒâ–„â–„â–…â–…â–†â–†â–‡â–‡â–ˆâ–ˆâ–‡â–‡â–†
Installing dependencies ...
[2K[1A[2K[1A[2K[Gâ–â–â–â–â–‚â–‚â–ƒâ–ƒâ–„â–„â–…â–…â–†â–†â–‡â–‡â–ˆâ–ˆâ–‡â–‡â–†â–†â–…â–…â–„â–„â–ƒâ–ƒâ–‚â–‚â–â–â–â–â–‚â–‚â–ƒâ–ƒâ–„â–„â–…â–…â–†â–†â–‡â–‡â–ˆâ–ˆâ–‡â–‡â–†â–†â–…â–…â–„â–„â–ƒâ–ƒâ–‚â–‚â–â–â–â–â–‚â–‚â–ƒâ–ƒâ–„â–„â–…â–…â–†â–†â–‡â–‡â–ˆâ–ˆâ–‡â–‡
Installing dependencies ...
[2K[1A[2K[1A[2K[Gâ–‚â–â–â–â–â–‚â–‚â–ƒâ–ƒâ–„â–„â–…â–…â–†â–†â–‡â–‡â–ˆâ–ˆâ–‡â–‡â–†â–†â–…â–…â–„â–„â–ƒâ–ƒâ–‚â–‚â–â–â–â–â–‚â–‚â–ƒâ–ƒâ–„â–„â–…â–…â–†â–†â–‡â–‡â–ˆâ–ˆâ–‡â–‡â–†â–†â–…â–…â–„â–„â–ƒâ–ƒâ–‚â–‚â–â–â–â–â–‚â–‚â–ƒâ–ƒâ–„â–„â–…â–…â–†â–†â–‡â–‡â–ˆâ–ˆâ–‡
Installing dependencies ...
[2K[1A[2K[1A[2K[Gâ–‚â–‚â–â–â–â–â–‚â–‚â–ƒâ–ƒâ–„â–„â–…â–…â–†â–†â–‡â–‡â–ˆâ–ˆâ–‡â–‡â–†â–†â–…â–…â–„â–„â–ƒâ–ƒâ–‚â–‚â–â–â–â–â–‚â–‚â–ƒâ–ƒâ–„â–„â–…â–…â–†â–†â–‡â–‡â–ˆâ–ˆâ–‡â–‡â–†â–†â–…â–…â–„â–„â–ƒâ–ƒâ–‚â–‚â–â–â–â–â–‚â–‚â–ƒâ–ƒâ–„â–„â–…â–…â–†â–†â–‡â–‡â–ˆâ–ˆ
Installing dependencies ...
[2K[1A[2K[1A[2K[Gâ–ƒâ–‚â–‚â–â–â–â–â–‚â–‚â–ƒâ–ƒâ–„â–„â–…â–…â–†â–†â–‡â–‡â–ˆâ–ˆâ–‡â–‡â–†â–†â–…â–…â–„â–„â–ƒâ–ƒâ–‚â–‚â–â–â–â–â–‚â–‚â–ƒâ–ƒâ–„â–„â–…â–…â–†â–†â–‡â–‡â–ˆâ–ˆâ–‡â–‡â–†â–†â–…â–…â–„â–„â–ƒâ–ƒâ–‚â–‚â–â–â–â–â–‚â–‚â–ƒâ–ƒâ–„â–„â–…â–…â–†â–†â–‡â–‡â–ˆ
Installing dependencies ...
[2K[1A[2K[1A[2K[Gâ–ƒâ–ƒâ–‚â–‚â–â–â–â–â–‚â–‚â–ƒâ–ƒâ–„â–„â–…â–…â–†â–†â–‡â–‡â–ˆâ–ˆâ–‡â–‡â–†â–†â–…â–…â–„â–„â–ƒâ–ƒâ–‚â–‚â–â–â–â–â–‚â–‚â–ƒâ–ƒâ–„â–„â–…â–…â–†â–†â–‡â–‡â–ˆâ–ˆâ–‡â–‡â–†â–†â–…â–…â–„â–„â–ƒâ–ƒâ–‚â–‚â–â–â–â–â–‚â–‚â–ƒâ–ƒâ–„â–„â–…â–…â–†â–†â–‡â–‡
Installing dependencies ...
[2K[1A[2K[1A[2K[Gâ–„â–ƒâ–ƒâ–‚â–‚â–â–â–â–â–‚â–‚â–ƒâ–ƒâ–„â–„â–…â–…â–†â–†â–‡â–‡â–ˆâ–ˆâ–‡â–‡â–†â–†â–…â–…â–„â–„â–ƒâ–ƒâ–‚â–‚â–â–â–â–â–‚â–‚â–ƒâ–ƒâ–„â–„â–…â–…â–†â–†â–‡â–‡â–ˆâ–ˆâ–‡â–‡â–†â–†â–…â–…â–„â–„â–ƒâ–ƒâ–‚â–‚â–â–â–â–â–‚â–‚â–ƒâ–ƒâ–„â–„â–…â–…â–†â–†â–‡
Installing dependencies ...
[2K[1A[2K[1A[2K[Gâ–„â–„â–ƒâ–ƒâ–‚â–‚â–â–â–â–â–‚â–‚â–ƒâ–ƒâ–„â–„â–…â–…â–†â–†â–‡â–‡â–ˆâ–ˆâ–‡â–‡â–†â–†â–…â–…â–„â–„â–ƒâ–ƒâ–‚â–‚â–â–â–â–â–‚â–‚â–ƒâ–ƒâ–„â–„â–…â–…â–†â–†â–‡â–‡â–ˆâ–ˆâ–‡â–‡â–†â–†â–…â–…â–„â–„â–ƒâ–ƒâ–‚â–‚â–â–â–â–â–‚â–‚â–ƒâ–ƒâ–„â–„â–…â–…â–†â–†
Installing dependencies ...
[2K[1A[2K[1A[2K[Gâ–…â–„â–„â–ƒâ–ƒâ–‚â–‚â–â–â–â–â–‚â–‚â–ƒâ–ƒâ–„â–„â–…â–…â–†â–†â–‡â–‡â–ˆâ–ˆâ–‡â–‡â–†â–†â–…â–…â–„â–„â–ƒâ–ƒâ–‚â–‚â–â–â–â–â–‚â–‚â–ƒâ–ƒâ–„â–„â–…â–…â–†â–†â–‡â–‡â–ˆâ–ˆâ–‡â–‡â–†â–†â–…â–…â–„â–„â–ƒâ–ƒâ–‚â–‚â–â–â–â–â–‚â–‚â–ƒâ–ƒâ–„â–„â–…â–…â–†
Installing dependencies ...
[2K[1A[2K[1A[2K[Gâ–…â–…â–„â–„â–ƒâ–ƒâ–‚â–‚â–â–â–â–â–‚â–‚â–ƒâ–ƒâ–„â–„â–…â–…â–†â–†â–‡â–‡â–ˆâ–ˆâ–‡â–‡â–†â–†â–…â–…â–„â–„â–ƒâ–ƒâ–‚â–‚â–â–â–â–â–‚â–‚â–ƒâ–ƒâ–„â–„â–…â–…â–†â–†â–‡â–‡â–ˆâ–ˆâ–‡â–‡â–†â–†â–…â–…â–„â–„â–ƒâ–ƒâ–‚â–‚â–â–â–â–â–‚â–‚â–ƒâ–ƒâ–„â–„â–…â–…
Installing dependencies ...
[2K[1A[2K[1A[2K[Gâ–†â–…â–…â–„â–„â–ƒâ–ƒâ–‚â–‚â–â–â–â–â–‚â–‚â–ƒâ–ƒâ–„â–„â–…â–…â–†â–†â–‡â–‡â–ˆâ–ˆâ–‡â–‡â–†â–†â–…â–…â–„â–„â–ƒâ–ƒâ–‚â–‚â–â–â–â–â–‚â–‚â–ƒâ–ƒâ–„â–„â–…â–…â–†â–†â–‡â–‡â–ˆâ–ˆâ–‡â–‡â–†â–†â–…â–…â–„â–„â–ƒâ–ƒâ–‚â–‚â–â–â–â–â–‚â–‚â–ƒâ–ƒâ–„â–„â–…
Installing dependencies ...
[2K[1A[2K[1A[2K[Gâ–†â–†â–…â–…â–„â–„â–ƒâ–ƒâ–‚â–‚â–â–â–â–â–‚â–‚â–ƒâ–ƒâ–„â–„â–…â–…â–†â–†â–‡â–‡â–ˆâ–ˆâ–‡â–‡â–†â–†â–…â–…â–„â–„â–ƒâ–ƒâ–‚â–‚â–â–â–â–â–‚â–‚â–ƒâ–ƒâ–„â–„â–…â–…â–†â–†â–‡â–‡â–ˆâ–ˆâ–‡â–‡â–†â–†â–…â–…â–„â–„â–ƒâ–ƒâ–‚â–‚â–â–â–â–â–‚â–‚â–ƒâ–ƒâ–„â–„
Installing dependencies ...
[2K[1A[2K[1A[2K[Gâ–‡â–†â–†â–…â–…â–„â–„â–ƒâ–ƒâ–‚â–‚â–â–â–â–â–‚â–‚â–ƒâ–ƒâ–„â–„â–…â–…â–†â–†â–‡â–‡â–ˆâ–ˆâ–‡â–‡â–†â–†â–…â–…â–„â–„â–ƒâ–ƒâ–‚â–‚â–â–â–â–â–‚â–‚â–ƒâ–ƒâ–„â–„â–…â–…â–†â–†â–‡â–‡â–ˆâ–ˆâ–‡â–‡â–†â–†â–…â–…â–„â–„â–ƒâ–ƒâ–‚â–‚â–â–â–â–â–‚â–‚â–ƒâ–ƒâ–„
Installing dependencies ...
[2K[1A[2K[1A[2K[Gâ–‡â–‡â–†â–†â–…â–…â–„â–„â–ƒâ–ƒâ–‚â–‚â–â–â–â–â–‚â–‚â–ƒâ–ƒâ–„â–„â–…â–…â–†â–†â–‡â–‡â–ˆâ–ˆâ–‡â–‡â–†â–†â–…â–…â–„â–„â–ƒâ–ƒâ–‚â–‚â–â–â–â–â–‚â–‚â–ƒâ–ƒâ–„â–„â–…â–…â–†â–†â–‡â–‡â–ˆâ–ˆâ–‡â–‡â–†â–†â–…â–…â–„â–„â–ƒâ–ƒâ–‚â–‚â–â–â–â–â–‚â–‚â–ƒâ–ƒ
Installing dependencies ...
[2K[1A[2K[1A[2K[Gâ–ˆâ–‡â–‡â–†â–†â–…â–…â–„â–„â–ƒâ–ƒâ–‚â–‚â–â–â–â–â–‚â–‚â–ƒâ–ƒâ–„â–„â–…â–…â–†â–†â–‡â–‡â–ˆâ–ˆâ–‡â–‡â–†â–†â–…â–…â–„â–„â–ƒâ–ƒâ–‚â–‚â–â–â–â–â–‚â–‚â–ƒâ–ƒâ–„â–„â–…â–…â–†â–†â–‡â–‡â–ˆâ–ˆâ–‡â–‡â–†â–†â–…â–…â–„â–„â–ƒâ–ƒâ–‚â–‚â–â–â–â–â–‚â–‚â–ƒ
Installing dependencies ...
[2K[1A[2K[1A[2K[Gâ–ˆâ–ˆâ–‡â–‡â–†â–†â–…â–…â–„â–„â–ƒâ–ƒâ–‚â–‚â–â–â–â–â–‚â–‚â–ƒâ–ƒâ–„â–„â–…â–…â–†â–†â–‡â–‡â–ˆâ–ˆâ–‡â–‡â–†â–†â–…â–…â–„â–„â–ƒâ–ƒâ–‚â–‚â–â–â–â–â–‚â–‚â–ƒâ–ƒâ–„â–„â–…â–…â–†â–†â–‡â–‡â–ˆâ–ˆâ–‡â–‡â–†â–†â–…â–…â–„â–„â–ƒâ–ƒâ–‚â–‚â–â–â–â–â–‚â–‚
Installing dependencies ...
[2K[1A[2K[1A[2K[Gâ–‡â–ˆâ–ˆâ–‡â–‡â–†â–†â–…â–…â–„â–„â–ƒâ–ƒâ–‚â–‚â–â–â–â–â–‚â–‚â–ƒâ–ƒâ–„â–„â–…â–…â–†â–†â–‡â–‡â–ˆâ–ˆâ–‡â–‡â–†â–†â–…â–…â–„â–„â–ƒâ–ƒâ–‚â–‚â–â–â–â–â–‚â–‚â–ƒâ–ƒâ–„â–„â–…â–…â–†â–†â–‡â–‡â–ˆâ–ˆâ–‡â–‡â–†â–†â–…â–…â–„â–„â–ƒâ–ƒâ–‚â–‚â–â–â–â–â–‚
Installing dependencies ...
[2K[1A[2K[1A[2K[Gâ–‡â–‡â–ˆâ–ˆâ–‡â–‡â–†â–†â–…â–…â–„â–„â–ƒâ–ƒâ–‚â–‚â–â–â–â–â–‚â–‚â–ƒâ–ƒâ–„â–„â–…â–…â–†â–†â–‡â–‡â–ˆâ–ˆâ–‡â–‡â–†â–†â–…â–…â–„â–„â–ƒâ–ƒâ–‚â–‚â–â–â–â–â–‚â–‚â–ƒâ–ƒâ–„â–„â–…â–…â–†â–†â–‡â–‡â–ˆâ–ˆâ–‡â–‡â–†â–†â–…â–…â–„â–„â–ƒâ–ƒâ–‚â–‚â–â–â–â–
Installing dependencies ...
[2K[1A[2K[1A[2K[Gâ–†â–‡â–‡â–ˆâ–ˆâ–‡â–‡â–†â–†â–…â–…â–„â–„â–ƒâ–ƒâ–‚â–‚â–â–â–â–â–‚â–‚â–ƒâ–ƒâ–„â–„â–…â–…â–†â–†â–‡â–‡â–ˆâ–ˆâ–‡â–‡â–†â–†â–…â–…â–„â–„â–ƒâ–ƒâ–‚â–‚â–â–â–â–â–‚â–‚â–ƒâ–ƒâ–„â–„â–…â–…â–†â–†â–‡â–‡â–ˆâ–ˆâ–‡â–‡â–†â–†â–…â–…â–„â–„â–ƒâ–ƒâ–‚â–‚â–â–â–
Installing dependencies ...
[2K[1A[2K[1A[2K[Gâ–†â–†â–‡â–‡â–ˆâ–ˆâ–‡â–‡â–†â–†â–…â–…â–„â–„â–ƒâ–ƒâ–‚â–‚â–â–â–â–â–‚â–‚â–ƒâ–ƒâ–„â–„â–…â–…â–†â–†â–‡â–‡â–ˆâ–ˆâ–‡â–‡â–†â–†â–…â–…â–„â–„â–ƒâ–ƒâ–‚â–‚â–â–â–â–â–‚â–‚â–ƒâ–ƒâ–„â–„â–…â–…â–†â–†â–‡â–‡â–ˆâ–ˆâ–‡â–‡â–†â–†â–…â–…â–„â–„â–ƒâ–ƒâ–‚â–‚â–â–
Installing dependencies ...
[2K[1A[2K[1A[2K[Gâ–…â–†â–†â–‡â–‡â–ˆâ–ˆâ–‡â–‡â–†â–†â–…â–…â–„â–„â–ƒâ–ƒâ–‚â–‚â–â–â–â–â–‚â–‚â–ƒâ–ƒâ–„â–„â–…â–…â–†â–†â–‡â–‡â–ˆâ–ˆâ–‡â–‡â–†â–†â–…â–…â–„â–„â–ƒâ–ƒâ–‚â–‚â–â–â–â–â–‚â–‚â–ƒâ–ƒâ–„â–„â–…â–…â–†â–†â–‡â–‡â–ˆâ–ˆâ–‡â–‡â–†â–†â–…â–…â–„â–„â–ƒâ–ƒâ–‚â–‚â–
Installing dependencies ...
[2K[1A[2K[1A[2K[Gâ–…â–…â–†â–†â–‡â–‡â–ˆâ–ˆâ–‡â–‡â–†â–†â–…â–…â–„â–„â–ƒâ–ƒâ–‚â–‚â–â–â–â–â–‚â–‚â–ƒâ–ƒâ–„â–„â–…â–…â–†â–†â–‡â–‡â–ˆâ–ˆâ–‡â–‡â–†â–†â–…â–…â–„â–„â–ƒâ–ƒâ–‚â–‚â–â–â–â–â–‚â–‚â–ƒâ–ƒâ–„â–„â–…â–…â–†â–†â–‡â–‡â–ˆâ–ˆâ–‡â–‡â–†â–†â–…â–…â–„â–„â–ƒâ–ƒâ–‚â–‚
Installing dependencies ...
[2K[1A[2K[1A[2K[Gâ–„â–…â–…â–†â–†â–‡â–‡â–ˆâ–ˆâ–‡â–‡â–†â–†â–…â–…â–„â–„â–ƒâ–ƒâ–‚â–‚â–â–â–â–â–‚â–‚â–ƒâ–ƒâ–„â–„â–…â–…â–†â–†â–‡â–‡â–ˆâ–ˆâ–‡â–‡â–†â–†â–…â–…â–„â–„â–ƒâ–ƒâ–‚â–‚â–â–â–â–â–‚â–‚â–ƒâ–ƒâ–„â–„â–…â–…â–†â–†â–‡â–‡â–ˆâ–ˆâ–‡â–‡â–†â–†â–…â–…â–„â–„â–ƒâ–ƒâ–‚
Installing dependencies ...
[2K[1A[2K[1A[2K[Gâ–„â–„â–…â–…â–†â–†â–‡â–‡â–ˆâ–ˆâ–‡â–‡â–†â–†â–…â–…â–„â–„â–ƒâ–ƒâ–‚â–‚â–â–â–â–â–‚â–‚â–ƒâ–ƒâ–„â–„â–…â–…â–†â–†â–‡â–‡â–ˆâ–ˆâ–‡â–‡â–†â–†â–…â–…â–„â–„â–ƒâ–ƒâ–‚â–‚â–â–â–â–â–‚â–‚â–ƒâ–ƒâ–„â–„â–…â–…â–†â–†â–‡â–‡â–ˆâ–ˆâ–‡â–‡â–†â–†â–…â–…â–„â–„â–ƒâ–ƒ
Installing dependencies ...
[2K[1A[2K[1A[2K[Gâ–ƒâ–„â–„â–…â–…â–†â–†â–‡â–‡â–ˆâ–ˆâ–‡â–‡â–†â–†â–…â–…â–„â–„â–ƒâ–ƒâ–‚â–‚â–â–â–â–â–‚â–‚â–ƒâ–ƒâ–„â–„â–…â–…â–†â–†â–‡â–‡â–ˆâ–ˆâ–‡â–‡â–†â–†â–…â–…â–„â–„â–ƒâ–ƒâ–‚â–‚â–â–â–â–â–‚â–‚â–ƒâ–ƒâ–„â–„â–…â–…â–†â–†â–‡â–‡â–ˆâ–ˆâ–‡â–‡â–†â–†â–…â–…â–„â–„â–ƒ
Installing dependencies ...
[2K[1A[2K[1A[2K[Gâ–ƒâ–ƒâ–„â–„â–…â–…â–†â–†â–‡â–‡â–ˆâ–ˆâ–‡â–‡â–†â–†â–…â–…â–„â–„â–ƒâ–ƒâ–‚â–‚â–â–â–â–â–‚â–‚â–ƒâ–ƒâ–„â–„â–…â–…â–†â–†â–‡â–‡â–ˆâ–ˆâ–‡â–‡â–†â–†â–…â–…â–„â–„â–ƒâ–ƒâ–‚â–‚â–â–â–â–â–‚â–‚â–ƒâ–ƒâ–„â–„â–…â–…â–†â–†â–‡â–‡â–ˆâ–ˆâ–‡â–‡â–†â–†â–…â–…â–„â–„
Installing dependencies ...
[2K[1A[2K[1A[2K[G
â•­â”€ success â”€â”€â”€â”€â”€â”€â”€â”€â”€â”€â”€â”€â”€â”€â”€â”€â”€â”€â”€â”€â”€â”€â”€â”€â”€â”€â”€â”€â”€â”€â”€â”€â”€â”€â”€â”€â”€â”€â”€â”€â”€â”€â”€â”€â”€â”€â”€â”€â”€â”€â”€â”€â”€â”€â”€â”€â”€â”€â”€â”€â”€â”€â”€â”€â”€â”€â”€â”€â•®
â”‚                                                                              â”‚
â”‚  tokpulse-hydrogen built!                                                    â”‚
â”‚                                                                              â”‚
â•°â”€â”€â”€â”€â”€â”€â”€â”€â”€â”€â”€â”€â”€â”€â”€â”€â”€â”€â”€â”€â”€â”€â”€â”€â”€â”€â”€â”€â”€â”€â”€â”€â”€â”€â”€â”€â”€â”€â”€â”€â”€â”€â”€â”€â”€â”€â”€â”€â”€â”€â”€â”€â”€â”€â”€â”€â”€â”€â”€â”€â”€â”€â”€â”€â”€â”€â”€â”€â”€â”€â”€â”€â”€â”€â”€â”€â”€â”€â•¯

